Building DAG of jobs...
Using shell: /usr/bin/bash
Provided cores: 30
Rules claiming more threads will be scaled down.
Job stats:
job                count
---------------  -------
sv_som_gasoline        1
total                  1

Select jobs to execute...

[Thu Feb 29 17:30:16 2024]
rule sv_som_gasoline:
    input: /data2/gmattei/SimulatedSV/Alignments/pbsim.ont.simulated.SV.1k.and.normal.reads.5.0x.srt.bam, /data2/mbaragli/python_app/app_python/work_dir/nonamarmi, /data2/utility/references/genomics/hs37d5.decoy.fa, /data2/gmattei/SimulatedSV/Alignments/pbsim.ont.ngmlr.simulated.SV.1k.and.normal.reads.5.0x.srt.bam
    output: /data2/mbaragli/python_app/app_python/work_dir/nonamarmi/sv/nonamarmi_gasoline/gasoline_final.vcf
    jobid: 0
    reason: Missing output files: /data2/mbaragli/python_app/app_python/work_dir/nonamarmi/sv/nonamarmi_gasoline/gasoline_final.vcf
    wildcards: sample=nonamarmi
    resources: tmpdir=/tmp


            cd /data2/mbaragli/tools/GASOLINE_1.1/
            perl GASOLINEParse.pl -B /data2/gmattei/SimulatedSV/Alignments/pbsim.ont.ngmlr.simulated.SV.1k.and.normal.reads.5.0x.srt.bam -L Control -O /data2/mbaragli/python_app/app_python/work_dir/nonamarmi/sv/nonamarmi_gasoline/control -R hg19  
            perl GASOLINEGermlineDetector.pl -B /data2/gmattei/SimulatedSV/Alignments/pbsim.ont.ngmlr.simulated.SV.1k.and.normal.reads.5.0x.srt.bam -L Control -O /data2/mbaragli/python_app/app_python/work_dir/nonamarmi/sv/nonamarmi_gasoline/control  -NT 30    
            perl GASOLINEParse.pl -B /data2/gmattei/SimulatedSV/Alignments/pbsim.ont.simulated.SV.1k.and.normal.reads.5.0x.srt.bam -L Test -O /data2/mbaragli/python_app/app_python/work_dir/nonamarmi/sv/nonamarmi_gasoline/test -R hg19  
            perl GASOLINESomaticDetector.pl -BT /data2/gmattei/SimulatedSV/Alignments/pbsim.ont.simulated.SV.1k.and.normal.reads.5.0x.srt.bam -BC /data2/gmattei/SimulatedSV/Alignments/pbsim.ont.ngmlr.simulated.SV.1k.and.normal.reads.5.0x.srt.bam -LT Test -LC Control -LS TestControl -OT /data2/mbaragli/python_app/app_python/work_dir/nonamarmi/sv/nonamarmi_gasoline/test -OC /data2/mbaragli/python_app/app_python/work_dir/nonamarmi/sv/nonamarmi_gasoline/control -OS /data2/mbaragli/python_app/app_python/work_dir/nonamarmi/sv/nonamarmi_gasoline/comparison  -NT 30    
            perl GASOLINESomaticVCFCreate.pl -LT Test -LC Control -LS TestControl -IS /data2/mbaragli/python_app/app_python/work_dir/nonamarmi/sv/nonamarmi_gasoline/comparison -OS /data2/mbaragli/python_app/app_python/work_dir/nonamarmi/sv/nonamarmi_gasoline/gasoline_final.vcf -RA hg19 -FR /data2/utility/references/genomics/hs37d5.decoy.fa       
            
Waiting at most 5 seconds for missing files.
MissingOutputException in rule sv_som_gasoline in file /data2/mbaragli/python_app/app_python/Snakefile, line 295:
Job 0 completed successfully, but some output files are missing. Missing files after 5 seconds. This might be due to filesystem latency. If that is the case, consider to increase the wait time with --latency-wait:
/data2/mbaragli/python_app/app_python/work_dir/nonamarmi/sv/nonamarmi_gasoline/gasoline_final.vcf
Shutting down, this might take some time.
Exiting because a job execution failed. Look above for error message
Complete log: .snakemake/log/2024-02-29T173014.392090.snakemake.log
