Building DAG of jobs...
Retrieving input from storage.
Using shell: /usr/bin/bash
Provided cores: 1 (use --cores to define parallelism)
Rules claiming more threads will be scaled down.
Job stats:
job             count
------------  -------
snv_longshot        1
sv_cutesv           1
sv_sniffles         1
sv_svim             1
total               4

Select jobs to execute...
Execute 1 jobs...

[Fri Feb  9 16:23:28 2024]
localrule sv_svim:
    input: /data2/utility/references/genomics/hs37d5.decoy.fa, /data2/mbaragli/Meyer/alignment/Meyer_04072023_opnfast5_merged_sorted.bam, /data2/mbaragli/Meyer/alignment/Meyer_04072023_opnfast5_merged_sorted.bam.bai
    output: /data2/mbaragli/python_app/app_python/work_dir/PROVA/sv/PROVA_svim
    jobid: 0
    reason: Missing output files: /data2/mbaragli/python_app/app_python/work_dir/PROVA/sv/PROVA_svim
    wildcards: sample=PROVA
    resources: tmpdir=/tmp

Activating conda environment: svim_cutesv
[Fri Feb  9 16:23:36 2024]
Finished job 0.
1 of 4 steps (25%) done
Select jobs to execute...
Execute 1 jobs...

[Fri Feb  9 16:23:36 2024]
localrule sv_sniffles:
    input: /data2/utility/references/genomics/hs37d5.decoy.fa, /data2/mbaragli/Meyer/alignment/Meyer_04072023_opnfast5_merged_sorted.bam, /data2/mbaragli/Meyer/alignment/Meyer_04072023_opnfast5_merged_sorted.bam.bai
    output: /data2/mbaragli/python_app/app_python/work_dir/PROVA/sv/PROVA_sniffles.vcf
    jobid: 3
    reason: Missing output files: /data2/mbaragli/python_app/app_python/work_dir/PROVA/sv/PROVA_sniffles.vcf
    wildcards: sample=PROVA
    resources: tmpdir=/tmp

Activating conda environment: sniffles2
[Fri Feb  9 16:23:50 2024]
Finished job 3.
2 of 4 steps (50%) done
Select jobs to execute...
Execute 1 jobs...

[Fri Feb  9 16:23:50 2024]
localrule sv_cutesv:
    input: /data2/utility/references/genomics/hs37d5.decoy.fa, /data2/mbaragli/Meyer/alignment/Meyer_04072023_opnfast5_merged_sorted.bam, /data2/mbaragli/Meyer/alignment/Meyer_04072023_opnfast5_merged_sorted.bam.bai, /data2/mbaragli/python_app/app_python/work_dir/PROVA
    output: /data2/mbaragli/python_app/app_python/work_dir/PROVA/sv/PROVA_cutesv.vcf
    jobid: 1
    reason: Missing output files: /data2/mbaragli/python_app/app_python/work_dir/PROVA/sv/PROVA_cutesv.vcf
    wildcards: sample=PROVA
    resources: tmpdir=/tmp

Activating conda environment: svim_cutesv
[Fri Feb  9 16:38:04 2024]
Finished job 1.
3 of 4 steps (75%) done
Select jobs to execute...
Execute 1 jobs...

[Fri Feb  9 16:38:04 2024]
localrule snv_longshot:
    input: /data2/utility/references/genomics/hs37d5.decoy.fa, /data2/mbaragli/Meyer/alignment/Meyer_04072023_opnfast5_merged_sorted.bam, /data2/mbaragli/Meyer/alignment/Meyer_04072023_opnfast5_merged_sorted.bam.bai
    output: /data2/mbaragli/python_app/app_python/work_dir/PROVA/snv/PROVA_longshot.vcf
    jobid: 2
    reason: Missing output files: /data2/mbaragli/python_app/app_python/work_dir/PROVA/snv/PROVA_longshot.vcf
    wildcards: sample=PROVA
    resources: tmpdir=/tmp

Activating conda environment: longshot2
[Fri Feb  9 16:38:22 2024]
Finished job 2.
4 of 4 steps (100%) done
Complete log: .snakemake/log/2024-02-09T162328.837877.snakemake.log
