Building DAG of jobs...
Retrieving input from storage.
Using shell: /usr/bin/bash
Provided cores: 30
Rules claiming more threads will be scaled down.
Job stats:
job               count
--------------  -------
snv_clair3            1
snv_longshot          1
snv_nanocaller        1
sv_cutesv             1
sv_sniffles           1
sv_svim               1
total                 6

Select jobs to execute...
Execute 6 jobs...

[Tue Feb 20 10:13:50 2024]
localrule snv_clair3:
    input: /data2/utility/references/genomics/hs37d5.decoy.fa, /data2/mbaragli/Meyer/alignment/Meyer_04072023_opnfast5_merged_sorted.bam, /data2/mbaragli/Meyer/alignment/Meyer_04072023_opnfast5_merged_sorted.bam.bai
    output: /data2/mbaragli/python_app/app_python/work_dir/no_del_20022024/snv/no_del_20022024_clair3
    jobid: 5
    reason: Missing output files: /data2/mbaragli/python_app/app_python/work_dir/no_del_20022024/snv/no_del_20022024_clair3
    wildcards: sample=no_del_20022024
    resources: tmpdir=/tmp

Activating conda environment: nano_clair3

[Tue Feb 20 10:13:50 2024]
localrule sv_svim:
    input: /data2/utility/references/genomics/hs37d5.decoy.fa, /data2/mbaragli/Meyer/alignment/Meyer_04072023_opnfast5_merged_sorted.bam, /data2/mbaragli/Meyer/alignment/Meyer_04072023_opnfast5_merged_sorted.bam.bai
    output: /data2/mbaragli/python_app/app_python/work_dir/no_del_20022024/sv/no_del_20022024_svim
    jobid: 1
    reason: Missing output files: /data2/mbaragli/python_app/app_python/work_dir/no_del_20022024/sv/no_del_20022024_svim
    wildcards: sample=no_del_20022024
    resources: tmpdir=/tmp

Activating conda environment: svim_cutesv

[Tue Feb 20 10:13:50 2024]
localrule sv_sniffles:
    input: /data2/utility/references/genomics/hs37d5.decoy.fa, /data2/mbaragli/Meyer/alignment/Meyer_04072023_opnfast5_merged_sorted.bam, /data2/mbaragli/Meyer/alignment/Meyer_04072023_opnfast5_merged_sorted.bam.bai
    output: /data2/mbaragli/python_app/app_python/work_dir/no_del_20022024/sv/no_del_20022024_sniffles.vcf
    jobid: 4
    reason: Missing output files: /data2/mbaragli/python_app/app_python/work_dir/no_del_20022024/sv/no_del_20022024_sniffles.vcf
    wildcards: sample=no_del_20022024
    resources: tmpdir=/tmp

Activating conda environment: sniffles2

[Tue Feb 20 10:13:50 2024]
localrule snv_longshot:
    input: /data2/utility/references/genomics/hs37d5.decoy.fa, /data2/mbaragli/Meyer/alignment/Meyer_04072023_opnfast5_merged_sorted.bam, /data2/mbaragli/Meyer/alignment/Meyer_04072023_opnfast5_merged_sorted.bam.bai
    output: /data2/mbaragli/python_app/app_python/work_dir/no_del_20022024/snv/no_del_20022024_longshot.vcf
    jobid: 3
    reason: Missing output files: /data2/mbaragli/python_app/app_python/work_dir/no_del_20022024/snv/no_del_20022024_longshot.vcf
    wildcards: sample=no_del_20022024
    resources: tmpdir=/tmp

Activating conda environment: longshot2

[Tue Feb 20 10:13:50 2024]
localrule snv_nanocaller:
    input: /data2/utility/references/genomics/hs37d5.decoy.fa, /data2/mbaragli/Meyer/alignment/Meyer_04072023_opnfast5_merged_sorted.bam, /data2/mbaragli/Meyer/alignment/Meyer_04072023_opnfast5_merged_sorted.bam.bai
    output: /data2/mbaragli/python_app/app_python/work_dir/no_del_20022024/snv/no_del_20022024_nanocaller
    jobid: 0
    reason: Missing output files: /data2/mbaragli/python_app/app_python/work_dir/no_del_20022024/snv/no_del_20022024_nanocaller
    wildcards: sample=no_del_20022024
    resources: tmpdir=/tmp

Activating conda environment: nano_clair3

[Tue Feb 20 10:13:50 2024]
localrule sv_cutesv:
    input: /data2/utility/references/genomics/hs37d5.decoy.fa, /data2/mbaragli/Meyer/alignment/Meyer_04072023_opnfast5_merged_sorted.bam, /data2/mbaragli/Meyer/alignment/Meyer_04072023_opnfast5_merged_sorted.bam.bai, /data2/mbaragli/python_app/app_python/work_dir/no_del_20022024
    output: /data2/mbaragli/python_app/app_python/work_dir/no_del_20022024/sv/no_del_20022024_cutesv.vcf
    jobid: 2
    reason: Missing output files: /data2/mbaragli/python_app/app_python/work_dir/no_del_20022024/sv/no_del_20022024_cutesv.vcf
    wildcards: sample=no_del_20022024
    resources: tmpdir=/tmp

Activating conda environment: svim_cutesv
[Tue Feb 20 10:14:02 2024]
Finished job 1.
1 of 6 steps (17%) done
[Tue Feb 20 10:14:05 2024]
Finished job 4.
2 of 6 steps (33%) done
Terminating processes on user request, this might take some time.
[Tue Feb 20 10:14:23 2024]
[Tue Feb 20 10:14:23 2024]
Error in rule snv_clair3:
    jobid: 5
    input: /data2/utility/references/genomics/hs37d5.decoy.fa, /data2/mbaragli/Meyer/alignment/Meyer_04072023_opnfast5_merged_sorted.bam, /data2/mbaragli/Meyer/alignment/Meyer_04072023_opnfast5_merged_sorted.bam.bai
    output: /data2/mbaragli/python_app/app_python/work_dir/no_del_20022024/snv/no_del_20022024_clair3
    conda-env: nano_clair3
    shell:
        /data2/mbaragli/tools/Clair3/run_clair3.sh --bam_fn=/data2/mbaragli/Meyer/alignment/Meyer_04072023_opnfast5_merged_sorted.bam --ref_fn=/data2/utility/references/genomics/hs37d5.decoy.fa --output=/data2/mbaragli/python_app/app_python/work_dir/no_del_20022024/snv/no_del_20022024_clair3 --threads=30 --platform=ont --model_path /data2/mbaragli/tools/Clair3/clair_models/r941_prom_sup_g5014      
        (one of the commands exited with non-zero exit code; note that snakemake uses bash strict mode!)

Error in rule snv_longshot:
    jobid: 3
    input: /data2/utility/references/genomics/hs37d5.decoy.fa, /data2/mbaragli/Meyer/alignment/Meyer_04072023_opnfast5_merged_sorted.bam, /data2/mbaragli/Meyer/alignment/Meyer_04072023_opnfast5_merged_sorted.bam.bai
    output: /data2/mbaragli/python_app/app_python/work_dir/no_del_20022024/snv/no_del_20022024_longshot.vcf
    conda-env: longshot2
    shell:
        longshot        --bam /data2/mbaragli/Meyer/alignment/Meyer_04072023_opnfast5_merged_sorted.bam --ref /data2/utility/references/genomics/hs37d5.decoy.fa --out /data2/mbaragli/python_app/app_python/work_dir/no_del_20022024/snv/no_del_20022024_longshot.vcf
        (one of the commands exited with non-zero exit code; note that snakemake uses bash strict mode!)

