Building DAG of jobs...
Using shell: /usr/bin/bash
Provided cores: 1 (use --cores to define parallelism)
Rules claiming more threads will be scaled down.
Job stats:
job               count
--------------  -------
snv_longshot          1
snv_nanocaller        1
sv_sniffles           1
sv_svim               1
total                 4

Select jobs to execute...

[Mon Jan 29 16:58:44 2024]
rule sv_svim:
    input: /data2/mbaragli/python_app/pipeline_snakemake/data/genome.fa, /data2/mbaragli/python_app/app_python/work_dir/sorted_reads/PINOLO_sorted.bam, /data2/mbaragli/python_app/app_python/work_dir/sorted_reads/PINOLO_sorted.bam.bai
    output: /data2/mbaragli/python_app/app_python/work_dir/sv/PINOLO_svim
    jobid: 4
    reason: Missing output files: /data2/mbaragli/python_app/app_python/work_dir/sv/PINOLO_svim
    wildcards: sample=PINOLO
    resources: tmpdir=/tmp

Activating conda environment: svim_cutesv
[Mon Jan 29 16:58:44 2024]
Error in rule sv_svim:
    jobid: 4
    input: /data2/mbaragli/python_app/pipeline_snakemake/data/genome.fa, /data2/mbaragli/python_app/app_python/work_dir/sorted_reads/PINOLO_sorted.bam, /data2/mbaragli/python_app/app_python/work_dir/sorted_reads/PINOLO_sorted.bam.bai
    output: /data2/mbaragli/python_app/app_python/work_dir/sv/PINOLO_svim
    conda-env: svim_cutesv
    shell:
        svim alignment --min_mapq 99 --min_sv_size 99 --max_sv_size 999999 --skip_genotyping True --minimum_score 9 --minimum_depth 9  /data2/mbaragli/python_app/app_python/work_dir/sv/PINOLO_svim /data2/mbaragli/python_app/app_python/work_dir/sorted_reads/PINOLO_sorted.bam /data2/mbaragli/python_app/pipeline_snakemake/data/genome.fa
        (one of the commands exited with non-zero exit code; note that snakemake uses bash strict mode!)

Shutting down, this might take some time.
Exiting because a job execution failed. Look above for error message
Complete log: .snakemake/log/2024-01-29T165843.416366.snakemake.log
