Building DAG of jobs...
Retrieving input from storage.
Using shell: /usr/bin/bash
Provided cores: 1 (use --cores to define parallelism)
Rules claiming more threads will be scaled down.
Job stats:
job               count
--------------  -------
samtools_copy         1
samtools_index        1
total                 2

Select jobs to execute...
Execute 1 jobs...

[Thu Feb  1 09:08:43 2024]
localrule samtools_copy:
    input: /data2/mbaragli/python_app/app_python/work_dir/data/samples/A.fastq
    output: /data2/mbaragli/python_app/app_python/work_dir/sorted_reads/CUOCO_sorted.bam
    jobid: 1
    reason: Missing output files: /data2/mbaragli/python_app/app_python/work_dir/sorted_reads/CUOCO_sorted.bam
    wildcards: sample=CUOCO
    resources: tmpdir=/tmp

[Thu Feb  1 09:08:44 2024]
Finished job 1.
1 of 2 steps (50%) done
Select jobs to execute...
Execute 1 jobs...

[Thu Feb  1 09:08:44 2024]
localrule samtools_index:
    input: /data2/mbaragli/python_app/app_python/work_dir/sorted_reads/CUOCO_sorted.bam
    output: /data2/mbaragli/python_app/app_python/work_dir/sorted_reads/CUOCO_sorted.bam.bai
    jobid: 0
    reason: Missing output files: /data2/mbaragli/python_app/app_python/work_dir/sorted_reads/CUOCO_sorted.bam.bai; Input files updated by another job: /data2/mbaragli/python_app/app_python/work_dir/sorted_reads/CUOCO_sorted.bam
    wildcards: sample=CUOCO
    resources: tmpdir=/tmp

[Thu Feb  1 09:08:44 2024]
Error in rule samtools_index:
    jobid: 0
    input: /data2/mbaragli/python_app/app_python/work_dir/sorted_reads/CUOCO_sorted.bam
    output: /data2/mbaragli/python_app/app_python/work_dir/sorted_reads/CUOCO_sorted.bam.bai
    shell:
        samtools index  /data2/mbaragli/python_app/app_python/work_dir/sorted_reads/CUOCO_sorted.bam
        (one of the commands exited with non-zero exit code; note that snakemake uses bash strict mode!)

Shutting down, this might take some time.
Exiting because a job execution failed. Look above for error message
Complete log: .snakemake/log/2024-02-01T090843.569249.snakemake.log
WorkflowError:
At least one job did not complete successfully.
