Building DAG of jobs...
Using shell: /usr/bin/bash
Provided cores: 1 (use --cores to define parallelism)
Rules claiming more threads will be scaled down.
Job stats:
job            count
-----------  -------
dorado_alig        1
total              1

Select jobs to execute...

[Fri Mar 22 10:37:31 2024]
rule dorado_alig:
    input: /data2/gmattei/Banella/NanoporeFLT3/Runs/Dimeo_FLT3pos_11032024/20240311_1524_P2S-00775-B_PAU82037_9e2943bd/pod5
    output: /data2/mbaragli/NanoporeFLT3/Dimeo_FLT3/mapped_reads/Dimeo_FLT3.bam
    jobid: 0
    reason: Missing output files: /data2/mbaragli/NanoporeFLT3/Dimeo_FLT3/mapped_reads/Dimeo_FLT3.bam
    wildcards: sample=Dimeo_FLT3
    resources: tmpdir=/data2/mbaragli/.RTmpDir

/data1/Tools/lib/dorado-0.5.0-linux-x64/bin/dorado basecaller dna_r10.4.1_e8.2_400bps_sup@v4.3.0 /data2/gmattei/Banella/NanoporeFLT3/Runs/Dimeo_FLT3pos_11032024/20240311_1524_P2S-00775-B_PAU82037_9e2943bd/pod5 --device cuda:all --modified-bases 5mC_5hmC  --reference /data2/utility/references/genomics/Homo_sapiens_assembly38.fasta > /data2/mbaragli/NanoporeFLT3/Dimeo_FLT3/mapped_reads/Dimeo_FLT3.bam
[Fri Mar 22 10:37:36 2024]
Error in rule dorado_alig:
    jobid: 0
    input: /data2/gmattei/Banella/NanoporeFLT3/Runs/Dimeo_FLT3pos_11032024/20240311_1524_P2S-00775-B_PAU82037_9e2943bd/pod5
    output: /data2/mbaragli/NanoporeFLT3/Dimeo_FLT3/mapped_reads/Dimeo_FLT3.bam
    shell:
        /data1/Tools/lib/dorado-0.5.0-linux-x64/bin/dorado basecaller dna_r10.4.1_e8.2_400bps_sup@v4.3.0 /data2/gmattei/Banella/NanoporeFLT3/Runs/Dimeo_FLT3pos_11032024/20240311_1524_P2S-00775-B_PAU82037_9e2943bd/pod5 --device cuda:all --modified-bases 5mC_5hmC  --reference /data2/utility/references/genomics/Homo_sapiens_assembly38.fasta > /data2/mbaragli/NanoporeFLT3/Dimeo_FLT3/mapped_reads/Dimeo_FLT3.bam
        (one of the commands exited with non-zero exit code; note that snakemake uses bash strict mode!)

Removing output files of failed job dorado_alig since they might be corrupted:
/data2/mbaragli/NanoporeFLT3/Dimeo_FLT3/mapped_reads/Dimeo_FLT3.bam
Exiting because a job execution failed. Look above for error message
Complete log: .snakemake/log/2024-03-22T103731.051195.snakemake.log
