Building DAG of jobs...
Retrieving input from storage.
Using shell: /usr/bin/bash
Provided cores: 1 (use --cores to define parallelism)
Rules claiming more threads will be scaled down.
Job stats:
job             count
------------  -------
snv_longshot        1
sv_sniffles         1
total               2

Select jobs to execute...
Execute 1 jobs...

[Fri Feb  9 15:44:37 2024]
localrule snv_longshot:
    input: /data2/utility/references/genomics/hs37d5.decoy.fa, /data2/mbaragli/Meyer/alignment/Meyer_04072023_opnfast5_merged_sorted.bam, /data2/mbaragli/Meyer/alignment/Meyer_04072023_opnfast5_merged_sorted.bam.bai
    output: /data2/mbaragli/python_app/app_python/work_dir/CARLONE/snv/CARLONE_longshot.vcf
    jobid: 1
    reason: Missing output files: /data2/mbaragli/python_app/app_python/work_dir/CARLONE/snv/CARLONE_longshot.vcf
    wildcards: sample=CARLONE
    resources: tmpdir=/tmp

Activating conda environment: longshot2
[Fri Feb  9 15:44:55 2024]
Finished job 1.
1 of 2 steps (50%) done
Select jobs to execute...
Execute 1 jobs...

[Fri Feb  9 15:44:55 2024]
localrule sv_sniffles:
    input: /data2/utility/references/genomics/hs37d5.decoy.fa, /data2/mbaragli/Meyer/alignment/Meyer_04072023_opnfast5_merged_sorted.bam, /data2/mbaragli/Meyer/alignment/Meyer_04072023_opnfast5_merged_sorted.bam.bai
    output: /data2/mbaragli/python_app/app_python/work_dir/CARLONE/sv/CARLONE_sniffles.vcf
    jobid: 0
    reason: Missing output files: /data2/mbaragli/python_app/app_python/work_dir/CARLONE/sv/CARLONE_sniffles.vcf
    wildcards: sample=CARLONE
    resources: tmpdir=/tmp

Activating conda environment: sniffles2
[Fri Feb  9 15:45:09 2024]
Finished job 0.
2 of 2 steps (100%) done
Complete log: .snakemake/log/2024-02-09T154437.875620.snakemake.log
