Building DAG of jobs...
Retrieving input from storage.
Using shell: /usr/bin/bash
Provided cores: 10
Rules claiming more threads will be scaled down.
Job stats:
job           count
----------  -------
snv_clair3        1
total             1

Select jobs to execute...
Execute 1 jobs...

[Fri Feb 16 12:41:28 2024]
localrule snv_clair3:
    input: /data2/utility/references/genomics/hs37d5.decoy.fa, /data2/mbaragli/Meyer/alignment/Meyer_04072023_merged_sorted.bam, /data2/mbaragli/Meyer/alignment/Meyer_04072023_merged_sorted.bam.bai
    output: /data2/mbaragli/python_app/app_python/work_dir/magi/snv/magi_clair3
    jobid: 0
    reason: Missing output files: /data2/mbaragli/python_app/app_python/work_dir/magi/snv/magi_clair3
    wildcards: sample=magi
    resources: tmpdir=/tmp

Activating conda environment: nano_clair3
Terminating processes on user request, this might take some time.
[Fri Feb 16 12:47:34 2024]
Error in rule snv_clair3:
    jobid: 0
    input: /data2/utility/references/genomics/hs37d5.decoy.fa, /data2/mbaragli/Meyer/alignment/Meyer_04072023_merged_sorted.bam, /data2/mbaragli/Meyer/alignment/Meyer_04072023_merged_sorted.bam.bai
    output: /data2/mbaragli/python_app/app_python/work_dir/magi/snv/magi_clair3
    conda-env: nano_clair3
    shell:
        /data2/mbaragli/tools/Clair3/run_clair3.sh --bam_fn=/data2/mbaragli/Meyer/alignment/Meyer_04072023_merged_sorted.bam --ref_fn=/data2/utility/references/genomics/hs37d5.decoy.fa --output=/data2/mbaragli/python_app/app_python/work_dir/magi/snv/magi_clair3 --threads=10 --platform=ont --model_path /data2/mbaragli/tools/Clair3/clair_models/r941_prom_sup_g5014      
        (one of the commands exited with non-zero exit code; note that snakemake uses bash strict mode!)

Complete log: .snakemake/log/2024-02-16T124128.585965.snakemake.log
WorkflowError:
At least one job did not complete successfully.
