Building DAG of jobs...
Retrieving input from storage.
Using shell: /usr/bin/bash
Provided cores: 30
Rules claiming more threads will be scaled down.
Job stats:
job                    count
-------------------  -------
snv_clair3                 1
snv_clair3_vep             1
snv_longshot               1
snv_longshot_vep           1
snv_nanocaller             1
snv_nanocaller_vep         1
sv_cutesv                  1
sv_cutesv_annotsv          1
sv_sniffles                1
sv_sniffles_annotsv        1
sv_svim                    1
sv_svim_annotsv            1
total                     12

Select jobs to execute...
Execute 6 jobs...

[Fri Feb 23 10:15:24 2024]
localrule snv_longshot:
    input: /data2/utility/references/genomics/hs37d5.decoy.fa, /data2/mbaragli/Meyer/alignment/Meyer_04072023_opnfast5_merged_sorted.bam, /data2/mbaragli/Meyer/alignment/Meyer_04072023_opnfast5_merged_sorted.bam.bai
    output: /data2/mbaragli/python_app/app_python/work_dir/no_del_23022024/snv/no_del_23022024_longshot.vcf
    jobid: 1
    reason: Missing output files: /data2/mbaragli/python_app/app_python/work_dir/no_del_23022024/snv/no_del_23022024_longshot.vcf
    wildcards: sample=no_del_23022024
    resources: tmpdir=/tmp

Activating conda environment: longshot2

[Fri Feb 23 10:15:25 2024]
localrule sv_sniffles:
    input: /data2/utility/references/genomics/hs37d5.decoy.fa, /data2/mbaragli/Meyer/alignment/Meyer_04072023_opnfast5_merged_sorted.bam, /data2/mbaragli/Meyer/alignment/Meyer_04072023_opnfast5_merged_sorted.bam.bai
    output: /data2/mbaragli/python_app/app_python/work_dir/no_del_23022024/sv/no_del_23022024_sniffles.vcf
    jobid: 5
    reason: Missing output files: /data2/mbaragli/python_app/app_python/work_dir/no_del_23022024/sv/no_del_23022024_sniffles.vcf
    wildcards: sample=no_del_23022024
    resources: tmpdir=/tmp

Activating conda environment: sniffles2

[Fri Feb 23 10:15:25 2024]
localrule sv_cutesv:
    input: /data2/utility/references/genomics/hs37d5.decoy.fa, /data2/mbaragli/Meyer/alignment/Meyer_04072023_opnfast5_merged_sorted.bam, /data2/mbaragli/Meyer/alignment/Meyer_04072023_opnfast5_merged_sorted.bam.bai, /data2/mbaragli/python_app/app_python/work_dir/no_del_23022024
    output: /data2/mbaragli/python_app/app_python/work_dir/no_del_23022024/sv/no_del_23022024_cutesv.vcf
    jobid: 7
    reason: Missing output files: /data2/mbaragli/python_app/app_python/work_dir/no_del_23022024/sv/no_del_23022024_cutesv.vcf
    wildcards: sample=no_del_23022024
    resources: tmpdir=/tmp

Activating conda environment: svim_cutesv

[Fri Feb 23 10:15:25 2024]
localrule sv_svim:
    input: /data2/utility/references/genomics/hs37d5.decoy.fa, /data2/mbaragli/Meyer/alignment/Meyer_04072023_opnfast5_merged_sorted.bam, /data2/mbaragli/Meyer/alignment/Meyer_04072023_opnfast5_merged_sorted.bam.bai
    output: /data2/mbaragli/python_app/app_python/work_dir/no_del_23022024/sv/no_del_23022024_svim
    jobid: 9
    reason: Missing output files: /data2/mbaragli/python_app/app_python/work_dir/no_del_23022024/sv/no_del_23022024_svim
    wildcards: sample=no_del_23022024
    resources: tmpdir=/tmp

Activating conda environment: svim_cutesv

[Fri Feb 23 10:15:25 2024]
localrule snv_clair3:
    input: /data2/utility/references/genomics/hs37d5.decoy.fa, /data2/mbaragli/Meyer/alignment/Meyer_04072023_opnfast5_merged_sorted.bam, /data2/mbaragli/Meyer/alignment/Meyer_04072023_opnfast5_merged_sorted.bam.bai
    output: /data2/mbaragli/python_app/app_python/work_dir/no_del_23022024/snv/no_del_23022024_clair3
    jobid: 11
    reason: Missing output files: /data2/mbaragli/python_app/app_python/work_dir/no_del_23022024/snv/no_del_23022024_clair3
    wildcards: sample=no_del_23022024
    resources: tmpdir=/tmp

Activating conda environment: nano_clair3

[Fri Feb 23 10:15:25 2024]
localrule snv_nanocaller:
    input: /data2/utility/references/genomics/hs37d5.decoy.fa, /data2/mbaragli/Meyer/alignment/Meyer_04072023_opnfast5_merged_sorted.bam, /data2/mbaragli/Meyer/alignment/Meyer_04072023_opnfast5_merged_sorted.bam.bai
    output: /data2/mbaragli/python_app/app_python/work_dir/no_del_23022024/snv/no_del_23022024_nanocaller
    jobid: 3
    reason: Missing output files: /data2/mbaragli/python_app/app_python/work_dir/no_del_23022024/snv/no_del_23022024_nanocaller
    wildcards: sample=no_del_23022024
    resources: tmpdir=/tmp

Activating conda environment: nano_clair3
[Fri Feb 23 10:15:32 2024]
Finished job 9.
1 of 12 steps (8%) done
Select jobs to execute...
Execute 1 jobs...

[Fri Feb 23 10:15:32 2024]
localrule sv_svim_annotsv:
    input: /data2/mbaragli/python_app/app_python/work_dir/no_del_23022024/sv/no_del_23022024_svim
    output: /data2/mbaragli/python_app/app_python/work_dir/no_del_23022024/sv/no_del_23022024_svim_annotsv.tsv
    jobid: 8
    reason: Missing output files: /data2/mbaragli/python_app/app_python/work_dir/no_del_23022024/sv/no_del_23022024_svim_annotsv.tsv; Input files updated by another job: /data2/mbaragli/python_app/app_python/work_dir/no_del_23022024/sv/no_del_23022024_svim
    wildcards: sample=no_del_23022024
    resources: tmpdir=/tmp

[Fri Feb 23 10:15:36 2024]
Finished job 8.
2 of 12 steps (17%) done
[Fri Feb 23 10:15:38 2024]
Finished job 5.
3 of 12 steps (25%) done
Select jobs to execute...
Execute 1 jobs...

[Fri Feb 23 10:15:38 2024]
localrule sv_sniffles_annotsv:
    input: /data2/mbaragli/python_app/app_python/work_dir/no_del_23022024/sv/no_del_23022024_sniffles.vcf
    output: /data2/mbaragli/python_app/app_python/work_dir/no_del_23022024/sv/no_del_23022024_sniffles_annotsv.tsv
    jobid: 4
    reason: Missing output files: /data2/mbaragli/python_app/app_python/work_dir/no_del_23022024/sv/no_del_23022024_sniffles_annotsv.tsv; Input files updated by another job: /data2/mbaragli/python_app/app_python/work_dir/no_del_23022024/sv/no_del_23022024_sniffles.vcf
    wildcards: sample=no_del_23022024
    resources: tmpdir=/tmp

[Fri Feb 23 10:15:41 2024]
Finished job 4.
4 of 12 steps (33%) done
[Fri Feb 23 10:15:46 2024]
Finished job 1.
5 of 12 steps (42%) done
Select jobs to execute...
Execute 1 jobs...

[Fri Feb 23 10:15:46 2024]
localrule snv_longshot_vep:
    input: /data2/mbaragli/python_app/app_python/work_dir/no_del_23022024/snv/no_del_23022024_longshot.vcf
    output: /data2/mbaragli/python_app/app_python/work_dir/no_del_23022024/snv/no_del_23022024_longshot_vep.vcf
    jobid: 0
    reason: Missing output files: /data2/mbaragli/python_app/app_python/work_dir/no_del_23022024/snv/no_del_23022024_longshot_vep.vcf; Input files updated by another job: /data2/mbaragli/python_app/app_python/work_dir/no_del_23022024/snv/no_del_23022024_longshot.vcf
    wildcards: sample=no_del_23022024
    resources: tmpdir=/tmp

Activating conda environment: vep
[Fri Feb 23 10:30:04 2024]
Finished job 7.
6 of 12 steps (50%) done
Select jobs to execute...
Execute 1 jobs...

[Fri Feb 23 10:30:04 2024]
localrule sv_cutesv_annotsv:
    input: /data2/mbaragli/python_app/app_python/work_dir/no_del_23022024/sv/no_del_23022024_cutesv.vcf
    output: /data2/mbaragli/python_app/app_python/work_dir/no_del_23022024/sv/no_del_23022024_cutesv_annotsv.tsv
    jobid: 6
    reason: Missing output files: /data2/mbaragli/python_app/app_python/work_dir/no_del_23022024/sv/no_del_23022024_cutesv_annotsv.tsv; Input files updated by another job: /data2/mbaragli/python_app/app_python/work_dir/no_del_23022024/sv/no_del_23022024_cutesv.vcf
    wildcards: sample=no_del_23022024
    resources: tmpdir=/tmp

Waiting at most 5 seconds for missing files.
MissingOutputException in rule sv_cutesv_annotsv in file /data2/mbaragli/python_app/app_python/Snakefile, line 278:
Job 6  completed successfully, but some output files are missing. Missing files after 5 seconds. This might be due to filesystem latency. If that is the case, consider to increase the wait time with --latency-wait:
/data2/mbaragli/python_app/app_python/work_dir/no_del_23022024/sv/no_del_23022024_cutesv_annotsv.tsv
[Fri Feb 23 10:32:18 2024]
Finished job 11.
7 of 12 steps (58%) done
[Fri Feb 23 10:34:07 2024]
Finished job 0.
8 of 12 steps (67%) done
[Fri Feb 23 12:01:50 2024]
Finished job 3.
9 of 12 steps (75%) done
Shutting down, this might take some time.
Exiting because a job execution failed. Look above for error message
Complete log: .snakemake/log/2024-02-23T101523.191461.snakemake.log
WorkflowError:
At least one job did not complete successfully.
