Building DAG of jobs...
Retrieving input from storage.
Using shell: /usr/bin/bash
Provided cores: 1 (use --cores to define parallelism)
Rules claiming more threads will be scaled down.
Job stats:
job            count
-----------  -------
annotsv_vcf        1
total              1

Select jobs to execute...
Execute 1 jobs...

[Fri Feb 23 16:22:33 2024]
localrule annotsv_vcf:
    input: /data2/mbaragli/python_app/app_python/work_dir/no_del_20022024/sv/no_del_20022024_sniffles.vcf
    output: /data2/mbaragli/python_app/app_python/work_dir/hgeug/sv/hgeug_annotsv.tsv
    jobid: 0
    reason: Missing output files: /data2/mbaragli/python_app/app_python/work_dir/hgeug/sv/hgeug_annotsv.tsv
    wildcards: sample=hgeug
    resources: tmpdir=/tmp

[Fri Feb 23 16:22:37 2024]
Finished job 0.
1 of 1 steps (100%) done
Complete log: .snakemake/log/2024-02-23T162233.853193.snakemake.log
