Building DAG of jobs...
Retrieving input from storage.
Using shell: /usr/bin/bash
Provided cores: 1 (use --cores to define parallelism)
Rules claiming more threads will be scaled down.
Job stats:
job                count
---------------  -------
sv_longshot_vep        1
total                  1

Select jobs to execute...
Execute 1 jobs...

[Mon Feb 12 14:24:29 2024]
localrule sv_longshot_vep:
    input: /data2/mbaragli/python_app/app_python/work_dir/prova_vep/snv/prova_vep_longshot.vcf
    output: /data2/mbaragli/python_app/app_python/work_dir/prova_vep/snv/prova_vep_longshot_vep.vcf
    jobid: 0
    reason: Missing output files: /data2/mbaragli/python_app/app_python/work_dir/prova_vep/snv/prova_vep_longshot_vep.vcf
    wildcards: sample=prova_vep
    resources: tmpdir=/tmp

Activating conda environment: vep
[Mon Feb 12 14:25:32 2024]
Finished job 0.
1 of 1 steps (100%) done
Complete log: .snakemake/log/2024-02-12T142428.379995.snakemake.log
