Building DAG of jobs...
Using shell: /usr/bin/bash
Provided cores: 5
Rules claiming more threads will be scaled down.
Job stats:
job                count
---------------  -------
samtoool_sambam        1
total                  1

Select jobs to execute...
Execute 1 jobs...

[Wed Apr 24 14:32:47 2024]
localrule samtoool_sambam:
    input: /data2/mbaragli/python_app/app_python/extra_files/A.sam
    output: /data2/mbaragli/python_app/app_python/work_dir/A/mapped_reads/A.bam
    jobid: 0
    reason: Missing output files: /data2/mbaragli/python_app/app_python/work_dir/A/mapped_reads/A.bam
    wildcards: sample=A
    threads: 5
    resources: tmpdir=/tmp

samtools view -@ 5  -bS /data2/mbaragli/python_app/app_python/extra_files/A.sam > /data2/mbaragli/python_app/app_python/work_dir/A/mapped_reads/A.bam
[Wed Apr 24 14:32:47 2024]
Error in rule samtoool_sambam:
    jobid: 0
    input: /data2/mbaragli/python_app/app_python/extra_files/A.sam
    output: /data2/mbaragli/python_app/app_python/work_dir/A/mapped_reads/A.bam
    shell:
        samtools view -@ 5  -bS /data2/mbaragli/python_app/app_python/extra_files/A.sam > /data2/mbaragli/python_app/app_python/work_dir/A/mapped_reads/A.bam
        (one of the commands exited with non-zero exit code; note that snakemake uses bash strict mode!)

Removing output files of failed job samtoool_sambam since they might be corrupted:
/data2/mbaragli/python_app/app_python/work_dir/A/mapped_reads/A.bam
Exiting because a job execution failed. Look above for error message
Complete log: .snakemake/log/2024-04-24T143246.983180.snakemake.log
WorkflowError:
At least one job did not complete successfully.
