Building DAG of jobs...
Retrieving input from storage.
Using shell: /usr/bin/bash
Provided cores: 1 (use --cores to define parallelism)
Rules claiming more threads will be scaled down.
Job stats:
job         count
--------  -------
minimap2        1
total           1

Select jobs to execute...
Execute 1 jobs...

[Thu Feb 29 14:00:39 2024]
localrule minimap2:
    input: /data2/utility/references/genomics/hs37d5.decoy.fa, /data2/mbaragli/python_app/app_python/work_dir/data/samples/A.fastq
    output: /data2/mbaragli/python_app/app_python/work_dir/pollotto/mapped_reads/pollotto.bam
    jobid: 0
    reason: Missing output files: /data2/mbaragli/python_app/app_python/work_dir/pollotto/mapped_reads/pollotto.bam
    wildcards: sample=pollotto
    resources: tmpdir=/tmp

Terminating processes on user request, this might take some time.
