Building DAG of jobs...
Retrieving input from storage.
Using shell: /usr/bin/bash
Provided cores: 1 (use --cores to define parallelism)
Rules claiming more threads will be scaled down.
Job stats:
job               count
--------------  -------
samtools_index        1
snv_longshot          1
sv_sniffles           1
sv_svim               1
total                 4

Select jobs to execute...
Execute 1 jobs...

[Mon Jan 29 17:17:37 2024]
localrule sv_sniffles:
    input: /data2/mbaragli/python_app/pipeline_snakemake/data/genome.fa, /data2/mbaragli/python_app/app_python/work_dir/sorted_reads/PINOLO_sorted.bam, /data2/mbaragli/python_app/app_python/work_dir/sorted_reads/PINOLO_sorted.bam.bai
    output: /data2/mbaragli/python_app/app_python/work_dir/sv/PINOLO_sniffles.vcf
    jobid: 4
    reason: Missing output files: /data2/mbaragli/python_app/app_python/work_dir/sv/PINOLO_sniffles.vcf
    wildcards: sample=PINOLO
    resources: tmpdir=/tmp

Activating conda environment: sniffles2
[Mon Jan 29 17:17:37 2024]
Error in rule sv_sniffles:
    jobid: 4
    input: /data2/mbaragli/python_app/pipeline_snakemake/data/genome.fa, /data2/mbaragli/python_app/app_python/work_dir/sorted_reads/PINOLO_sorted.bam, /data2/mbaragli/python_app/app_python/work_dir/sorted_reads/PINOLO_sorted.bam.bai
    output: /data2/mbaragli/python_app/app_python/work_dir/sv/PINOLO_sniffles.vcf
    conda-env: sniffles2
    shell:
        sniffles --non-germline --phase True --minsupport auto --minsvlen 35 --mapq 25 --no-qc True  --input /data2/mbaragli/python_app/app_python/work_dir/sorted_reads/PINOLO_sorted.bam --reference /data2/mbaragli/python_app/pipeline_snakemake/data/genome.fa --vcf /data2/mbaragli/python_app/app_python/work_dir/sv/PINOLO_sniffles.vcf
        (one of the commands exited with non-zero exit code; note that snakemake uses bash strict mode!)

Shutting down, this might take some time.
Exiting because a job execution failed. Look above for error message
Complete log: .snakemake/log/2024-01-29T171736.859575.snakemake.log
WorkflowError:
At least one job did not complete successfully.
