Building DAG of jobs...
Using shell: /usr/bin/bash
Provided cores: 1 (use --cores to define parallelism)
Rules claiming more threads will be scaled down.
Job stats:
job         count
--------  -------
minimap2        1
total           1

Select jobs to execute...

[Wed Apr 17 14:49:45 2024]
rule minimap2:
    input: /data2/utility/references/genomics/hs37d5.decoy.fa, /data2/mbaragli/python_app/app_python/work_dir/data/samples/A.fastq
    output: /data2/mbaragli/python_app/app_python/work_dir/pipo/mapped_reads/pipo.bam
    jobid: 0
    reason: Missing output files: /data2/mbaragli/python_app/app_python/work_dir/pipo/mapped_reads/pipo.bam
    wildcards: sample=pipo
    resources: tmpdir=/tmp

[Wed Apr 17 14:50:51 2024]
Finished job 0.
1 of 1 steps (100%) done
Complete log: .snakemake/log/2024-04-17T144945.495706.snakemake.log
