Building DAG of jobs...
Using shell: /usr/bin/bash
Provided cores: 30
Rules claiming more threads will be scaled down.
Job stats:
job                 count
----------------  -------
minimap2                1
samtools_index          1
samtools_sort           1
snv_clair3              1
snv_longshot            1
snv_nanocaller          1
sv_cutesv               1
sv_germ_gasoline        1
sv_sniffles             1
sv_svim                 1
total                  10

Select jobs to execute...
Execute 1 jobs...

[Tue Apr 23 15:36:14 2024]
localrule minimap2:
    input: /data2/utility/references/genomics/hs37d5.decoy.fa, /data2/abimbocci/snakemake_tutorial/data/samples/B.fastq
    output: /data2/mbaragli/python_app/app_python/work_dir/full_var_call/mapped_reads/full_var_call.bam
    jobid: 2
    reason: Missing output files: /data2/mbaragli/python_app/app_python/work_dir/full_var_call/mapped_reads/full_var_call.bam
    wildcards: sample=full_var_call
    threads: 30
    resources: tmpdir=/tmp

[Tue Apr 23 15:37:50 2024]
Finished job 2.
1 of 10 steps (10%) done
Select jobs to execute...
Execute 1 jobs...

[Tue Apr 23 15:37:50 2024]
localrule samtools_sort:
    input: /data2/mbaragli/python_app/app_python/work_dir/full_var_call/mapped_reads/full_var_call.bam
    output: /data2/mbaragli/python_app/app_python/work_dir/full_var_call/sorted_reads/full_var_call_sorted.bam
    jobid: 1
    reason: Missing output files: /data2/mbaragli/python_app/app_python/work_dir/full_var_call/sorted_reads/full_var_call_sorted.bam; Input files updated by another job: /data2/mbaragli/python_app/app_python/work_dir/full_var_call/mapped_reads/full_var_call.bam
    wildcards: sample=full_var_call
    threads: 30
    resources: tmpdir=/tmp

samtools sort -@ 30  -O bam /data2/mbaragli/python_app/app_python/work_dir/full_var_call/mapped_reads/full_var_call.bam > /data2/mbaragli/python_app/app_python/work_dir/full_var_call/sorted_reads/full_var_call_sorted.bam
[Tue Apr 23 15:37:50 2024]
Finished job 1.
2 of 10 steps (20%) done
Select jobs to execute...
Execute 1 jobs...

[Tue Apr 23 15:37:50 2024]
localrule samtools_index:
    input: /data2/mbaragli/python_app/app_python/work_dir/full_var_call/sorted_reads/full_var_call_sorted.bam
    output: /data2/mbaragli/python_app/app_python/work_dir/full_var_call/sorted_reads/full_var_call_sorted.bam.bai
    jobid: 3
    reason: Missing output files: /data2/mbaragli/python_app/app_python/work_dir/full_var_call/sorted_reads/full_var_call_sorted.bam.bai; Input files updated by another job: /data2/mbaragli/python_app/app_python/work_dir/full_var_call/sorted_reads/full_var_call_sorted.bam
    wildcards: sample=full_var_call
    threads: 30
    resources: tmpdir=/tmp

samtools index -@ 30  /data2/mbaragli/python_app/app_python/work_dir/full_var_call/sorted_reads/full_var_call_sorted.bam
[Tue Apr 23 15:37:50 2024]
Finished job 3.
3 of 10 steps (30%) done
Select jobs to execute...
Execute 7 jobs...

[Tue Apr 23 15:37:50 2024]
localrule sv_germ_gasoline:
    input: /data2/mbaragli/python_app/app_python/work_dir/full_var_call/sorted_reads/full_var_call_sorted.bam, /data2/mbaragli/python_app/app_python/work_dir/full_var_call, /data2/utility/references/genomics/hs37d5.decoy.fa
    output: /data2/mbaragli/python_app/app_python/work_dir/full_var_call/sv/full_var_call_gasoline/gasoline_final.vcf
    jobid: 8
    reason: Missing output files: /data2/mbaragli/python_app/app_python/work_dir/full_var_call/sv/full_var_call_gasoline/gasoline_final.vcf; Input files updated by another job: /data2/mbaragli/python_app/app_python/work_dir/full_var_call/sorted_reads/full_var_call_sorted.bam
    wildcards: sample=full_var_call
    threads: 5
    resources: tmpdir=/tmp


            cd /data2/abimbocci/GASOLINE_1.1/
            perl GASOLINEParse.pl -B /data2/mbaragli/python_app/app_python/work_dir/full_var_call/sorted_reads/full_var_call_sorted.bam -L Germ -O /data2/mbaragli/python_app/app_python/work_dir/full_var_call/sv/full_var_call_gasoline/germ -R hg19  
            perl GASOLINEGermlineDetector.pl -B /data2/mbaragli/python_app/app_python/work_dir/full_var_call/sorted_reads/full_var_call_sorted.bam -L Germ -O /data2/mbaragli/python_app/app_python/work_dir/full_var_call/sv/full_var_call_gasoline/germ  -NT 5    
            perl GASOLINEGermlineVCFCreate.pl -L Germ -I /data2/mbaragli/python_app/app_python/work_dir/full_var_call/sv/full_var_call_gasoline/germ -O /data2/mbaragli/python_app/app_python/work_dir/full_var_call/sv/full_var_call_gasoline/gasoline_final.vcf -RA hg19 -FR /data2/utility/references/genomics/hs37d5.decoy.fa    
            

[Tue Apr 23 15:37:50 2024]
localrule sv_cutesv:
    input: /data2/utility/references/genomics/hs37d5.decoy.fa, /data2/mbaragli/python_app/app_python/work_dir/full_var_call/sorted_reads/full_var_call_sorted.bam, /data2/mbaragli/python_app/app_python/work_dir/full_var_call/sorted_reads/full_var_call_sorted.bam.bai, /data2/mbaragli/python_app/app_python/work_dir/full_var_call
    output: /data2/mbaragli/python_app/app_python/work_dir/full_var_call/sv/full_var_call_cutesv.vcf
    jobid: 5
    reason: Missing output files: /data2/mbaragli/python_app/app_python/work_dir/full_var_call/sv/full_var_call_cutesv.vcf; Input files updated by another job: /data2/mbaragli/python_app/app_python/work_dir/full_var_call/sorted_reads/full_var_call_sorted.bam.bai, /data2/mbaragli/python_app/app_python/work_dir/full_var_call/sorted_reads/full_var_call_sorted.bam
    wildcards: sample=full_var_call
    threads: 5
    resources: tmpdir=/tmp

cuteSV -t 5        /data2/mbaragli/python_app/app_python/work_dir/full_var_call/sorted_reads/full_var_call_sorted.bam /data2/utility/references/genomics/hs37d5.decoy.fa /data2/mbaragli/python_app/app_python/work_dir/full_var_call/sv/full_var_call_cutesv.vcf /data2/mbaragli/python_app/app_python/work_dir/full_var_call
Activating conda environment: svim_cutesv

[Tue Apr 23 15:37:50 2024]
localrule sv_svim:
    input: /data2/utility/references/genomics/hs37d5.decoy.fa, /data2/mbaragli/python_app/app_python/work_dir/full_var_call/sorted_reads/full_var_call_sorted.bam, /data2/mbaragli/python_app/app_python/work_dir/full_var_call/sorted_reads/full_var_call_sorted.bam.bai
    output: /data2/mbaragli/python_app/app_python/work_dir/full_var_call/sv/full_var_call_svim
    jobid: 0
    reason: Missing output files: /data2/mbaragli/python_app/app_python/work_dir/full_var_call/sv/full_var_call_svim; Input files updated by another job: /data2/mbaragli/python_app/app_python/work_dir/full_var_call/sorted_reads/full_var_call_sorted.bam.bai, /data2/mbaragli/python_app/app_python/work_dir/full_var_call/sorted_reads/full_var_call_sorted.bam
    wildcards: sample=full_var_call
    resources: tmpdir=/tmp

svim alignment /data2/mbaragli/python_app/app_python/work_dir/full_var_call/sv/full_var_call_svim /data2/mbaragli/python_app/app_python/work_dir/full_var_call/sorted_reads/full_var_call_sorted.bam /data2/utility/references/genomics/hs37d5.decoy.fa        
Activating conda environment: svim_cutesv

[Tue Apr 23 15:37:50 2024]
localrule snv_nanocaller:
    input: /data2/utility/references/genomics/hs37d5.decoy.fa, /data2/mbaragli/python_app/app_python/work_dir/full_var_call/sorted_reads/full_var_call_sorted.bam, /data2/mbaragli/python_app/app_python/work_dir/full_var_call/sorted_reads/full_var_call_sorted.bam.bai
    output: /data2/mbaragli/python_app/app_python/work_dir/full_var_call/snv/full_var_call_nanocaller
    jobid: 7
    reason: Missing output files: /data2/mbaragli/python_app/app_python/work_dir/full_var_call/snv/full_var_call_nanocaller; Input files updated by another job: /data2/mbaragli/python_app/app_python/work_dir/full_var_call/sorted_reads/full_var_call_sorted.bam.bai, /data2/mbaragli/python_app/app_python/work_dir/full_var_call/sorted_reads/full_var_call_sorted.bam
    wildcards: sample=full_var_call
    threads: 5
    resources: tmpdir=/tmp

NanoCaller      --cpu 5  --bam /data2/mbaragli/python_app/app_python/work_dir/full_var_call/sorted_reads/full_var_call_sorted.bam --ref /data2/utility/references/genomics/hs37d5.decoy.fa --output /data2/mbaragli/python_app/app_python/work_dir/full_var_call/snv/full_var_call_nanocaller
Activating conda environment: nano_clair3

[Tue Apr 23 15:37:50 2024]
localrule sv_sniffles:
    input: /data2/utility/references/genomics/hs37d5.decoy.fa, /data2/mbaragli/python_app/app_python/work_dir/full_var_call/sorted_reads/full_var_call_sorted.bam, /data2/mbaragli/python_app/app_python/work_dir/full_var_call/sorted_reads/full_var_call_sorted.bam.bai
    output: /data2/mbaragli/python_app/app_python/work_dir/full_var_call/sv/full_var_call_sniffles.vcf
    jobid: 4
    reason: Missing output files: /data2/mbaragli/python_app/app_python/work_dir/full_var_call/sv/full_var_call_sniffles.vcf; Input files updated by another job: /data2/mbaragli/python_app/app_python/work_dir/full_var_call/sorted_reads/full_var_call_sorted.bam.bai, /data2/mbaragli/python_app/app_python/work_dir/full_var_call/sorted_reads/full_var_call_sorted.bam
    wildcards: sample=full_var_call
    threads: 5
    resources: tmpdir=/tmp

sniffles       --input /data2/mbaragli/python_app/app_python/work_dir/full_var_call/sorted_reads/full_var_call_sorted.bam --reference /data2/utility/references/genomics/hs37d5.decoy.fa --vcf /data2/mbaragli/python_app/app_python/work_dir/full_var_call/sv/full_var_call_sniffles.vcf --threads 5
Activating conda environment: sniffles2

[Tue Apr 23 15:37:50 2024]
localrule snv_longshot:
    input: /data2/utility/references/genomics/hs37d5.decoy.fa, /data2/mbaragli/python_app/app_python/work_dir/full_var_call/sorted_reads/full_var_call_sorted.bam, /data2/mbaragli/python_app/app_python/work_dir/full_var_call/sorted_reads/full_var_call_sorted.bam.bai
    output: /data2/mbaragli/python_app/app_python/work_dir/full_var_call/snv/full_var_call_longshot.vcf
    jobid: 6
    reason: Missing output files: /data2/mbaragli/python_app/app_python/work_dir/full_var_call/snv/full_var_call_longshot.vcf; Input files updated by another job: /data2/mbaragli/python_app/app_python/work_dir/full_var_call/sorted_reads/full_var_call_sorted.bam.bai, /data2/mbaragli/python_app/app_python/work_dir/full_var_call/sorted_reads/full_var_call_sorted.bam
    wildcards: sample=full_var_call
    resources: tmpdir=/tmp

longshot        --bam /data2/mbaragli/python_app/app_python/work_dir/full_var_call/sorted_reads/full_var_call_sorted.bam --ref /data2/utility/references/genomics/hs37d5.decoy.fa --out /data2/mbaragli/python_app/app_python/work_dir/full_var_call/snv/full_var_call_longshot.vcf
Activating conda environment: longshot2

[Tue Apr 23 15:37:50 2024]
localrule snv_clair3:
    input: /data2/utility/references/genomics/hs37d5.decoy.fa, /data2/mbaragli/python_app/app_python/work_dir/full_var_call/sorted_reads/full_var_call_sorted.bam, /data2/mbaragli/python_app/app_python/work_dir/full_var_call/sorted_reads/full_var_call_sorted.bam.bai
    output: /data2/mbaragli/python_app/app_python/work_dir/full_var_call/snv/full_var_call_clair3
    jobid: 9
    reason: Missing output files: /data2/mbaragli/python_app/app_python/work_dir/full_var_call/snv/full_var_call_clair3; Input files updated by another job: /data2/mbaragli/python_app/app_python/work_dir/full_var_call/sorted_reads/full_var_call_sorted.bam.bai, /data2/mbaragli/python_app/app_python/work_dir/full_var_call/sorted_reads/full_var_call_sorted.bam
    wildcards: sample=full_var_call
    threads: 5
    resources: tmpdir=/tmp

/data2/mbaragli/tools/Clair3/run_clair3.sh --bam_fn=/data2/mbaragli/python_app/app_python/work_dir/full_var_call/sorted_reads/full_var_call_sorted.bam --ref_fn=/data2/utility/references/genomics/hs37d5.decoy.fa --output=/data2/mbaragli/python_app/app_python/work_dir/full_var_call/snv/full_var_call_clair3 --threads=5 --platform=ont --model_path /data2/mbaragli/tools/rerio/clair3_models/r104_e81_hac_g5015      
Activating conda environment: nano_clair3
Waiting at most 5 seconds for missing files.
MissingOutputException in rule sv_germ_gasoline in file /data2/mbaragli/python_app/app_python/Snakefile, line 446:
Job 8  completed successfully, but some output files are missing. Missing files after 5 seconds. This might be due to filesystem latency. If that is the case, consider to increase the wait time with --latency-wait:
/data2/mbaragli/python_app/app_python/work_dir/full_var_call/sv/full_var_call_gasoline/gasoline_final.vcf (missing locally, parent dir contents: germ)
[Tue Apr 23 15:38:00 2024]
Finished job 0.
4 of 10 steps (40%) done
[Tue Apr 23 15:38:07 2024]
Finished job 6.
5 of 10 steps (50%) done
[Tue Apr 23 15:38:10 2024]
Finished job 4.
6 of 10 steps (60%) done
[Tue Apr 23 15:49:45 2024]
Finished job 9.
7 of 10 steps (70%) done
[Tue Apr 23 16:01:36 2024]
Finished job 5.
8 of 10 steps (80%) done
[Tue Apr 23 16:13:51 2024]
Finished job 7.
9 of 10 steps (90%) done
Exiting because a job execution failed. Look above for error message
Complete log: .snakemake/log/2024-04-23T153613.934034.snakemake.log
WorkflowError:
At least one job did not complete successfully.
