Building DAG of jobs...
Retrieving input from storage.
Using shell: /usr/bin/bash
Provided cores: 1 (use --cores to define parallelism)
Rules claiming more threads will be scaled down.
Job stats:
job             count
------------  -------
snv_longshot        1
total               1

Select jobs to execute...
Execute 1 jobs...

[Wed Jan 31 16:37:40 2024]
localrule snv_longshot:
    input: /data2/mbaragli/python_app/pipeline_snakemake/data/genome.fa, /data2/mbaragli/python_app/app_python/work_dir/sorted_reads/PINO_sorted.bam, /data2/mbaragli/python_app/app_python/work_dir/sorted_reads/PINO_sorted.bam.bai
    output: /data2/mbaragli/python_app/app_python/work_dir/snv/PINO_longshot.vcf
    jobid: 0
    reason: Missing output files: /data2/mbaragli/python_app/app_python/work_dir/snv/PINO_longshot.vcf
    wildcards: sample=PINO
    resources: tmpdir=/tmp

Activating conda environment: longshot2
[Wed Jan 31 16:37:41 2024]
Finished job 0.
1 of 1 steps (100%) done
Complete log: .snakemake/log/2024-01-31T163739.999414.snakemake.log
