Building DAG of jobs...
Using shell: /usr/bin/bash
Provided cores: 1 (use --cores to define parallelism)
Rules claiming more threads will be scaled down.
Job stats:
job               count
--------------  -------
snv_longshot          1
snv_nanocaller        1
sv_sniffles           1
sv_svim               1
total                 4

Select jobs to execute...

[Mon Jan 29 16:59:27 2024]
rule snv_longshot:
    input: /data2/mbaragli/python_app/pipeline_snakemake/data/genome.fa, /data2/mbaragli/python_app/app_python/work_dir/sorted_reads/PINOLO_sorted.bam, /data2/mbaragli/python_app/app_python/work_dir/sorted_reads/PINOLO_sorted.bam.bai
    output: /data2/mbaragli/python_app/app_python/work_dir/snv/PINOLO_longshot.vcf
    jobid: 4
    reason: Missing output files: /data2/mbaragli/python_app/app_python/work_dir/snv/PINOLO_longshot.vcf
    wildcards: sample=PINOLO
    resources: tmpdir=/tmp

Activating conda environment: longshot2
[Mon Jan 29 16:59:28 2024]
Finished job 4.
1 of 4 steps (25%) done
Select jobs to execute...

[Mon Jan 29 16:59:28 2024]
rule snv_nanocaller:
    input: /data2/mbaragli/python_app/pipeline_snakemake/data/genome.fa, /data2/mbaragli/python_app/app_python/work_dir/sorted_reads/PINOLO_sorted.bam, /data2/mbaragli/python_app/app_python/work_dir/sorted_reads/PINOLO_sorted.bam.bai
    output: /data2/mbaragli/python_app/app_python/work_dir/snv/PINOLO_nanocaller
    jobid: 5
    reason: Missing output files: /data2/mbaragli/python_app/app_python/work_dir/snv/PINOLO_nanocaller
    wildcards: sample=PINOLO
    resources: tmpdir=/tmp

[Mon Jan 29 16:59:28 2024]
Error in rule snv_nanocaller:
    jobid: 5
    input: /data2/mbaragli/python_app/pipeline_snakemake/data/genome.fa, /data2/mbaragli/python_app/app_python/work_dir/sorted_reads/PINOLO_sorted.bam, /data2/mbaragli/python_app/app_python/work_dir/sorted_reads/PINOLO_sorted.bam.bai
    output: /data2/mbaragli/python_app/app_python/work_dir/snv/PINOLO_nanocaller
    shell:
        /data2/mbaragli/tools/NanoCaller/NanoCaller --mode indels --mincov 9 --maxcov 999  --phase True  --bam /data2/mbaragli/python_app/app_python/work_dir/sorted_reads/PINOLO_sorted.bam --ref /data2/mbaragli/python_app/pipeline_snakemake/data/genome.fa --output /data2/mbaragli/python_app/app_python/work_dir/snv/PINOLO_nanocaller
        (one of the commands exited with non-zero exit code; note that snakemake uses bash strict mode!)

Shutting down, this might take some time.
Exiting because a job execution failed. Look above for error message
Complete log: .snakemake/log/2024-01-29T165926.471527.snakemake.log
