Building DAG of jobs...
Retrieving input from storage.
Using shell: /usr/bin/bash
Provided cores: 1 (use --cores to define parallelism)
Rules claiming more threads will be scaled down.
Conda environments: ignored
Job stats:
job              count
-------------  -------
bwa_map              1
samtools_sort        1
snv_longshot         1
total                3

Select jobs to execute...
Execute 1 jobs...

[Fri Jan 12 10:46:09 2024]
localrule bwa_map:
    input: /data2/mbaragli/python_app/pipeline_snakemake/data/genome.fa, /data2/mbaragli/python_app/app_python/work_dir/data/samples/A.fastq
    output: /data2/mbaragli/python_app/app_python/work_dir/mapped_reads/A.bam
    jobid: 2
    reason: Missing output files: /data2/mbaragli/python_app/app_python/work_dir/mapped_reads/A.bam
    wildcards: sample=A
    resources: tmpdir=/tmp

[Fri Jan 12 10:46:10 2024]
Finished job 2.
1 of 3 steps (33%) done
Select jobs to execute...
Execute 1 jobs...

[Fri Jan 12 10:46:10 2024]
localrule samtools_sort:
    input: /data2/mbaragli/python_app/app_python/work_dir/mapped_reads/A.bam
    output: /data2/mbaragli/python_app/app_python/work_dir/sorted_reads/A_sorted.bam, /data2/mbaragli/python_app/app_python/work_dir/sorted_reads/A_sorted.bam.bai
    jobid: 1
    reason: Missing output files: /data2/mbaragli/python_app/app_python/work_dir/sorted_reads/A_sorted.bam.bai, /data2/mbaragli/python_app/app_python/work_dir/sorted_reads/A_sorted.bam; Input files updated by another job: /data2/mbaragli/python_app/app_python/work_dir/mapped_reads/A.bam
    wildcards: sample=A
    resources: tmpdir=/tmp

[Fri Jan 12 10:46:11 2024]
Finished job 1.
2 of 3 steps (67%) done
Select jobs to execute...
Execute 1 jobs...

[Fri Jan 12 10:46:11 2024]
localrule snv_longshot:
    input: /data2/mbaragli/python_app/pipeline_snakemake/data/genome.fa, /data2/mbaragli/python_app/app_python/work_dir/sorted_reads/A_sorted.bam, /data2/mbaragli/python_app/app_python/work_dir/sorted_reads/A_sorted.bam.bai
    output: /data2/mbaragli/python_app/app_python/work_dir/snv/A_longshot.vcf
    jobid: 0
    reason: Missing output files: /data2/mbaragli/python_app/app_python/work_dir/snv/A_longshot.vcf; Input files updated by another job: /data2/mbaragli/python_app/app_python/work_dir/sorted_reads/A_sorted.bam.bai, /data2/mbaragli/python_app/app_python/work_dir/sorted_reads/A_sorted.bam
    wildcards: sample=A
    resources: tmpdir=/tmp

[Fri Jan 12 10:46:11 2024]
Error in rule snv_longshot:
    jobid: 0
    input: /data2/mbaragli/python_app/pipeline_snakemake/data/genome.fa, /data2/mbaragli/python_app/app_python/work_dir/sorted_reads/A_sorted.bam, /data2/mbaragli/python_app/app_python/work_dir/sorted_reads/A_sorted.bam.bai
    output: /data2/mbaragli/python_app/app_python/work_dir/snv/A_longshot.vcf
    shell:
        longshot --bam /data2/mbaragli/python_app/app_python/work_dir/sorted_reads/A_sorted.bam --ref /data2/mbaragli/python_app/pipeline_snakemake/data/genome.fa --out /data2/mbaragli/python_app/app_python/work_dir/snv/A_longshot.vcf
        (one of the commands exited with non-zero exit code; note that snakemake uses bash strict mode!)

Shutting down, this might take some time.
Exiting because a job execution failed. Look above for error message
Complete log: .snakemake/log/2024-01-12T104609.570001.snakemake.log
WorkflowError:
At least one job did not complete successfully.
