Building DAG of jobs...
Using shell: /usr/bin/bash
Provided cores: 8
Rules claiming more threads will be scaled down.
Job stats:
job        count
-------  -------
vep_vcf        1
total          1

Select jobs to execute...
Execute 1 jobs...

[Tue May 21 14:05:25 2024]
localrule vep_vcf:
    input: /data2/mbaragli/python_app/app_python/work_dir/testrun_4_HG002/snv/testrun_4_HG002_longshot.vcf
    output: /data2/mbaragli/python_app/app_python/work_dir/vep_cache/snv/vep_cache_vep.vcf
    log: /data2/mbaragli/python_app/app_python/work_dir/vep_cache/logs/vep.log
    jobid: 0
    reason: Missing output files: /data2/mbaragli/python_app/app_python/work_dir/vep_cache/snv/vep_cache_vep.vcf
    wildcards: sample=vep_cache
    threads: 8
    resources: tmpdir=/tmp

vep -format vcf -i /data2/mbaragli/python_app/app_python/work_dir/testrun_4_HG002/snv/testrun_4_HG002_longshot.vcf -o /data2/mbaragli/python_app/app_python/work_dir/vep_cache/snv/vep_cache_vep.vcf --vcf --fork 8 --assembly GRCh38 --everything --cache --dir_cache /data2/mbaragli/tools/vep_plugins    --offline
Activating conda environment: vep
Terminating processes on user request, this might take some time.
[Tue May 21 14:08:20 2024]
Error in rule vep_vcf:
    jobid: 0
    input: /data2/mbaragli/python_app/app_python/work_dir/testrun_4_HG002/snv/testrun_4_HG002_longshot.vcf
    output: /data2/mbaragli/python_app/app_python/work_dir/vep_cache/snv/vep_cache_vep.vcf
    log: /data2/mbaragli/python_app/app_python/work_dir/vep_cache/logs/vep.log (check log file(s) for error details)
    conda-env: vep
    shell:
        vep -format vcf -i /data2/mbaragli/python_app/app_python/work_dir/testrun_4_HG002/snv/testrun_4_HG002_longshot.vcf -o /data2/mbaragli/python_app/app_python/work_dir/vep_cache/snv/vep_cache_vep.vcf --vcf --fork 8 --assembly GRCh38 --everything --cache --dir_cache /data2/mbaragli/tools/vep_plugins    --offline
        (one of the commands exited with non-zero exit code; note that snakemake uses bash strict mode!)

Complete log: .snakemake/log/2024-05-21T140525.618383.snakemake.log
WorkflowError:
At least one job did not complete successfully.
