Building DAG of jobs...
Retrieving input from storage.
Using shell: /usr/bin/bash
Provided cores: 1 (use --cores to define parallelism)
Rules claiming more threads will be scaled down.
Job stats:
job          count
---------  -------
sv_cutesv        1
total            1

Select jobs to execute...
Execute 1 jobs...

[Fri Feb  9 16:05:17 2024]
localrule sv_cutesv:
    input: /data2/utility/references/genomics/hs37d5.decoy.fa, /data2/mbaragli/Meyer/alignment/Meyer_04072023_opnfast5_merged_sorted.bam, /data2/mbaragli/Meyer/alignment/Meyer_04072023_opnfast5_merged_sorted.bam.bai, /data2/mbaragli/python_app/app_python/work_dir
    output: /data2/mbaragli/python_app/app_python/work_dir/rizzo/sv/rizzo_cutesv.vcf
    jobid: 1
    reason: Missing output files: /data2/mbaragli/python_app/app_python/work_dir/rizzo/sv/rizzo_cutesv.vcf
    wildcards: sample=rizzo
    resources: tmpdir=/tmp

Activating conda environment: svim_cutesv
[Fri Feb  9 16:05:18 2024]
Error in rule sv_cutesv:
    jobid: 1
    input: /data2/utility/references/genomics/hs37d5.decoy.fa, /data2/mbaragli/Meyer/alignment/Meyer_04072023_opnfast5_merged_sorted.bam, /data2/mbaragli/Meyer/alignment/Meyer_04072023_opnfast5_merged_sorted.bam.bai, /data2/mbaragli/python_app/app_python/work_dir
    output: /data2/mbaragli/python_app/app_python/work_dir/rizzo/sv/rizzo_cutesv.vcf
    conda-env: svim_cutesv
    shell:
        cuteSV        /data2/mbaragli/Meyer/alignment/Meyer_04072023_opnfast5_merged_sorted.bam /data2/utility/references/genomics/hs37d5.decoy.fa /data2/mbaragli/python_app/app_python/work_dir/rizzo/sv/rizzo_cutesv.vcf /data2/mbaragli/python_app/app_python/work_dir
        (one of the commands exited with non-zero exit code; note that snakemake uses bash strict mode!)

Shutting down, this might take some time.
Exiting because a job execution failed. Look above for error message
Complete log: .snakemake/log/2024-02-09T160514.815231.snakemake.log
WorkflowError:
At least one job did not complete successfully.
