Building DAG of jobs...
Retrieving input from storage.
Using shell: /usr/bin/bash
Provided cores: 1 (use --cores to define parallelism)
Rules claiming more threads will be scaled down.
Job stats:
job                 count
----------------  -------
sv_germ_gasoline        1
total                   1

Select jobs to execute...
Execute 1 jobs...

[Tue Feb 27 16:59:41 2024]
localrule sv_germ_gasoline:
    input: /data2/mbaragli/Meyer/alignment/Meyer_04072023_opnfast5_merged_sorted.bam, /data2/mbaragli/python_app/app_python/work_dir/rhyue, /data2/utility/references/genomics/hs37d5.decoy.fa
    output: /data2/mbaragli/python_app/app_python/work_dir/rhyue/sv/rhyue_gasoline
    jobid: 0
    reason: Missing output files: /data2/mbaragli/python_app/app_python/work_dir/rhyue/sv/rhyue_gasoline
    wildcards: sample=rhyue
    resources: tmpdir=/tmp

[Tue Feb 27 16:59:42 2024]
Error in rule sv_germ_gasoline:
    jobid: 0
    input: /data2/mbaragli/Meyer/alignment/Meyer_04072023_opnfast5_merged_sorted.bam, /data2/mbaragli/python_app/app_python/work_dir/rhyue, /data2/utility/references/genomics/hs37d5.decoy.fa
    output: /data2/mbaragli/python_app/app_python/work_dir/rhyue/sv/rhyue_gasoline
    shell:
        
            cd /data2/mbaragli/tools/GASOLINE_1.1/
            perl GASOLINEParse.pl -B /data2/mbaragli/Meyer/alignment/Meyer_04072023_opnfast5_merged_sorted.bam -L Test -O /data2/mbaragli/python_app/app_python/work_dir/rhyue/sv/rhyue_gasoline/test -R hg19 -Q 20 -T 
            perl GASOLINEGermlineDetector.pl -B /data2/mbaragli/Meyer/alignment/Meyer_04072023_opnfast5_merged_sorted.bam -L Test -O /data2/mbaragli/python_app/app_python/work_dir/rhyue/sv/rhyue_gasoline/test -NT 1 -NS 5000 -Q 20 -MS 2 -OT 0.8
            perl GASOLINEGermlineDetector.pl -L Test -I /data2/mbaragli/python_app/app_python/work_dir/rhyue/sv/rhyue_gasoline/test -O /data2/mbaragli/python_app/app_python/work_dir/rhyue/sv/rhyue_gasoline/gasoline_final.vcf -RA hg19 -FR /data2/utility/references/genomics/hs37d5.decoy.fa -TS 40 -TC 10 -TI 0.8 -TO 0.9
            
        (one of the commands exited with non-zero exit code; note that snakemake uses bash strict mode!)

Shutting down, this might take some time.
Exiting because a job execution failed. Look above for error message
Complete log: .snakemake/log/2024-02-27T165941.507988.snakemake.log
WorkflowError:
At least one job did not complete successfully.
