Building DAG of jobs...
Using shell: /usr/bin/bash
Provided cores: 30
Rules claiming more threads will be scaled down.
Job stats:
job                 count
----------------  -------
minimap2                1
samtools_index          1
samtools_sort           1
snv_clair3              1
snv_longshot            1
sv_germ_gasoline        1
sv_svim                 1
total                   7

Select jobs to execute...
Execute 1 jobs...

[Tue Apr 23 15:17:12 2024]
localrule minimap2:
    input: /data2/utility/references/genomics/hs37d5.decoy.fa, /data2/abimbocci/snakemake_tutorial/data/samples/A.fastq
    output: /data2/mbaragli/python_app/app_python/work_dir/cores30/mapped_reads/cores30.bam
    jobid: 2
    reason: Missing output files: /data2/mbaragli/python_app/app_python/work_dir/cores30/mapped_reads/cores30.bam
    wildcards: sample=cores30
    threads: 30
    resources: tmpdir=/tmp

[Tue Apr 23 15:18:30 2024]
Finished job 2.
1 of 7 steps (14%) done
Select jobs to execute...
Execute 1 jobs...

[Tue Apr 23 15:18:30 2024]
localrule samtools_sort:
    input: /data2/mbaragli/python_app/app_python/work_dir/cores30/mapped_reads/cores30.bam
    output: /data2/mbaragli/python_app/app_python/work_dir/cores30/sorted_reads/cores30_sorted.bam
    jobid: 1
    reason: Missing output files: /data2/mbaragli/python_app/app_python/work_dir/cores30/sorted_reads/cores30_sorted.bam; Input files updated by another job: /data2/mbaragli/python_app/app_python/work_dir/cores30/mapped_reads/cores30.bam
    wildcards: sample=cores30
    threads: 30
    resources: tmpdir=/tmp

samtools sort -@ 30  -O bam /data2/mbaragli/python_app/app_python/work_dir/cores30/mapped_reads/cores30.bam > /data2/mbaragli/python_app/app_python/work_dir/cores30/sorted_reads/cores30_sorted.bam
[Tue Apr 23 15:18:30 2024]
Finished job 1.
2 of 7 steps (29%) done
Select jobs to execute...
Execute 1 jobs...

[Tue Apr 23 15:18:30 2024]
localrule samtools_index:
    input: /data2/mbaragli/python_app/app_python/work_dir/cores30/sorted_reads/cores30_sorted.bam
    output: /data2/mbaragli/python_app/app_python/work_dir/cores30/sorted_reads/cores30_sorted.bam.bai
    jobid: 4
    reason: Missing output files: /data2/mbaragli/python_app/app_python/work_dir/cores30/sorted_reads/cores30_sorted.bam.bai; Input files updated by another job: /data2/mbaragli/python_app/app_python/work_dir/cores30/sorted_reads/cores30_sorted.bam
    wildcards: sample=cores30
    threads: 30
    resources: tmpdir=/tmp

samtools index -@ 30  /data2/mbaragli/python_app/app_python/work_dir/cores30/sorted_reads/cores30_sorted.bam
[Tue Apr 23 15:18:30 2024]
Finished job 4.
3 of 7 steps (43%) done
Select jobs to execute...
Execute 4 jobs...

[Tue Apr 23 15:18:30 2024]
localrule sv_germ_gasoline:
    input: /data2/mbaragli/python_app/app_python/work_dir/cores30/sorted_reads/cores30_sorted.bam, /data2/mbaragli/python_app/app_python/work_dir/cores30, /data2/utility/references/genomics/hs37d5.decoy.fa
    output: /data2/mbaragli/python_app/app_python/work_dir/cores30/sv/cores30_gasoline/gasoline_final.vcf
    jobid: 0
    reason: Missing output files: /data2/mbaragli/python_app/app_python/work_dir/cores30/sv/cores30_gasoline/gasoline_final.vcf; Input files updated by another job: /data2/mbaragli/python_app/app_python/work_dir/cores30/sorted_reads/cores30_sorted.bam
    wildcards: sample=cores30
    threads: 14
    resources: tmpdir=/tmp


            cd /data2/abimbocci/GASOLINE_1.1/
            perl GASOLINEParse.pl -B /data2/mbaragli/python_app/app_python/work_dir/cores30/sorted_reads/cores30_sorted.bam -L Germ -O /data2/mbaragli/python_app/app_python/work_dir/cores30/sv/cores30_gasoline/germ -R hg19  
            perl GASOLINEGermlineDetector.pl -B /data2/mbaragli/python_app/app_python/work_dir/cores30/sorted_reads/cores30_sorted.bam -L Germ -O /data2/mbaragli/python_app/app_python/work_dir/cores30/sv/cores30_gasoline/germ  -NT 14    
            perl GASOLINEGermlineVCFCreate.pl -L Germ -I /data2/mbaragli/python_app/app_python/work_dir/cores30/sv/cores30_gasoline/germ -O /data2/mbaragli/python_app/app_python/work_dir/cores30/sv/cores30_gasoline/gasoline_final.vcf -RA hg19 -FR /data2/utility/references/genomics/hs37d5.decoy.fa    
            

[Tue Apr 23 15:18:30 2024]
localrule snv_longshot:
    input: /data2/utility/references/genomics/hs37d5.decoy.fa, /data2/mbaragli/python_app/app_python/work_dir/cores30/sorted_reads/cores30_sorted.bam, /data2/mbaragli/python_app/app_python/work_dir/cores30/sorted_reads/cores30_sorted.bam.bai
    output: /data2/mbaragli/python_app/app_python/work_dir/cores30/snv/cores30_longshot.vcf
    jobid: 3
    reason: Missing output files: /data2/mbaragli/python_app/app_python/work_dir/cores30/snv/cores30_longshot.vcf; Input files updated by another job: /data2/mbaragli/python_app/app_python/work_dir/cores30/sorted_reads/cores30_sorted.bam.bai, /data2/mbaragli/python_app/app_python/work_dir/cores30/sorted_reads/cores30_sorted.bam
    wildcards: sample=cores30
    resources: tmpdir=/tmp

longshot        --bam /data2/mbaragli/python_app/app_python/work_dir/cores30/sorted_reads/cores30_sorted.bam --ref /data2/utility/references/genomics/hs37d5.decoy.fa --out /data2/mbaragli/python_app/app_python/work_dir/cores30/snv/cores30_longshot.vcf
Activating conda environment: longshot2

[Tue Apr 23 15:18:30 2024]
localrule snv_clair3:
    input: /data2/utility/references/genomics/hs37d5.decoy.fa, /data2/mbaragli/python_app/app_python/work_dir/cores30/sorted_reads/cores30_sorted.bam, /data2/mbaragli/python_app/app_python/work_dir/cores30/sorted_reads/cores30_sorted.bam.bai
    output: /data2/mbaragli/python_app/app_python/work_dir/cores30/snv/cores30_clair3
    jobid: 5
    reason: Missing output files: /data2/mbaragli/python_app/app_python/work_dir/cores30/snv/cores30_clair3; Input files updated by another job: /data2/mbaragli/python_app/app_python/work_dir/cores30/sorted_reads/cores30_sorted.bam.bai, /data2/mbaragli/python_app/app_python/work_dir/cores30/sorted_reads/cores30_sorted.bam
    wildcards: sample=cores30
    threads: 14
    resources: tmpdir=/tmp

/data2/mbaragli/tools/Clair3/run_clair3.sh --bam_fn=/data2/mbaragli/python_app/app_python/work_dir/cores30/sorted_reads/cores30_sorted.bam --ref_fn=/data2/utility/references/genomics/hs37d5.decoy.fa --output=/data2/mbaragli/python_app/app_python/work_dir/cores30/snv/cores30_clair3 --threads=14 --platform=ont --model_path /data2/mbaragli/tools/rerio/clair3_models/r104_e81_hac_g5015      
Activating conda environment: nano_clair3

[Tue Apr 23 15:18:30 2024]
localrule sv_svim:
    input: /data2/utility/references/genomics/hs37d5.decoy.fa, /data2/mbaragli/python_app/app_python/work_dir/cores30/sorted_reads/cores30_sorted.bam, /data2/mbaragli/python_app/app_python/work_dir/cores30/sorted_reads/cores30_sorted.bam.bai
    output: /data2/mbaragli/python_app/app_python/work_dir/cores30/sv/cores30_svim
    jobid: 6
    reason: Missing output files: /data2/mbaragli/python_app/app_python/work_dir/cores30/sv/cores30_svim; Input files updated by another job: /data2/mbaragli/python_app/app_python/work_dir/cores30/sorted_reads/cores30_sorted.bam.bai, /data2/mbaragli/python_app/app_python/work_dir/cores30/sorted_reads/cores30_sorted.bam
    wildcards: sample=cores30
    resources: tmpdir=/tmp

svim alignment /data2/mbaragli/python_app/app_python/work_dir/cores30/sv/cores30_svim /data2/mbaragli/python_app/app_python/work_dir/cores30/sorted_reads/cores30_sorted.bam /data2/utility/references/genomics/hs37d5.decoy.fa        
Activating conda environment: svim_cutesv
Waiting at most 5 seconds for missing files.
MissingOutputException in rule sv_germ_gasoline in file /data2/mbaragli/python_app/app_python/Snakefile, line 446:
Job 0 completed successfully, but some output files are missing. Missing files after 5 seconds. This might be due to filesystem latency. If that is the case, consider to increase the wait time with --latency-wait:
/data2/mbaragli/python_app/app_python/work_dir/cores30/sv/cores30_gasoline/gasoline_final.vcf (missing locally, parent dir contents: germ)
[Tue Apr 23 15:18:40 2024]
Finished job 6.
4 of 7 steps (57%) done
[Tue Apr 23 15:18:48 2024]
Finished job 3.
5 of 7 steps (71%) done
[Tue Apr 23 15:21:21 2024]
Finished job 5.
6 of 7 steps (86%) done
Exiting because a job execution failed. Look above for error message
Complete log: .snakemake/log/2024-04-23T151712.243991.snakemake.log
WorkflowError:
At least one job did not complete successfully.
