Building DAG of jobs...
Retrieving input from storage.
Using shell: /usr/bin/bash
Provided cores: 1 (use --cores to define parallelism)
Rules claiming more threads will be scaled down.
Job stats:
job               count
--------------  -------
minimap2              1
samtools_index        1
samtools_sort         1
snv_longshot          1
sv_cutesv             1
sv_sniffles           1
total                 6

Select jobs to execute...
Execute 1 jobs...

[Thu Feb  1 15:08:05 2024]
localrule minimap2:
    input: /data2/mbaragli/python_app/pipeline_snakemake/data/genome.fa, /data2/mbaragli/python_app/app_python/work_dir/data/samples/C.fastq
    output: /data2/abimbocci/URCA/mapped_reads/URCA.bam
    jobid: 2
    reason: Missing output files: /data2/abimbocci/URCA/mapped_reads/URCA.bam
    wildcards: sample=URCA
    resources: tmpdir=/tmp

[Thu Feb  1 15:08:07 2024]
Finished job 2.
1 of 6 steps (17%) done
Select jobs to execute...
Execute 1 jobs...

[Thu Feb  1 15:08:07 2024]
localrule samtools_sort:
    input: /data2/abimbocci/URCA/mapped_reads/URCA.bam
    output: /data2/abimbocci/URCA/sorted_reads/URCA_sorted.bam
    jobid: 1
    reason: Missing output files: /data2/abimbocci/URCA/sorted_reads/URCA_sorted.bam; Input files updated by another job: /data2/abimbocci/URCA/mapped_reads/URCA.bam
    wildcards: sample=URCA
    resources: tmpdir=/tmp

[Thu Feb  1 15:08:07 2024]
Finished job 1.
2 of 6 steps (33%) done
Select jobs to execute...
Execute 1 jobs...

[Thu Feb  1 15:08:07 2024]
localrule samtools_index:
    input: /data2/abimbocci/URCA/sorted_reads/URCA_sorted.bam
    output: /data2/abimbocci/URCA/sorted_reads/URCA_sorted.bam.bai
    jobid: 3
    reason: Missing output files: /data2/abimbocci/URCA/sorted_reads/URCA_sorted.bam.bai; Input files updated by another job: /data2/abimbocci/URCA/sorted_reads/URCA_sorted.bam
    wildcards: sample=URCA
    resources: tmpdir=/tmp

[Thu Feb  1 15:08:07 2024]
Finished job 3.
3 of 6 steps (50%) done
Select jobs to execute...
Execute 1 jobs...

[Thu Feb  1 15:08:07 2024]
localrule sv_sniffles:
    input: /data2/mbaragli/python_app/pipeline_snakemake/data/genome.fa, /data2/abimbocci/URCA/sorted_reads/URCA_sorted.bam, /data2/abimbocci/URCA/sorted_reads/URCA_sorted.bam.bai
    output: /data2/abimbocci/URCA/sv/URCA_sniffles.vcf
    jobid: 0
    reason: Missing output files: /data2/abimbocci/URCA/sv/URCA_sniffles.vcf; Input files updated by another job: /data2/abimbocci/URCA/sorted_reads/URCA_sorted.bam, /data2/abimbocci/URCA/sorted_reads/URCA_sorted.bam.bai
    wildcards: sample=URCA
    resources: tmpdir=/tmp

Activating conda environment: sniffles2
[Thu Feb  1 15:08:08 2024]
Finished job 0.
4 of 6 steps (67%) done
Select jobs to execute...
Execute 1 jobs...

[Thu Feb  1 15:08:08 2024]
localrule snv_longshot:
    input: /data2/mbaragli/python_app/pipeline_snakemake/data/genome.fa, /data2/abimbocci/URCA/sorted_reads/URCA_sorted.bam, /data2/abimbocci/URCA/sorted_reads/URCA_sorted.bam.bai
    output: /data2/abimbocci/URCA/snv/URCA_longshot.vcf
    jobid: 5
    reason: Missing output files: /data2/abimbocci/URCA/snv/URCA_longshot.vcf; Input files updated by another job: /data2/abimbocci/URCA/sorted_reads/URCA_sorted.bam, /data2/abimbocci/URCA/sorted_reads/URCA_sorted.bam.bai
    wildcards: sample=URCA
    resources: tmpdir=/tmp

Activating conda environment: longshot2
[Thu Feb  1 15:08:09 2024]
Finished job 5.
5 of 6 steps (83%) done
Select jobs to execute...
Execute 1 jobs...

[Thu Feb  1 15:08:09 2024]
localrule sv_cutesv:
    input: /data2/mbaragli/python_app/pipeline_snakemake/data/genome.fa, /data2/abimbocci/URCA/sorted_reads/URCA_sorted.bam, /data2/abimbocci/URCA/sorted_reads/URCA_sorted.bam.bai, /data2/abimbocci
    output: /data2/abimbocci/URCA/sv/URCA_cutesv.vcf
    jobid: 4
    reason: Missing output files: /data2/abimbocci/URCA/sv/URCA_cutesv.vcf; Input files updated by another job: /data2/abimbocci/URCA/sorted_reads/URCA_sorted.bam, /data2/abimbocci/URCA/sorted_reads/URCA_sorted.bam.bai
    wildcards: sample=URCA
    resources: tmpdir=/tmp

Activating conda environment: svim_cutesv
[Thu Feb  1 15:08:11 2024]
Finished job 4.
6 of 6 steps (100%) done
Complete log: .snakemake/log/2024-02-01T150805.464427.snakemake.log
