Building DAG of jobs...
Using shell: /usr/bin/bash
Provided cores: 30
Rules claiming more threads will be scaled down.
Job stats:
job                    count
-------------------  -------
minimap2                   1
samtools_index             1
samtools_sort              1
snv_clair3                 1
snv_clair3_vep             1
snv_longshot               1
snv_longshot_vep           1
snv_nanocaller             1
snv_nanocaller_vep         1
sv_cutesv                  1
sv_cutesv_annotsv          1
sv_gasoline_annotsv        1
sv_germ_gasoline           1
sv_sniffles                1
sv_sniffles_annotsv        1
sv_svim                    1
sv_svim_annotsv            1
total                     17

Select jobs to execute...
Execute 1 jobs...

[Fri Apr 19 14:20:25 2024]
localrule minimap2:
    input: /data2/utility/references/genomics/hs37d5.decoy.fa, /data2/mbaragli/python_app/app_python/work_dir/data/samples/A.fastq
    output: /data2/mbaragli/python_app/app_python/work_dir/post_pasqua/mapped_reads/post_pasqua.bam
    jobid: 3
    reason: Missing output files: /data2/mbaragli/python_app/app_python/work_dir/post_pasqua/mapped_reads/post_pasqua.bam
    wildcards: sample=post_pasqua
    resources: tmpdir=/tmp

[Fri Apr 19 14:22:14 2024]
Finished job 3.
1 of 17 steps (6%) done
Select jobs to execute...
Execute 1 jobs...

[Fri Apr 19 14:22:14 2024]
localrule samtools_sort:
    input: /data2/mbaragli/python_app/app_python/work_dir/post_pasqua/mapped_reads/post_pasqua.bam
    output: /data2/mbaragli/python_app/app_python/work_dir/post_pasqua/sorted_reads/post_pasqua_sorted.bam
    jobid: 2
    reason: Missing output files: /data2/mbaragli/python_app/app_python/work_dir/post_pasqua/sorted_reads/post_pasqua_sorted.bam; Input files updated by another job: /data2/mbaragli/python_app/app_python/work_dir/post_pasqua/mapped_reads/post_pasqua.bam
    wildcards: sample=post_pasqua
    resources: tmpdir=/tmp

samtools sort  -O bam /data2/mbaragli/python_app/app_python/work_dir/post_pasqua/mapped_reads/post_pasqua.bam > /data2/mbaragli/python_app/app_python/work_dir/post_pasqua/sorted_reads/post_pasqua_sorted.bam
[Fri Apr 19 14:22:15 2024]
Finished job 2.
2 of 17 steps (12%) done
Select jobs to execute...
Execute 2 jobs...

[Fri Apr 19 14:22:16 2024]
localrule sv_germ_gasoline:
    input: /data2/mbaragli/python_app/app_python/work_dir/post_pasqua/sorted_reads/post_pasqua_sorted.bam, /data2/mbaragli/python_app/app_python/work_dir/post_pasqua, /data2/utility/references/genomics/hs37d5.decoy.fa
    output: /data2/mbaragli/python_app/app_python/work_dir/post_pasqua/sv/post_pasqua_gasoline/gasoline_final.vcf
    jobid: 1
    reason: Missing output files: /data2/mbaragli/python_app/app_python/work_dir/post_pasqua/sv/post_pasqua_gasoline/gasoline_final.vcf; Input files updated by another job: /data2/mbaragli/python_app/app_python/work_dir/post_pasqua/sorted_reads/post_pasqua_sorted.bam
    wildcards: sample=post_pasqua
    resources: tmpdir=/tmp


            cd /data2/abimbocci/GASOLINE_1.1/
            perl GASOLINEParse.pl -B /data2/mbaragli/python_app/app_python/work_dir/post_pasqua/sorted_reads/post_pasqua_sorted.bam -L Germ -O /data2/mbaragli/python_app/app_python/work_dir/post_pasqua/sv/post_pasqua_gasoline/germ -R hg19  
            perl GASOLINEGermlineDetector.pl -B /data2/mbaragli/python_app/app_python/work_dir/post_pasqua/sorted_reads/post_pasqua_sorted.bam -L Germ -O /data2/mbaragli/python_app/app_python/work_dir/post_pasqua/sv/post_pasqua_gasoline/germ  -NT 30    
            perl GASOLINEGermlineVCFCreate.pl -L Germ -I /data2/mbaragli/python_app/app_python/work_dir/post_pasqua/sv/post_pasqua_gasoline/germ -O /data2/mbaragli/python_app/app_python/work_dir/post_pasqua/sv/post_pasqua_gasoline/gasoline_final.vcf -RA hg19 -FR /data2/utility/references/genomics/hs37d5.decoy.fa    
            

[Fri Apr 19 14:22:16 2024]
localrule samtools_index:
    input: /data2/mbaragli/python_app/app_python/work_dir/post_pasqua/sorted_reads/post_pasqua_sorted.bam
    output: /data2/mbaragli/python_app/app_python/work_dir/post_pasqua/sorted_reads/post_pasqua_sorted.bam.bai
    jobid: 6
    reason: Missing output files: /data2/mbaragli/python_app/app_python/work_dir/post_pasqua/sorted_reads/post_pasqua_sorted.bam.bai; Input files updated by another job: /data2/mbaragli/python_app/app_python/work_dir/post_pasqua/sorted_reads/post_pasqua_sorted.bam
    wildcards: sample=post_pasqua
    resources: tmpdir=/tmp

samtools index  /data2/mbaragli/python_app/app_python/work_dir/post_pasqua/sorted_reads/post_pasqua_sorted.bam
[Fri Apr 19 14:22:16 2024]
Finished job 6.
3 of 17 steps (18%) done
Select jobs to execute...
Execute 6 jobs...

[Fri Apr 19 14:22:16 2024]
localrule snv_nanocaller:
    input: /data2/utility/references/genomics/hs37d5.decoy.fa, /data2/mbaragli/python_app/app_python/work_dir/post_pasqua/sorted_reads/post_pasqua_sorted.bam, /data2/mbaragli/python_app/app_python/work_dir/post_pasqua/sorted_reads/post_pasqua_sorted.bam.bai
    output: /data2/mbaragli/python_app/app_python/work_dir/post_pasqua/snv/post_pasqua_nanocaller
    jobid: 10
    reason: Missing output files: /data2/mbaragli/python_app/app_python/work_dir/post_pasqua/snv/post_pasqua_nanocaller; Input files updated by another job: /data2/mbaragli/python_app/app_python/work_dir/post_pasqua/sorted_reads/post_pasqua_sorted.bam, /data2/mbaragli/python_app/app_python/work_dir/post_pasqua/sorted_reads/post_pasqua_sorted.bam.bai
    wildcards: sample=post_pasqua
    resources: tmpdir=/tmp

NanoCaller       --bam /data2/mbaragli/python_app/app_python/work_dir/post_pasqua/sorted_reads/post_pasqua_sorted.bam --ref /data2/utility/references/genomics/hs37d5.decoy.fa --output /data2/mbaragli/python_app/app_python/work_dir/post_pasqua/snv/post_pasqua_nanocaller
Activating conda environment: nano_clair3

[Fri Apr 19 14:22:16 2024]
localrule snv_clair3:
    input: /data2/utility/references/genomics/hs37d5.decoy.fa, /data2/mbaragli/python_app/app_python/work_dir/post_pasqua/sorted_reads/post_pasqua_sorted.bam, /data2/mbaragli/python_app/app_python/work_dir/post_pasqua/sorted_reads/post_pasqua_sorted.bam.bai
    output: /data2/mbaragli/python_app/app_python/work_dir/post_pasqua/snv/post_pasqua_clair3
    jobid: 5
    reason: Missing output files: /data2/mbaragli/python_app/app_python/work_dir/post_pasqua/snv/post_pasqua_clair3; Input files updated by another job: /data2/mbaragli/python_app/app_python/work_dir/post_pasqua/sorted_reads/post_pasqua_sorted.bam, /data2/mbaragli/python_app/app_python/work_dir/post_pasqua/sorted_reads/post_pasqua_sorted.bam.bai
    wildcards: sample=post_pasqua
    resources: tmpdir=/tmp

/data2/mbaragli/tools/Clair3/run_clair3.sh --bam_fn=/data2/mbaragli/python_app/app_python/work_dir/post_pasqua/sorted_reads/post_pasqua_sorted.bam --ref_fn=/data2/utility/references/genomics/hs37d5.decoy.fa --output=/data2/mbaragli/python_app/app_python/work_dir/post_pasqua/snv/post_pasqua_clair3 --threads=30 --platform=ont --model_path /data2/abimbocci/tools/Clair3/clair3_models/r941_prom_hac_g238      
Activating conda environment: nano_clair3

[Fri Apr 19 14:22:16 2024]
localrule sv_sniffles:
    input: /data2/utility/references/genomics/hs37d5.decoy.fa, /data2/mbaragli/python_app/app_python/work_dir/post_pasqua/sorted_reads/post_pasqua_sorted.bam, /data2/mbaragli/python_app/app_python/work_dir/post_pasqua/sorted_reads/post_pasqua_sorted.bam.bai
    output: /data2/mbaragli/python_app/app_python/work_dir/post_pasqua/sv/post_pasqua_sniffles.vcf
    jobid: 16
    reason: Missing output files: /data2/mbaragli/python_app/app_python/work_dir/post_pasqua/sv/post_pasqua_sniffles.vcf; Input files updated by another job: /data2/mbaragli/python_app/app_python/work_dir/post_pasqua/sorted_reads/post_pasqua_sorted.bam, /data2/mbaragli/python_app/app_python/work_dir/post_pasqua/sorted_reads/post_pasqua_sorted.bam.bai
    wildcards: sample=post_pasqua
    resources: tmpdir=/tmp

sniffles       --input /data2/mbaragli/python_app/app_python/work_dir/post_pasqua/sorted_reads/post_pasqua_sorted.bam --reference /data2/utility/references/genomics/hs37d5.decoy.fa --vcf /data2/mbaragli/python_app/app_python/work_dir/post_pasqua/sv/post_pasqua_sniffles.vcf
Activating conda environment: sniffles2

[Fri Apr 19 14:22:16 2024]
localrule sv_cutesv:
    input: /data2/utility/references/genomics/hs37d5.decoy.fa, /data2/mbaragli/python_app/app_python/work_dir/post_pasqua/sorted_reads/post_pasqua_sorted.bam, /data2/mbaragli/python_app/app_python/work_dir/post_pasqua/sorted_reads/post_pasqua_sorted.bam.bai, /data2/mbaragli/python_app/app_python/work_dir/post_pasqua
    output: /data2/mbaragli/python_app/app_python/work_dir/post_pasqua/sv/post_pasqua_cutesv.vcf
    jobid: 12
    reason: Missing output files: /data2/mbaragli/python_app/app_python/work_dir/post_pasqua/sv/post_pasqua_cutesv.vcf; Input files updated by another job: /data2/mbaragli/python_app/app_python/work_dir/post_pasqua/sorted_reads/post_pasqua_sorted.bam, /data2/mbaragli/python_app/app_python/work_dir/post_pasqua/sorted_reads/post_pasqua_sorted.bam.bai
    wildcards: sample=post_pasqua
    resources: tmpdir=/tmp

cuteSV        /data2/mbaragli/python_app/app_python/work_dir/post_pasqua/sorted_reads/post_pasqua_sorted.bam /data2/utility/references/genomics/hs37d5.decoy.fa /data2/mbaragli/python_app/app_python/work_dir/post_pasqua/sv/post_pasqua_cutesv.vcf /data2/mbaragli/python_app/app_python/work_dir/post_pasqua
Activating conda environment: svim_cutesv

[Fri Apr 19 14:22:16 2024]
localrule sv_svim:
    input: /data2/utility/references/genomics/hs37d5.decoy.fa, /data2/mbaragli/python_app/app_python/work_dir/post_pasqua/sorted_reads/post_pasqua_sorted.bam, /data2/mbaragli/python_app/app_python/work_dir/post_pasqua/sorted_reads/post_pasqua_sorted.bam.bai
    output: /data2/mbaragli/python_app/app_python/work_dir/post_pasqua/sv/post_pasqua_svim
    jobid: 8
    reason: Missing output files: /data2/mbaragli/python_app/app_python/work_dir/post_pasqua/sv/post_pasqua_svim; Input files updated by another job: /data2/mbaragli/python_app/app_python/work_dir/post_pasqua/sorted_reads/post_pasqua_sorted.bam, /data2/mbaragli/python_app/app_python/work_dir/post_pasqua/sorted_reads/post_pasqua_sorted.bam.bai
    wildcards: sample=post_pasqua
    resources: tmpdir=/tmp

svim alignment /data2/mbaragli/python_app/app_python/work_dir/post_pasqua/sv/post_pasqua_svim /data2/mbaragli/python_app/app_python/work_dir/post_pasqua/sorted_reads/post_pasqua_sorted.bam /data2/utility/references/genomics/hs37d5.decoy.fa        
Activating conda environment: svim_cutesv

[Fri Apr 19 14:22:16 2024]
localrule snv_longshot:
    input: /data2/utility/references/genomics/hs37d5.decoy.fa, /data2/mbaragli/python_app/app_python/work_dir/post_pasqua/sorted_reads/post_pasqua_sorted.bam, /data2/mbaragli/python_app/app_python/work_dir/post_pasqua/sorted_reads/post_pasqua_sorted.bam.bai
    output: /data2/mbaragli/python_app/app_python/work_dir/post_pasqua/snv/post_pasqua_longshot.vcf
    jobid: 14
    reason: Missing output files: /data2/mbaragli/python_app/app_python/work_dir/post_pasqua/snv/post_pasqua_longshot.vcf; Input files updated by another job: /data2/mbaragli/python_app/app_python/work_dir/post_pasqua/sorted_reads/post_pasqua_sorted.bam, /data2/mbaragli/python_app/app_python/work_dir/post_pasqua/sorted_reads/post_pasqua_sorted.bam.bai
    wildcards: sample=post_pasqua
    resources: tmpdir=/tmp

longshot        --bam /data2/mbaragli/python_app/app_python/work_dir/post_pasqua/sorted_reads/post_pasqua_sorted.bam --ref /data2/utility/references/genomics/hs37d5.decoy.fa --out /data2/mbaragli/python_app/app_python/work_dir/post_pasqua/snv/post_pasqua_longshot.vcf
Activating conda environment: longshot2
Waiting at most 5 seconds for missing files.
MissingOutputException in rule sv_germ_gasoline in file /data2/mbaragli/python_app/app_python/Snakefile, line 430:
Job 1  completed successfully, but some output files are missing. Missing files after 5 seconds. This might be due to filesystem latency. If that is the case, consider to increase the wait time with --latency-wait:
/data2/mbaragli/python_app/app_python/work_dir/post_pasqua/sv/post_pasqua_gasoline/gasoline_final.vcf (missing locally, parent dir contents: germ)
[Fri Apr 19 14:22:30 2024]
Finished job 14.
4 of 17 steps (24%) done
Select jobs to execute...
Execute 1 jobs...

[Fri Apr 19 14:22:30 2024]
localrule snv_longshot_vep:
    input: /data2/mbaragli/python_app/app_python/work_dir/post_pasqua/snv/post_pasqua_longshot.vcf
    output: /data2/mbaragli/python_app/app_python/work_dir/post_pasqua/snv/post_pasqua_longshot_vep.vcf
    jobid: 13
    reason: Missing output files: /data2/mbaragli/python_app/app_python/work_dir/post_pasqua/snv/post_pasqua_longshot_vep.vcf; Input files updated by another job: /data2/mbaragli/python_app/app_python/work_dir/post_pasqua/snv/post_pasqua_longshot.vcf
    wildcards: sample=post_pasqua
    resources: tmpdir=/tmp

vep -format vcf -i /data2/mbaragli/python_app/app_python/work_dir/post_pasqua/snv/post_pasqua_longshot.vcf -o /data2/mbaragli/python_app/app_python/work_dir/post_pasqua/snv/post_pasqua_longshot_vep.vcf --vcf --assembly GRCh37       --database --fork 30
Activating conda environment: vep
[Fri Apr 19 14:22:47 2024]
Finished job 16.
5 of 17 steps (29%) done
Select jobs to execute...
Execute 1 jobs...

[Fri Apr 19 14:22:47 2024]
localrule sv_sniffles_annotsv:
    input: /data2/mbaragli/python_app/app_python/work_dir/post_pasqua/sv/post_pasqua_sniffles.vcf
    output: /data2/mbaragli/python_app/app_python/work_dir/post_pasqua/sv/post_pasqua_sniffles_annotsv.tsv
    jobid: 15
    reason: Missing output files: /data2/mbaragli/python_app/app_python/work_dir/post_pasqua/sv/post_pasqua_sniffles_annotsv.tsv; Input files updated by another job: /data2/mbaragli/python_app/app_python/work_dir/post_pasqua/sv/post_pasqua_sniffles.vcf
    wildcards: sample=post_pasqua
    resources: tmpdir=/tmp

/data2/mbaragli/tools/annotSV/AnnotSV/bin/AnnotSV -genomeBuild GRCh37 -SVinputFile /data2/mbaragli/python_app/app_python/work_dir/post_pasqua/sv/post_pasqua_sniffles.vcf -outputFile /data2/mbaragli/python_app/app_python/work_dir/post_pasqua/sv/post_pasqua_sniffles_annotsv.tsv      -vcf 1 -svtBEDcol 1
[Fri Apr 19 14:22:48 2024]
Finished job 8.
6 of 17 steps (35%) done
Select jobs to execute...
Execute 1 jobs...

[Fri Apr 19 14:22:48 2024]
localrule sv_svim_annotsv:
    input: /data2/mbaragli/python_app/app_python/work_dir/post_pasqua/sv/post_pasqua_svim
    output: /data2/mbaragli/python_app/app_python/work_dir/post_pasqua/sv/post_pasqua_svim_annotsv.tsv
    jobid: 7
    reason: Missing output files: /data2/mbaragli/python_app/app_python/work_dir/post_pasqua/sv/post_pasqua_svim_annotsv.tsv; Input files updated by another job: /data2/mbaragli/python_app/app_python/work_dir/post_pasqua/sv/post_pasqua_svim
    wildcards: sample=post_pasqua
    resources: tmpdir=/tmp

/data2/mbaragli/tools/annotSV/AnnotSV/bin/AnnotSV -genomeBuild GRCh37 -SVinputFile /data2/mbaragli/python_app/app_python/work_dir/post_pasqua/sv/post_pasqua_svim/variants.vcf -outputFile /data2/mbaragli/python_app/app_python/work_dir/post_pasqua/sv/post_pasqua_svim_annotsv.tsv      -vcf 1 -svtBEDcol 1
Waiting at most 5 seconds for missing files.
MissingOutputException in rule sv_sniffles_annotsv in file /data2/mbaragli/python_app/app_python/Snakefile, line 302:
Job 15  completed successfully, but some output files are missing. Missing files after 5 seconds. This might be due to filesystem latency. If that is the case, consider to increase the wait time with --latency-wait:
/data2/mbaragli/python_app/app_python/work_dir/post_pasqua/sv/post_pasqua_sniffles_annotsv.tsv (missing locally, parent dir contents: post_pasqua_gasoline, post_pasqua_sniffles.vcf, post_pasqua_svim)
Waiting at most 5 seconds for missing files.
MissingOutputException in rule sv_svim_annotsv in file /data2/mbaragli/python_app/app_python/Snakefile, line 337:
Job 7  completed successfully, but some output files are missing. Missing files after 5 seconds. This might be due to filesystem latency. If that is the case, consider to increase the wait time with --latency-wait:
/data2/mbaragli/python_app/app_python/work_dir/post_pasqua/sv/post_pasqua_svim_annotsv.tsv (missing locally, parent dir contents: post_pasqua_gasoline, post_pasqua_sniffles.vcf, post_pasqua_svim)
[Fri Apr 19 14:23:50 2024]
Finished job 13.
7 of 17 steps (41%) done
[Fri Apr 19 14:51:38 2024]
Finished job 12.
8 of 17 steps (47%) done
Select jobs to execute...
Execute 1 jobs...

[Fri Apr 19 14:51:38 2024]
localrule sv_cutesv_annotsv:
    input: /data2/mbaragli/python_app/app_python/work_dir/post_pasqua/sv/post_pasqua_cutesv.vcf
    output: /data2/mbaragli/python_app/app_python/work_dir/post_pasqua/sv/post_pasqua_cutesv_annotsv.tsv
    jobid: 11
    reason: Missing output files: /data2/mbaragli/python_app/app_python/work_dir/post_pasqua/sv/post_pasqua_cutesv_annotsv.tsv; Input files updated by another job: /data2/mbaragli/python_app/app_python/work_dir/post_pasqua/sv/post_pasqua_cutesv.vcf
    wildcards: sample=post_pasqua
    resources: tmpdir=/tmp

/data2/mbaragli/tools/annotSV/AnnotSV/bin/AnnotSV -genomeBuild GRCh37 -SVinputFile /data2/mbaragli/python_app/app_python/work_dir/post_pasqua/sv/post_pasqua_cutesv.vcf -outputFile /data2/mbaragli/python_app/app_python/work_dir/post_pasqua/sv/post_pasqua_cutesv_annotsv.tsv      -vcf 1 -svtBEDcol 1
Waiting at most 5 seconds for missing files.
MissingOutputException in rule sv_cutesv_annotsv in file /data2/mbaragli/python_app/app_python/Snakefile, line 373:
Job 11  completed successfully, but some output files are missing. Missing files after 5 seconds. This might be due to filesystem latency. If that is the case, consider to increase the wait time with --latency-wait:
/data2/mbaragli/python_app/app_python/work_dir/post_pasqua/sv/post_pasqua_cutesv_annotsv.tsv (missing locally, parent dir contents: post_pasqua_gasoline, post_pasqua_sniffles.vcf, post_pasqua_svim, post_pasqua_cutesv.vcf)
[Fri Apr 19 15:01:08 2024]
Finished job 5.
9 of 17 steps (53%) done
Select jobs to execute...
Execute 1 jobs...

[Fri Apr 19 15:01:08 2024]
localrule snv_clair3_vep:
    input: /data2/mbaragli/python_app/app_python/work_dir/post_pasqua/snv/post_pasqua_clair3
    output: /data2/mbaragli/python_app/app_python/work_dir/post_pasqua/snv/post_pasqua_clair3_vep.vcf
    jobid: 4
    reason: Missing output files: /data2/mbaragli/python_app/app_python/work_dir/post_pasqua/snv/post_pasqua_clair3_vep.vcf; Input files updated by another job: /data2/mbaragli/python_app/app_python/work_dir/post_pasqua/snv/post_pasqua_clair3
    wildcards: sample=post_pasqua
    resources: tmpdir=/tmp

vep -format vcf -i /data2/mbaragli/python_app/app_python/work_dir/post_pasqua/snv/post_pasqua_clair3/merge_output.vcf.gz -o /data2/mbaragli/python_app/app_python/work_dir/post_pasqua/snv/post_pasqua_clair3_vep.vcf --vcf --assembly GRCh37       --database --fork 30
Activating conda environment: vep
[Fri Apr 19 15:03:13 2024]
Finished job 4.
10 of 17 steps (59%) done
Terminating processes on user request, this might take some time.
