Building DAG of jobs...
Retrieving input from storage.
Using shell: /usr/bin/bash
Provided cores: 1 (use --cores to define parallelism)
Rules claiming more threads will be scaled down.
Job stats:
job               count
--------------  -------
minimap2              1
samtools_index        1
samtools_sort         1
snv_longshot          1
sv_sniffles           1
total                 5

Select jobs to execute...
Execute 1 jobs...

[Thu Feb  1 10:50:51 2024]
localrule minimap2:
    input: /data2/mbaragli/python_app/pipeline_snakemake/data/genome.fa, /data2/mbaragli/python_app/app_python/work_dir/data/samples/A.fastq
    output: /data2/mbaragli/python_app/app_python/work_dir/mapped_reads/A.bam
    jobid: 2
    reason: Missing output files: /data2/mbaragli/python_app/app_python/work_dir/mapped_reads/A.bam
    wildcards: sample=A
    resources: tmpdir=/tmp

[Thu Feb  1 10:50:53 2024]
Finished job 2.
1 of 5 steps (20%) done
Select jobs to execute...
Execute 1 jobs...

[Thu Feb  1 10:50:53 2024]
localrule samtools_sort:
    input: /data2/mbaragli/python_app/app_python/work_dir/mapped_reads/A.bam
    output: /data2/mbaragli/python_app/app_python/work_dir/sorted_reads/A_sorted.bam
    jobid: 1
    reason: Missing output files: /data2/mbaragli/python_app/app_python/work_dir/sorted_reads/A_sorted.bam; Input files updated by another job: /data2/mbaragli/python_app/app_python/work_dir/mapped_reads/A.bam
    wildcards: sample=A
    resources: tmpdir=/tmp

[Thu Feb  1 10:50:53 2024]
Finished job 1.
2 of 5 steps (40%) done
Select jobs to execute...
Execute 1 jobs...

[Thu Feb  1 10:50:53 2024]
localrule samtools_index:
    input: /data2/mbaragli/python_app/app_python/work_dir/sorted_reads/A_sorted.bam
    output: /data2/mbaragli/python_app/app_python/work_dir/sorted_reads/A_sorted.bam.bai
    jobid: 3
    reason: Missing output files: /data2/mbaragli/python_app/app_python/work_dir/sorted_reads/A_sorted.bam.bai; Input files updated by another job: /data2/mbaragli/python_app/app_python/work_dir/sorted_reads/A_sorted.bam
    wildcards: sample=A
    resources: tmpdir=/tmp

[Thu Feb  1 10:50:53 2024]
Finished job 3.
3 of 5 steps (60%) done
Select jobs to execute...
Execute 1 jobs...

[Thu Feb  1 10:50:53 2024]
localrule snv_longshot:
    input: /data2/mbaragli/python_app/pipeline_snakemake/data/genome.fa, /data2/mbaragli/python_app/app_python/work_dir/sorted_reads/A_sorted.bam, /data2/mbaragli/python_app/app_python/work_dir/sorted_reads/A_sorted.bam.bai
    output: /data2/mbaragli/python_app/app_python/work_dir/snv/A_longshot.vcf
    jobid: 0
    reason: Missing output files: /data2/mbaragli/python_app/app_python/work_dir/snv/A_longshot.vcf; Input files updated by another job: /data2/mbaragli/python_app/app_python/work_dir/sorted_reads/A_sorted.bam.bai, /data2/mbaragli/python_app/app_python/work_dir/sorted_reads/A_sorted.bam
    wildcards: sample=A
    resources: tmpdir=/tmp

Activating conda environment: longshot2
[Thu Feb  1 10:50:54 2024]
Finished job 0.
4 of 5 steps (80%) done
Select jobs to execute...
Execute 1 jobs...

[Thu Feb  1 10:50:54 2024]
localrule sv_sniffles:
    input: /data2/mbaragli/python_app/pipeline_snakemake/data/genome.fa, /data2/mbaragli/python_app/app_python/work_dir/sorted_reads/A_sorted.bam, /data2/mbaragli/python_app/app_python/work_dir/sorted_reads/A_sorted.bam.bai
    output: /data2/mbaragli/python_app/app_python/work_dir/sv/A_sniffles.vcf
    jobid: 4
    reason: Missing output files: /data2/mbaragli/python_app/app_python/work_dir/sv/A_sniffles.vcf; Input files updated by another job: /data2/mbaragli/python_app/app_python/work_dir/sorted_reads/A_sorted.bam.bai, /data2/mbaragli/python_app/app_python/work_dir/sorted_reads/A_sorted.bam
    wildcards: sample=A
    resources: tmpdir=/tmp

Activating conda environment: sniffles2
[Thu Feb  1 10:50:55 2024]
Finished job 4.
5 of 5 steps (100%) done
Complete log: .snakemake/log/2024-02-01T105050.350358.snakemake.log
