Building DAG of jobs...
Retrieving input from storage.
Using shell: /usr/bin/bash
Provided cores: 1 (use --cores to define parallelism)
Rules claiming more threads will be scaled down.
Job stats:
job             count
------------  -------
snv_longshot        1
sv_cutesv           1
total               2

Select jobs to execute...
Execute 1 jobs...

[Fri Feb  9 16:03:28 2024]
localrule snv_longshot:
    input: /data2/utility/references/genomics/hs37d5.decoy.fa, /data2/mbaragli/Meyer/alignment/Meyer_04072023_opnfast5_merged_sorted.bam, /data2/mbaragli/Meyer/alignment/Meyer_04072023_opnfast5_merged_sorted.bam.bai
    output: /data2/mbaragli/python_app/app_python/work_dir/rizzo/snv/rizzo_longshot.vcf
    jobid: 2
    reason: Missing output files: /data2/mbaragli/python_app/app_python/work_dir/rizzo/snv/rizzo_longshot.vcf
    wildcards: sample=rizzo
    resources: tmpdir=/tmp

Activating conda environment: longshot2
[Fri Feb  9 16:03:46 2024]
Finished job 2.
1 of 2 steps (50%) done
Select jobs to execute...
Execute 1 jobs...

[Fri Feb  9 16:03:46 2024]
localrule sv_cutesv:
    input: /data2/utility/references/genomics/hs37d5.decoy.fa, /data2/mbaragli/Meyer/alignment/Meyer_04072023_opnfast5_merged_sorted.bam, /data2/mbaragli/Meyer/alignment/Meyer_04072023_opnfast5_merged_sorted.bam.bai, /data2/mbaragli/python_app/app_python/work_dir
    output: /data2/mbaragli/python_app/app_python/work_dir/rizzo/sv/rizzo_cutesv.vcf
    jobid: 3
    reason: Missing output files: /data2/mbaragli/python_app/app_python/work_dir/rizzo/sv/rizzo_cutesv.vcf
    wildcards: sample=rizzo
    resources: tmpdir=/tmp

Activating conda environment: svim_cutesv
[Fri Feb  9 16:03:46 2024]
Error in rule sv_cutesv:
    jobid: 3
    input: /data2/utility/references/genomics/hs37d5.decoy.fa, /data2/mbaragli/Meyer/alignment/Meyer_04072023_opnfast5_merged_sorted.bam, /data2/mbaragli/Meyer/alignment/Meyer_04072023_opnfast5_merged_sorted.bam.bai, /data2/mbaragli/python_app/app_python/work_dir
    output: /data2/mbaragli/python_app/app_python/work_dir/rizzo/sv/rizzo_cutesv.vcf
    conda-env: svim_cutesv
    shell:
        cuteSV        /data2/mbaragli/Meyer/alignment/Meyer_04072023_opnfast5_merged_sorted.bam /data2/utility/references/genomics/hs37d5.decoy.fa /data2/mbaragli/python_app/app_python/work_dir/rizzo/sv/rizzo_cutesv.vcf /data2/mbaragli/python_app/app_python/work_dir
        (one of the commands exited with non-zero exit code; note that snakemake uses bash strict mode!)

Shutting down, this might take some time.
Exiting because a job execution failed. Look above for error message
Complete log: .snakemake/log/2024-02-09T160326.382519.snakemake.log
WorkflowError:
At least one job did not complete successfully.
