Building DAG of jobs...
Retrieving input from storage.
Using shell: /usr/bin/bash
Provided cores: 1 (use --cores to define parallelism)
Rules claiming more threads will be scaled down.
Job stats:
job              count
-------------  -------
bwa_map              1
samtools_sort        1
sv_sniffles          1
sv_svim              1
total                4

Select jobs to execute...
Execute 1 jobs...

[Fri Jan 12 11:02:34 2024]
localrule bwa_map:
    input: /data2/mbaragli/python_app/pipeline_snakemake/data/genome.fa, /data2/mbaragli/python_app/app_python/work_dir/data/samples/A.fastq
    output: /data2/mbaragli/python_app/app_python/work_dir/mapped_reads/A.bam
    jobid: 2
    reason: Missing output files: /data2/mbaragli/python_app/app_python/work_dir/mapped_reads/A.bam
    wildcards: sample=A
    resources: tmpdir=/tmp

[Fri Jan 12 11:02:36 2024]
Finished job 2.
1 of 4 steps (25%) done
Select jobs to execute...
Execute 1 jobs...

[Fri Jan 12 11:02:36 2024]
localrule samtools_sort:
    input: /data2/mbaragli/python_app/app_python/work_dir/mapped_reads/A.bam
    output: /data2/mbaragli/python_app/app_python/work_dir/sorted_reads/A_sorted.bam, /data2/mbaragli/python_app/app_python/work_dir/sorted_reads/A_sorted.bam.bai
    jobid: 1
    reason: Missing output files: /data2/mbaragli/python_app/app_python/work_dir/sorted_reads/A_sorted.bam.bai, /data2/mbaragli/python_app/app_python/work_dir/sorted_reads/A_sorted.bam; Input files updated by another job: /data2/mbaragli/python_app/app_python/work_dir/mapped_reads/A.bam
    wildcards: sample=A
    resources: tmpdir=/tmp

[Fri Jan 12 11:02:36 2024]
Finished job 1.
2 of 4 steps (50%) done
Select jobs to execute...
Execute 1 jobs...

[Fri Jan 12 11:02:37 2024]
localrule sv_sniffles:
    input: /data2/mbaragli/python_app/pipeline_snakemake/data/genome.fa, /data2/mbaragli/python_app/app_python/work_dir/sorted_reads/A_sorted.bam, /data2/mbaragli/python_app/app_python/work_dir/sorted_reads/A_sorted.bam.bai
    output: /data2/mbaragli/python_app/app_python/work_dir/sv/A_sniffles.vcf
    jobid: 3
    reason: Missing output files: /data2/mbaragli/python_app/app_python/work_dir/sv/A_sniffles.vcf; Input files updated by another job: /data2/mbaragli/python_app/app_python/work_dir/sorted_reads/A_sorted.bam.bai, /data2/mbaragli/python_app/app_python/work_dir/sorted_reads/A_sorted.bam
    wildcards: sample=A
    resources: tmpdir=/tmp

Activating conda environment: ../../.conda/envs/SV
