Building DAG of jobs...
Using shell: /usr/bin/bash
Provided cores: 1 (use --cores to define parallelism)
Rules claiming more threads will be scaled down.
Job stats:
job         count
--------  -------
minimap2        1
total           1

Select jobs to execute...

[Wed Apr 17 14:41:35 2024]
rule minimap2:
    input: /data2/utility/references/genomics/hs37d5.decoy.fa, /data2/abimbocci/snakemake_tutorial/data/samples/A.fastq
    output: /data2/mbaragli/python_app/app_python/work_dir/pinolo/mapped_reads/pinolo.bam
    jobid: 0
    reason: Missing output files: /data2/mbaragli/python_app/app_python/work_dir/pinolo/mapped_reads/pinolo.bam
    wildcards: sample=pinolo
    resources: tmpdir=/tmp

[Wed Apr 17 14:42:42 2024]
Finished job 0.
1 of 1 steps (100%) done
Complete log: .snakemake/log/2024-04-17T144135.541591.snakemake.log
