Building DAG of jobs...
Retrieving input from storage.
Using shell: /usr/bin/bash
Provided cores: 1 (use --cores to define parallelism)
Rules claiming more threads will be scaled down.
Job stats:
job             count
------------  -------
snv_longshot        1
sv_sniffles         1
sv_svim             1
total               3

Select jobs to execute...
Execute 1 jobs...

[Wed Jan 31 17:17:11 2024]
localrule snv_longshot:
    input: /data2/mbaragli/python_app/pipeline_snakemake/data/genome.fa, /data2/mbaragli/python_app/app_python/PROVA_sorted.bam, /data2/mbaragli/python_app/app_python/PROVA_sorted.bam.bai
    output: /data2/mbaragli/python_app/app_python/work_dir/snv/TRULLO_longshot.vcf
    jobid: 1
    reason: Missing output files: /data2/mbaragli/python_app/app_python/work_dir/snv/TRULLO_longshot.vcf
    wildcards: sample=TRULLO
    resources: tmpdir=/tmp

Activating conda environment: longshot2
[Wed Jan 31 17:17:13 2024]
Finished job 1.
1 of 3 steps (33%) done
Select jobs to execute...
Execute 1 jobs...

[Wed Jan 31 17:17:13 2024]
localrule sv_sniffles:
    input: /data2/mbaragli/python_app/pipeline_snakemake/data/genome.fa, /data2/mbaragli/python_app/app_python/PROVA_sorted.bam, /data2/mbaragli/python_app/app_python/PROVA_sorted.bam.bai
    output: /data2/mbaragli/python_app/app_python/work_dir/sv/TRULLO_sniffles.vcf
    jobid: 2
    reason: Missing output files: /data2/mbaragli/python_app/app_python/work_dir/sv/TRULLO_sniffles.vcf
    wildcards: sample=TRULLO
    resources: tmpdir=/tmp

Activating conda environment: sniffles2
[Wed Jan 31 17:17:14 2024]
Finished job 2.
2 of 3 steps (67%) done
Select jobs to execute...
Execute 1 jobs...

[Wed Jan 31 17:17:14 2024]
localrule sv_svim:
    input: /data2/mbaragli/python_app/pipeline_snakemake/data/genome.fa, /data2/mbaragli/python_app/app_python/PROVA_sorted.bam, /data2/mbaragli/python_app/app_python/PROVA_sorted.bam.bai
    output: /data2/mbaragli/python_app/app_python/work_dir/sv/TRULLO_svim
    jobid: 0
    reason: Missing output files: /data2/mbaragli/python_app/app_python/work_dir/sv/TRULLO_svim
    wildcards: sample=TRULLO
    resources: tmpdir=/tmp

Activating conda environment: svim_cutesv
[Wed Jan 31 17:17:21 2024]
Finished job 0.
3 of 3 steps (100%) done
Complete log: .snakemake/log/2024-01-31T171711.461532.snakemake.log
