Building DAG of jobs...
Retrieving input from storage.
Using shell: /usr/bin/bash
Provided cores: 1 (use --cores to define parallelism)
Rules claiming more threads will be scaled down.
Job stats:
job               count
--------------  -------
bwa_map               1
samtools_index        1
samtools_sort         1
snv_longshot          1
sv_sniffles           1
sv_svim               1
total                 6

Select jobs to execute...
Execute 1 jobs...

[Fri Jan 12 15:23:08 2024]
localrule bwa_map:
    input: /data2/mbaragli/python_app/pipeline_snakemake/data/genome.fa, /data2/mbaragli/python_app/app_python/work_dir/data/samples/A.fastq
    output: /data2/mbaragli/python_app/app_python/work_dir/mapped_reads/PIPPO.bam
    jobid: 2
    reason: Missing output files: /data2/mbaragli/python_app/app_python/work_dir/mapped_reads/PIPPO.bam
    wildcards: sample=PIPPO
    resources: tmpdir=/tmp

[Fri Jan 12 15:23:10 2024]
Finished job 2.
1 of 6 steps (17%) done
Select jobs to execute...
Execute 1 jobs...

[Fri Jan 12 15:23:10 2024]
localrule samtools_sort:
    input: /data2/mbaragli/python_app/app_python/work_dir/mapped_reads/PIPPO.bam
    output: /data2/mbaragli/python_app/app_python/work_dir/sorted_reads/PIPPO_sorted.bam
    jobid: 1
    reason: Missing output files: /data2/mbaragli/python_app/app_python/work_dir/sorted_reads/PIPPO_sorted.bam; Input files updated by another job: /data2/mbaragli/python_app/app_python/work_dir/mapped_reads/PIPPO.bam; Code has changed since last execution
    wildcards: sample=PIPPO
    resources: tmpdir=/tmp

[Fri Jan 12 15:23:11 2024]
Finished job 1.
2 of 6 steps (33%) done
Select jobs to execute...
Execute 1 jobs...

[Fri Jan 12 15:23:11 2024]
localrule samtools_index:
    input: /data2/mbaragli/python_app/app_python/work_dir/sorted_reads/PIPPO_sorted.bam
    output: /data2/mbaragli/python_app/app_python/work_dir/sorted_reads/PIPPO_sorted.bam.bai
    jobid: 3
    reason: Missing output files: /data2/mbaragli/python_app/app_python/work_dir/sorted_reads/PIPPO_sorted.bam.bai; Input files updated by another job: /data2/mbaragli/python_app/app_python/work_dir/sorted_reads/PIPPO_sorted.bam
    wildcards: sample=PIPPO
    resources: tmpdir=/tmp

[Fri Jan 12 15:23:11 2024]
Finished job 3.
3 of 6 steps (50%) done
Select jobs to execute...
Execute 1 jobs...

[Fri Jan 12 15:23:11 2024]
localrule sv_svim:
    input: /data2/mbaragli/python_app/pipeline_snakemake/data/genome.fa, /data2/mbaragli/python_app/app_python/work_dir/sorted_reads/PIPPO_sorted.bam, /data2/mbaragli/python_app/app_python/work_dir/sorted_reads/PIPPO_sorted.bam.bai
    output: /data2/mbaragli/python_app/app_python/work_dir/sv/PIPPO_svim
    jobid: 0
    reason: Input files updated by another job: /data2/mbaragli/python_app/app_python/work_dir/sorted_reads/PIPPO_sorted.bam.bai, /data2/mbaragli/python_app/app_python/work_dir/sorted_reads/PIPPO_sorted.bam
    wildcards: sample=PIPPO
    resources: tmpdir=/tmp

Activating conda environment: svim_cutesv
[Fri Jan 12 15:23:18 2024]
Finished job 0.
4 of 6 steps (67%) done
Select jobs to execute...
Execute 1 jobs...

[Fri Jan 12 15:23:18 2024]
localrule snv_longshot:
    input: /data2/mbaragli/python_app/pipeline_snakemake/data/genome.fa, /data2/mbaragli/python_app/app_python/work_dir/sorted_reads/PIPPO_sorted.bam, /data2/mbaragli/python_app/app_python/work_dir/sorted_reads/PIPPO_sorted.bam.bai
    output: /data2/mbaragli/python_app/app_python/work_dir/snv/PIPPO_longshot.vcf
    jobid: 5
    reason: Input files updated by another job: /data2/mbaragli/python_app/app_python/work_dir/sorted_reads/PIPPO_sorted.bam.bai, /data2/mbaragli/python_app/app_python/work_dir/sorted_reads/PIPPO_sorted.bam
    wildcards: sample=PIPPO
    resources: tmpdir=/tmp

Activating conda environment: longshot2
[Fri Jan 12 15:23:19 2024]
Finished job 5.
5 of 6 steps (83%) done
Select jobs to execute...
Execute 1 jobs...

[Fri Jan 12 15:23:19 2024]
localrule sv_sniffles:
    input: /data2/mbaragli/python_app/pipeline_snakemake/data/genome.fa, /data2/mbaragli/python_app/app_python/work_dir/sorted_reads/PIPPO_sorted.bam, /data2/mbaragli/python_app/app_python/work_dir/sorted_reads/PIPPO_sorted.bam.bai
    output: /data2/mbaragli/python_app/app_python/work_dir/sv/PIPPO_sniffles.vcf
    jobid: 4
    reason: Input files updated by another job: /data2/mbaragli/python_app/app_python/work_dir/sorted_reads/PIPPO_sorted.bam.bai, /data2/mbaragli/python_app/app_python/work_dir/sorted_reads/PIPPO_sorted.bam
    wildcards: sample=PIPPO
    resources: tmpdir=/tmp

Activating conda environment: sniffles2
[Fri Jan 12 15:23:20 2024]
Finished job 4.
6 of 6 steps (100%) done
Complete log: .snakemake/log/2024-01-12T152308.798369.snakemake.log
