Building DAG of jobs...
Retrieving input from storage.
Using shell: /usr/bin/bash
Provided cores: 30
Rules claiming more threads will be scaled down.
Job stats:
job                 count
----------------  -------
sv_germ_gasoline        1
total                   1

Select jobs to execute...
Execute 1 jobs...

[Thu Feb 29 16:27:53 2024]
localrule sv_germ_gasoline:
    input: /data2/gmattei/SimulatedSV/Alignments/pbsim.ont.ngmlr.simulated.SV.1k.and.normal.reads.5.0x.srt.bam, /data2/mbaragli/python_app/app_python/work_dir/qual20, /data2/utility/references/genomics/hs37d5.decoy.fa
    output: /data2/mbaragli/python_app/app_python/work_dir/qual20/sv/qual20_gasoline/gasoline_final.vcf
    jobid: 0
    reason: Missing output files: /data2/mbaragli/python_app/app_python/work_dir/qual20/sv/qual20_gasoline/gasoline_final.vcf
    wildcards: sample=qual20
    resources: tmpdir=/tmp


            cd /data2/abimbocci/GASOLINE_1.1/
            perl GASOLINEParse.pl -B /data2/gmattei/SimulatedSV/Alignments/pbsim.ont.ngmlr.simulated.SV.1k.and.normal.reads.5.0x.srt.bam -L Germ -O /data2/mbaragli/python_app/app_python/work_dir/qual20/sv/qual20_gasoline/germ -R hg19 -Q 20 
            perl GASOLINEGermlineDetector.pl -B /data2/gmattei/SimulatedSV/Alignments/pbsim.ont.ngmlr.simulated.SV.1k.and.normal.reads.5.0x.srt.bam -L Germ -O /data2/mbaragli/python_app/app_python/work_dir/qual20/sv/qual20_gasoline/germ -Q 20 -NT 30 -NS 5000 -Q 20 -MS 2 -OT 0.8
            perl GASOLINEGermlineVCFCreate.pl -L Germ -I /data2/mbaragli/python_app/app_python/work_dir/qual20/sv/qual20_gasoline/germ -O /data2/mbaragli/python_app/app_python/work_dir/qual20/sv/qual20_gasoline/gasoline_final.vcf -RA hg19 -FR /data2/utility/references/genomics/hs37d5.decoy.fa -TS 40 -TC 10 -TI 0.8 -TO 0.9
            
[Thu Feb 29 17:08:23 2024]
Finished job 0.
1 of 1 steps (100%) done
Complete log: .snakemake/log/2024-02-29T162753.451279.snakemake.log
