Building DAG of jobs...
Retrieving input from storage.
Using shell: /usr/bin/bash
Provided cores: 1 (use --cores to define parallelism)
Rules claiming more threads will be scaled down.
Job stats:
job                    count
-------------------  -------
samtools_index             1
samtools_sort              1
snv_longshot               1
sv_cutesv                  1
sv_cutesv_annotsv          1
sv_longshot_vep            1
sv_sniffles                1
sv_sniffles_annotsv        1
total                      8

Select jobs to execute...
Execute 1 jobs...

[Wed Feb 14 11:02:52 2024]
localrule samtools_sort:
    input: /data2/mbaragli/Meyer/alignment/Meyer_04072023_opnfast5_merged.bam
    output: /data2/mbaragli/python_app/app_python/work_dir/cafone/sorted_reads/cafone_sorted.bam
    jobid: 2
    reason: Missing output files: /data2/mbaragli/python_app/app_python/work_dir/cafone/sorted_reads/cafone_sorted.bam
    wildcards: sample=cafone
    resources: tmpdir=/tmp

[Wed Feb 14 11:02:54 2024]
Finished job 2.
1 of 8 steps (12%) done
Select jobs to execute...
Execute 1 jobs...

[Wed Feb 14 11:02:54 2024]
localrule samtools_index:
    input: /data2/mbaragli/python_app/app_python/work_dir/cafone/sorted_reads/cafone_sorted.bam
    output: /data2/mbaragli/python_app/app_python/work_dir/cafone/sorted_reads/cafone_sorted.bam.bai
    jobid: 3
    reason: Missing output files: /data2/mbaragli/python_app/app_python/work_dir/cafone/sorted_reads/cafone_sorted.bam.bai; Input files updated by another job: /data2/mbaragli/python_app/app_python/work_dir/cafone/sorted_reads/cafone_sorted.bam
    wildcards: sample=cafone
    resources: tmpdir=/tmp

[Wed Feb 14 11:02:54 2024]
Finished job 3.
2 of 8 steps (25%) done
Select jobs to execute...
Execute 1 jobs...

[Wed Feb 14 11:02:54 2024]
localrule snv_longshot:
    input: /data2/utility/references/genomics/hs37d5.decoy.fa, /data2/mbaragli/python_app/app_python/work_dir/cafone/sorted_reads/cafone_sorted.bam, /data2/mbaragli/python_app/app_python/work_dir/cafone/sorted_reads/cafone_sorted.bam.bai
    output: /data2/mbaragli/python_app/app_python/work_dir/cafone/snv/cafone_longshot.vcf
    jobid: 1
    reason: Missing output files: /data2/mbaragli/python_app/app_python/work_dir/cafone/snv/cafone_longshot.vcf; Input files updated by another job: /data2/mbaragli/python_app/app_python/work_dir/cafone/sorted_reads/cafone_sorted.bam.bai, /data2/mbaragli/python_app/app_python/work_dir/cafone/sorted_reads/cafone_sorted.bam
    wildcards: sample=cafone
    resources: tmpdir=/tmp

Activating conda environment: longshot2
[Wed Feb 14 11:03:37 2024]
Finished job 1.
3 of 8 steps (38%) done
Select jobs to execute...
Execute 1 jobs...

[Wed Feb 14 11:03:37 2024]
localrule sv_sniffles:
    input: /data2/utility/references/genomics/hs37d5.decoy.fa, /data2/mbaragli/python_app/app_python/work_dir/cafone/sorted_reads/cafone_sorted.bam, /data2/mbaragli/python_app/app_python/work_dir/cafone/sorted_reads/cafone_sorted.bam.bai
    output: /data2/mbaragli/python_app/app_python/work_dir/cafone/sv/cafone_sniffles.vcf
    jobid: 5
    reason: Missing output files: /data2/mbaragli/python_app/app_python/work_dir/cafone/sv/cafone_sniffles.vcf; Input files updated by another job: /data2/mbaragli/python_app/app_python/work_dir/cafone/sorted_reads/cafone_sorted.bam.bai, /data2/mbaragli/python_app/app_python/work_dir/cafone/sorted_reads/cafone_sorted.bam
    wildcards: sample=cafone
    resources: tmpdir=/tmp

Activating conda environment: sniffles2
[Wed Feb 14 11:03:57 2024]
Finished job 5.
4 of 8 steps (50%) done
Select jobs to execute...
Execute 1 jobs...

[Wed Feb 14 11:03:57 2024]
localrule sv_cutesv:
    input: /data2/utility/references/genomics/hs37d5.decoy.fa, /data2/mbaragli/python_app/app_python/work_dir/cafone/sorted_reads/cafone_sorted.bam, /data2/mbaragli/python_app/app_python/work_dir/cafone/sorted_reads/cafone_sorted.bam.bai, /data2/mbaragli/python_app/app_python/work_dir/cafone
    output: /data2/mbaragli/python_app/app_python/work_dir/cafone/sv/cafone_cutesv.vcf
    jobid: 7
    reason: Missing output files: /data2/mbaragli/python_app/app_python/work_dir/cafone/sv/cafone_cutesv.vcf; Input files updated by another job: /data2/mbaragli/python_app/app_python/work_dir/cafone/sorted_reads/cafone_sorted.bam.bai, /data2/mbaragli/python_app/app_python/work_dir/cafone/sorted_reads/cafone_sorted.bam
    wildcards: sample=cafone
    resources: tmpdir=/tmp

Activating conda environment: svim_cutesv
[Wed Feb 14 11:30:58 2024]
Finished job 7.
5 of 8 steps (62%) done
Select jobs to execute...
Execute 1 jobs...

[Wed Feb 14 11:30:58 2024]
localrule sv_sniffles_annotsv:
    input: /data2/mbaragli/python_app/app_python/work_dir/cafone/sv/cafone_sniffles.vcf
    output: /data2/mbaragli/python_app/app_python/work_dir/cafone/sv/cafone_sniffles_annotsv.tsv
    jobid: 4
    reason: Missing output files: /data2/mbaragli/python_app/app_python/work_dir/cafone/sv/cafone_sniffles_annotsv.tsv; Input files updated by another job: /data2/mbaragli/python_app/app_python/work_dir/cafone/sv/cafone_sniffles.vcf
    wildcards: sample=cafone
    resources: tmpdir=/tmp

[Wed Feb 14 11:31:03 2024]
Finished job 4.
6 of 8 steps (75%) done
Select jobs to execute...
Execute 1 jobs...

[Wed Feb 14 11:31:03 2024]
localrule sv_cutesv_annotsv:
    input: /data2/mbaragli/python_app/app_python/work_dir/cafone/sv/cafone_cutesv.vcf
    output: /data2/mbaragli/python_app/app_python/work_dir/cafone/sv/cafone_cutesv_annotsv.tsv
    jobid: 6
    reason: Missing output files: /data2/mbaragli/python_app/app_python/work_dir/cafone/sv/cafone_cutesv_annotsv.tsv; Input files updated by another job: /data2/mbaragli/python_app/app_python/work_dir/cafone/sv/cafone_cutesv.vcf
    wildcards: sample=cafone
    resources: tmpdir=/tmp

Waiting at most 5 seconds for missing files.
MissingOutputException in rule sv_cutesv_annotsv in file /data2/mbaragli/python_app/app_python/Snakefile, line 216:
Job 6  completed successfully, but some output files are missing. Missing files after 5 seconds. This might be due to filesystem latency. If that is the case, consider to increase the wait time with --latency-wait:
/data2/mbaragli/python_app/app_python/work_dir/cafone/sv/cafone_cutesv_annotsv.tsv
Shutting down, this might take some time.
Exiting because a job execution failed. Look above for error message
Complete log: .snakemake/log/2024-02-14T110252.065274.snakemake.log
WorkflowError:
At least one job did not complete successfully.
