Building DAG of jobs...
Retrieving input from storage.
Using shell: /usr/bin/bash
Provided cores: 1 (use --cores to define parallelism)
Rules claiming more threads will be scaled down.
Job stats:
job                 count
----------------  -------
sv_germ_gasoline        1
total                   1

Select jobs to execute...
Execute 1 jobs...

[Wed Feb 28 14:46:28 2024]
localrule sv_germ_gasoline:
    input: /data2/mbaragli/Meyer/alignment/Meyer_04072023_opnfast5_merged_sorted.bam, /data2/mbaragli/python_app/app_python/work_dir/OTTO, /data2/utility/references/genomics/hs37d5.decoy.fa
    output: /data2/mbaragli/python_app/app_python/work_dir/OTTO/sv/OTTO_gasoline
    jobid: 0
    reason: Missing output files: /data2/mbaragli/python_app/app_python/work_dir/OTTO/sv/OTTO_gasoline
    wildcards: sample=OTTO
    resources: tmpdir=/tmp

[Wed Feb 28 14:46:33 2024]
Finished job 0.
1 of 1 steps (100%) done
Complete log: .snakemake/log/2024-02-28T144628.284130.snakemake.log
