Building DAG of jobs...
Using shell: /usr/bin/bash
Provided cores: 1 (use --cores to define parallelism)
Rules claiming more threads will be scaled down.
Job stats:
job               count
--------------  -------
minimap2              1
samtools_index        1
samtools_sort         1
snv_longshot          1
total                 4

Select jobs to execute...

[Mon Jan 29 16:26:11 2024]
rule minimap2:
    input: /data2/mbaragli/python_app/pipeline_snakemake/data/genome.fa, /data2/mbaragli/python_app/app_python/work_dir/data/samples/A.fastq
    output: /data2/mbaragli/python_app/app_python/work_dir/mapped_reads/PINOLO.bam
    jobid: 2
    reason: Missing output files: /data2/mbaragli/python_app/app_python/work_dir/mapped_reads/PINOLO.bam
    wildcards: sample=PINOLO
    resources: tmpdir=/tmp

[Mon Jan 29 16:26:12 2024]
Finished job 2.
1 of 4 steps (25%) done
Select jobs to execute...

[Mon Jan 29 16:26:12 2024]
rule samtools_sort:
    input: /data2/mbaragli/python_app/app_python/work_dir/mapped_reads/PINOLO.bam
    output: /data2/mbaragli/python_app/app_python/work_dir/sorted_reads/PINOLO_sorted.bam
    jobid: 1
    reason: Missing output files: /data2/mbaragli/python_app/app_python/work_dir/sorted_reads/PINOLO_sorted.bam; Input files updated by another job: /data2/mbaragli/python_app/app_python/work_dir/mapped_reads/PINOLO.bam
    wildcards: sample=PINOLO
    resources: tmpdir=/tmp

[Mon Jan 29 16:26:12 2024]
Finished job 1.
2 of 4 steps (50%) done
Select jobs to execute...

[Mon Jan 29 16:26:12 2024]
rule samtools_index:
    input: /data2/mbaragli/python_app/app_python/work_dir/sorted_reads/PINOLO_sorted.bam
    output: /data2/mbaragli/python_app/app_python/work_dir/sorted_reads/PINOLO_sorted.bam.bai
    jobid: 3
    reason: Missing output files: /data2/mbaragli/python_app/app_python/work_dir/sorted_reads/PINOLO_sorted.bam.bai; Input files updated by another job: /data2/mbaragli/python_app/app_python/work_dir/sorted_reads/PINOLO_sorted.bam
    wildcards: sample=PINOLO
    resources: tmpdir=/tmp

[Mon Jan 29 16:26:12 2024]
Finished job 3.
3 of 4 steps (75%) done
Select jobs to execute...

[Mon Jan 29 16:26:12 2024]
rule snv_longshot:
    input: /data2/mbaragli/python_app/pipeline_snakemake/data/genome.fa, /data2/mbaragli/python_app/app_python/work_dir/sorted_reads/PINOLO_sorted.bam, /data2/mbaragli/python_app/app_python/work_dir/sorted_reads/PINOLO_sorted.bam.bai
    output: /data2/mbaragli/python_app/app_python/work_dir/snv/PINOLO_longshot.vcf
    jobid: 0
    reason: Missing output files: /data2/mbaragli/python_app/app_python/work_dir/snv/PINOLO_longshot.vcf; Input files updated by another job: /data2/mbaragli/python_app/app_python/work_dir/sorted_reads/PINOLO_sorted.bam.bai, /data2/mbaragli/python_app/app_python/work_dir/sorted_reads/PINOLO_sorted.bam
    wildcards: sample=PINOLO
    resources: tmpdir=/tmp

Activating conda environment: longshot2
[Mon Jan 29 16:26:13 2024]
Finished job 0.
4 of 4 steps (100%) done
Complete log: .snakemake/log/2024-01-29T162610.443126.snakemake.log
