Building DAG of jobs...
Retrieving input from storage.
Using shell: /usr/bin/bash
Provided cores: 1 (use --cores to define parallelism)
Rules claiming more threads will be scaled down.
Job stats:
job             count
------------  -------
snv_longshot        1
sv_sniffles         1
total               2

Select jobs to execute...
Execute 1 jobs...

[Fri Feb  9 15:35:36 2024]
localrule snv_longshot:
    input: /data2/mbaragli/python_app/pipeline_snakemake/data/genome.fa, /data2/mbaragli/Meyer/alignment/Meyer_04072023_opnfast5_merged_sorted.bam, /data2/mbaragli/Meyer/alignment/Meyer_04072023_opnfast5_merged_sorted.bam.bai
    output: /data2/mbaragli/python_app/app_python/work_dir/Meyer_04072023_opnfast5_merged_sorted/snv/Meyer_04072023_opnfast5_merged_sorted_longshot.vcf
    jobid: 1
    reason: Missing output files: /data2/mbaragli/python_app/app_python/work_dir/Meyer_04072023_opnfast5_merged_sorted/snv/Meyer_04072023_opnfast5_merged_sorted_longshot.vcf
    wildcards: sample=Meyer_04072023_opnfast5_merged_sorted
    resources: tmpdir=/tmp

Activating conda environment: longshot2
[Fri Feb  9 15:35:36 2024]
Error in rule snv_longshot:
    jobid: 1
    input: /data2/mbaragli/python_app/pipeline_snakemake/data/genome.fa, /data2/mbaragli/Meyer/alignment/Meyer_04072023_opnfast5_merged_sorted.bam, /data2/mbaragli/Meyer/alignment/Meyer_04072023_opnfast5_merged_sorted.bam.bai
    output: /data2/mbaragli/python_app/app_python/work_dir/Meyer_04072023_opnfast5_merged_sorted/snv/Meyer_04072023_opnfast5_merged_sorted_longshot.vcf
    conda-env: longshot2
    shell:
        longshot        --bam /data2/mbaragli/Meyer/alignment/Meyer_04072023_opnfast5_merged_sorted.bam --ref /data2/mbaragli/python_app/pipeline_snakemake/data/genome.fa --out /data2/mbaragli/python_app/app_python/work_dir/Meyer_04072023_opnfast5_merged_sorted/snv/Meyer_04072023_opnfast5_merged_sorted_longshot.vcf
        (one of the commands exited with non-zero exit code; note that snakemake uses bash strict mode!)

Shutting down, this might take some time.
Exiting because a job execution failed. Look above for error message
Complete log: .snakemake/log/2024-02-09T153535.429412.snakemake.log
WorkflowError:
At least one job did not complete successfully.
