Building DAG of jobs...
Retrieving input from storage.
Using shell: /usr/bin/bash
Provided cores: 1 (use --cores to define parallelism)
Rules claiming more threads will be scaled down.
Job stats:
job               count
--------------  -------
minimap2              1
samtools_index        1
samtools_sort         1
snv_longshot          1
snv_nanocaller        1
sv_sniffles           1
sv_svim               1
total                 7

Select jobs to execute...
Execute 1 jobs...

[Mon Jan 29 17:32:22 2024]
localrule minimap2:
    input: /data2/mbaragli/python_app/pipeline_snakemake/data/genome.fa, /data2/mbaragli/python_app/app_python/work_dir/data/samples/A.fastq
    output: /data2/mbaragli/python_app/app_python/work_dir/mapped_reads/PINOLO.bam
    jobid: 2
    reason: Missing output files: /data2/mbaragli/python_app/app_python/work_dir/mapped_reads/PINOLO.bam
    wildcards: sample=PINOLO
    resources: tmpdir=/tmp

[Mon Jan 29 17:32:23 2024]
Finished job 2.
1 of 7 steps (14%) done
Select jobs to execute...
Execute 1 jobs...

[Mon Jan 29 17:32:23 2024]
localrule samtools_sort:
    input: /data2/mbaragli/python_app/app_python/work_dir/mapped_reads/PINOLO.bam
    output: /data2/mbaragli/python_app/app_python/work_dir/sorted_reads/PINOLO_sorted.bam
    jobid: 1
    reason: Missing output files: /data2/mbaragli/python_app/app_python/work_dir/sorted_reads/PINOLO_sorted.bam; Input files updated by another job: /data2/mbaragli/python_app/app_python/work_dir/mapped_reads/PINOLO.bam
    wildcards: sample=PINOLO
    resources: tmpdir=/tmp

[Mon Jan 29 17:32:24 2024]
Finished job 1.
2 of 7 steps (29%) done
Select jobs to execute...
Execute 1 jobs...

[Mon Jan 29 17:32:24 2024]
localrule samtools_index:
    input: /data2/mbaragli/python_app/app_python/work_dir/sorted_reads/PINOLO_sorted.bam
    output: /data2/mbaragli/python_app/app_python/work_dir/sorted_reads/PINOLO_sorted.bam.bai
    jobid: 3
    reason: Missing output files: /data2/mbaragli/python_app/app_python/work_dir/sorted_reads/PINOLO_sorted.bam.bai; Input files updated by another job: /data2/mbaragli/python_app/app_python/work_dir/sorted_reads/PINOLO_sorted.bam
    wildcards: sample=PINOLO
    resources: tmpdir=/tmp

[Mon Jan 29 17:32:24 2024]
Finished job 3.
3 of 7 steps (43%) done
Select jobs to execute...
Execute 1 jobs...

[Mon Jan 29 17:32:24 2024]
localrule snv_longshot:
    input: /data2/mbaragli/python_app/pipeline_snakemake/data/genome.fa, /data2/mbaragli/python_app/app_python/work_dir/sorted_reads/PINOLO_sorted.bam, /data2/mbaragli/python_app/app_python/work_dir/sorted_reads/PINOLO_sorted.bam.bai
    output: /data2/mbaragli/python_app/app_python/work_dir/snv/PINOLO_longshot.vcf
    jobid: 4
    reason: Missing output files: /data2/mbaragli/python_app/app_python/work_dir/snv/PINOLO_longshot.vcf; Input files updated by another job: /data2/mbaragli/python_app/app_python/work_dir/sorted_reads/PINOLO_sorted.bam, /data2/mbaragli/python_app/app_python/work_dir/sorted_reads/PINOLO_sorted.bam.bai
    wildcards: sample=PINOLO
    resources: tmpdir=/tmp

Activating conda environment: longshot2
[Mon Jan 29 17:32:25 2024]
Finished job 4.
4 of 7 steps (57%) done
Select jobs to execute...
Execute 1 jobs...

[Mon Jan 29 17:32:25 2024]
localrule snv_nanocaller:
    input: /data2/mbaragli/python_app/pipeline_snakemake/data/genome.fa, /data2/mbaragli/python_app/app_python/work_dir/sorted_reads/PINOLO_sorted.bam, /data2/mbaragli/python_app/app_python/work_dir/sorted_reads/PINOLO_sorted.bam.bai
    output: /data2/mbaragli/python_app/app_python/work_dir/snv/PINOLO_nanocaller
    jobid: 5
    reason: Missing output files: /data2/mbaragli/python_app/app_python/work_dir/snv/PINOLO_nanocaller; Input files updated by another job: /data2/mbaragli/python_app/app_python/work_dir/sorted_reads/PINOLO_sorted.bam, /data2/mbaragli/python_app/app_python/work_dir/sorted_reads/PINOLO_sorted.bam.bai
    wildcards: sample=PINOLO
    resources: tmpdir=/tmp

[Mon Jan 29 17:32:25 2024]
Error in rule snv_nanocaller:
    jobid: 5
    input: /data2/mbaragli/python_app/pipeline_snakemake/data/genome.fa, /data2/mbaragli/python_app/app_python/work_dir/sorted_reads/PINOLO_sorted.bam, /data2/mbaragli/python_app/app_python/work_dir/sorted_reads/PINOLO_sorted.bam.bai
    output: /data2/mbaragli/python_app/app_python/work_dir/snv/PINOLO_nanocaller
    shell:
        /data2/mbaragli/tools/NanoCaller/NanoCaller --mode indels --mincov 4 --maxcov 160  --phase True  --bam /data2/mbaragli/python_app/app_python/work_dir/sorted_reads/PINOLO_sorted.bam --ref /data2/mbaragli/python_app/pipeline_snakemake/data/genome.fa --output /data2/mbaragli/python_app/app_python/work_dir/snv/PINOLO_nanocaller
        (one of the commands exited with non-zero exit code; note that snakemake uses bash strict mode!)

Shutting down, this might take some time.
Exiting because a job execution failed. Look above for error message
Complete log: .snakemake/log/2024-01-29T173221.998987.snakemake.log
WorkflowError:
At least one job did not complete successfully.
