Building DAG of jobs...
Retrieving input from storage.
Using shell: /usr/bin/bash
Provided cores: 1 (use --cores to define parallelism)
Rules claiming more threads will be scaled down.
Job stats:
job        count
-------  -------
sv_svim        1
total          1

Select jobs to execute...
Execute 1 jobs...

[Wed Jan 31 16:54:44 2024]
localrule sv_svim:
    input: /data2/mbaragli/python_app/pipeline_snakemake/data/genome.fa, /data2/mbaragli/python_app/app_python/work_dir/sorted_reads/B_sorted.bam, /data2/mbaragli/python_app/app_python/work_dir/sorted_reads/B_sorted.bam.bai
    output: /data2/mbaragli/python_app/app_python/work_dir/sv/B_svim
    jobid: 4
    reason: Missing output files: /data2/mbaragli/python_app/app_python/work_dir/sv/B_svim
    wildcards: sample=B
    resources: tmpdir=/tmp

Activating conda environment: svim_cutesv
[Wed Jan 31 16:54:51 2024]
Finished job 4.
1 of 1 steps (100%) done
Complete log: .snakemake/log/2024-01-31T165442.651229.snakemake.log
