Building DAG of jobs...
Retrieving input from storage.
Using shell: /usr/bin/bash
Provided cores: 1 (use --cores to define parallelism)
Rules claiming more threads will be scaled down.
Job stats:
job                    count
-------------------  -------
samtools_index             1
samtools_sort              1
snv_longshot               1
sv_longshot_vep            1
sv_sniffles                1
sv_sniffles_annotsv        1
total                      6

Select jobs to execute...
Execute 1 jobs...

[Wed Feb 14 11:33:32 2024]
localrule samtools_sort:
    input: /data2/mbaragli/Meyer/alignment/Meyer_04072023_opnfast5_merged.bam
    output: /data2/mbaragli/python_app/app_python/work_dir/tumeric/sorted_reads/tumeric_sorted.bam
    jobid: 2
    reason: Missing output files: /data2/mbaragli/python_app/app_python/work_dir/tumeric/sorted_reads/tumeric_sorted.bam
    wildcards: sample=tumeric
    resources: tmpdir=/tmp

[Wed Feb 14 11:33:33 2024]
Finished job 2.
1 of 6 steps (17%) done
Select jobs to execute...
Execute 1 jobs...

[Wed Feb 14 11:33:33 2024]
localrule samtools_index:
    input: /data2/mbaragli/python_app/app_python/work_dir/tumeric/sorted_reads/tumeric_sorted.bam
    output: /data2/mbaragli/python_app/app_python/work_dir/tumeric/sorted_reads/tumeric_sorted.bam.bai
    jobid: 3
    reason: Missing output files: /data2/mbaragli/python_app/app_python/work_dir/tumeric/sorted_reads/tumeric_sorted.bam.bai; Input files updated by another job: /data2/mbaragli/python_app/app_python/work_dir/tumeric/sorted_reads/tumeric_sorted.bam
    wildcards: sample=tumeric
    resources: tmpdir=/tmp

[Wed Feb 14 11:33:33 2024]
Finished job 3.
2 of 6 steps (33%) done
Select jobs to execute...
Execute 1 jobs...

[Wed Feb 14 11:33:33 2024]
localrule snv_longshot:
    input: /data2/utility/references/genomics/hs37d5.decoy.fa, /data2/mbaragli/python_app/app_python/work_dir/tumeric/sorted_reads/tumeric_sorted.bam, /data2/mbaragli/python_app/app_python/work_dir/tumeric/sorted_reads/tumeric_sorted.bam.bai
    output: /data2/mbaragli/python_app/app_python/work_dir/tumeric/snv/tumeric_longshot.vcf
    jobid: 5
    reason: Missing output files: /data2/mbaragli/python_app/app_python/work_dir/tumeric/snv/tumeric_longshot.vcf; Input files updated by another job: /data2/mbaragli/python_app/app_python/work_dir/tumeric/sorted_reads/tumeric_sorted.bam.bai, /data2/mbaragli/python_app/app_python/work_dir/tumeric/sorted_reads/tumeric_sorted.bam
    wildcards: sample=tumeric
    resources: tmpdir=/tmp

Activating conda environment: longshot2
[Wed Feb 14 11:34:12 2024]
Finished job 5.
3 of 6 steps (50%) done
Select jobs to execute...
Execute 1 jobs...

[Wed Feb 14 11:34:12 2024]
localrule sv_sniffles:
    input: /data2/utility/references/genomics/hs37d5.decoy.fa, /data2/mbaragli/python_app/app_python/work_dir/tumeric/sorted_reads/tumeric_sorted.bam, /data2/mbaragli/python_app/app_python/work_dir/tumeric/sorted_reads/tumeric_sorted.bam.bai
    output: /data2/mbaragli/python_app/app_python/work_dir/tumeric/sv/tumeric_sniffles.vcf
    jobid: 1
    reason: Missing output files: /data2/mbaragli/python_app/app_python/work_dir/tumeric/sv/tumeric_sniffles.vcf; Input files updated by another job: /data2/mbaragli/python_app/app_python/work_dir/tumeric/sorted_reads/tumeric_sorted.bam.bai, /data2/mbaragli/python_app/app_python/work_dir/tumeric/sorted_reads/tumeric_sorted.bam
    wildcards: sample=tumeric
    resources: tmpdir=/tmp

Activating conda environment: sniffles2
[Wed Feb 14 11:34:29 2024]
Finished job 1.
4 of 6 steps (67%) done
Select jobs to execute...
Execute 1 jobs...

[Wed Feb 14 11:34:29 2024]
localrule sv_longshot_vep:
    input: /data2/mbaragli/python_app/app_python/work_dir/tumeric/snv/tumeric_longshot.vcf
    output: /data2/mbaragli/python_app/app_python/work_dir/tumeric/snv/tumeric_longshot_vep.vcf
    jobid: 4
    reason: Missing output files: /data2/mbaragli/python_app/app_python/work_dir/tumeric/snv/tumeric_longshot_vep.vcf; Input files updated by another job: /data2/mbaragli/python_app/app_python/work_dir/tumeric/snv/tumeric_longshot.vcf
    wildcards: sample=tumeric
    resources: tmpdir=/tmp

Activating conda environment: vep
[Wed Feb 14 11:36:50 2024]
Finished job 4.
5 of 6 steps (83%) done
Select jobs to execute...
Execute 1 jobs...

[Wed Feb 14 11:36:50 2024]
localrule sv_sniffles_annotsv:
    input: /data2/mbaragli/python_app/app_python/work_dir/tumeric/sv/tumeric_sniffles.vcf
    output: /data2/mbaragli/python_app/app_python/work_dir/tumeric/sv/tumeric_sniffles_annotsv.tsv
    jobid: 0
    reason: Missing output files: /data2/mbaragli/python_app/app_python/work_dir/tumeric/sv/tumeric_sniffles_annotsv.tsv; Input files updated by another job: /data2/mbaragli/python_app/app_python/work_dir/tumeric/sv/tumeric_sniffles.vcf
    wildcards: sample=tumeric
    resources: tmpdir=/tmp

[Wed Feb 14 11:36:55 2024]
Finished job 0.
6 of 6 steps (100%) done
Complete log: .snakemake/log/2024-02-14T113332.544204.snakemake.log
