Building DAG of jobs...
Retrieving input from storage.
Using shell: /usr/bin/bash
Provided cores: 1 (use --cores to define parallelism)
Rules claiming more threads will be scaled down.
Job stats:
job               count
--------------  -------
snv_nanocaller        1
total                 1

Select jobs to execute...
Execute 1 jobs...

[Fri Feb 16 09:29:01 2024]
localrule snv_nanocaller:
    input: /data2/utility/references/genomics/hs37d5.decoy.fa, /data2/mbaragli/Meyer/alignment/Meyer_04072023_merged_sorted.bam, /data2/mbaragli/Meyer/alignment/Meyer_04072023_merged_sorted.bam.bai
    output: /data2/mbaragli/python_app/app_python/work_dir/UGO/snv/UGO_nanocaller
    jobid: 0
    reason: Missing output files: /data2/mbaragli/python_app/app_python/work_dir/UGO/snv/UGO_nanocaller
    wildcards: sample=UGO
    resources: tmpdir=/tmp

Activating conda environment: nano_clair3
Terminating processes on user request, this might take some time.
