Building DAG of jobs...
Retrieving input from storage.
Using shell: /usr/bin/bash
Provided cores: 1 (use --cores to define parallelism)
Rules claiming more threads will be scaled down.
Job stats:
job        count
-------  -------
bwa_map        1
total          1

Select jobs to execute...
Execute 1 jobs...

[Fri Jan 12 15:31:46 2024]
localrule bwa_map:
    input: /data2/mbaragli/python_app/pipeline_snakemake/data/genome.fa, /data2/mbaragli/python_app/app_python/work_dir/data/samples/A.fastq
    output: /data2/mbaragli/python_app/app_python/work_dir/mapped_reads/PIPPO.bam
    jobid: 0
    reason: Missing output files: /data2/mbaragli/python_app/app_python/work_dir/mapped_reads/PIPPO.bam
    wildcards: sample=PIPPO
    resources: tmpdir=/tmp

[Fri Jan 12 15:31:49 2024]
Finished job 0.
1 of 1 steps (100%) done
Complete log: .snakemake/log/2024-01-12T153146.062550.snakemake.log
