Building DAG of jobs...
Retrieving input from storage.
Using shell: /usr/bin/bash
Provided cores: 1 (use --cores to define parallelism)
Rules claiming more threads will be scaled down.
Job stats:
job         count
--------  -------
minimap2        1
total           1

Select jobs to execute...
Execute 1 jobs...

[Thu Feb  1 15:12:58 2024]
localrule minimap2:
    input: /data2/mbaragli/python_app/pipeline_snakemake/data/genome.fa, /data2/mbaragli/python_app/app_python/work_dir/data/samples/C.fastq
    output: /data2/abimbocci/paz_3/mapped_reads/paz_3.bam
    jobid: 0
    reason: Missing output files: /data2/abimbocci/paz_3/mapped_reads/paz_3.bam
    wildcards: sample=paz_3
    resources: tmpdir=/tmp

[Thu Feb  1 15:13:00 2024]
Finished job 0.
1 of 1 steps (100%) done
Complete log: .snakemake/log/2024-02-01T151258.696436.snakemake.log
