Building DAG of jobs...
Retrieving input from storage.
Using shell: /usr/bin/bash
Provided cores: 1 (use --cores to define parallelism)
Rules claiming more threads will be scaled down.
Job stats:
job               count
--------------  -------
samtools_copy         1
samtools_index        1
snv_longshot          1
sv_sniffles           1
total                 4

Select jobs to execute...
Execute 1 jobs...

[Wed Jan 31 16:47:07 2024]
localrule samtools_copy:
    input: /data2/mbaragli/python_app/app_python/work_dir/data/samples/A.fastq
    output: /data2/mbaragli/python_app/app_python/work_dir/sorted_reads/FINO_sorted.bam
    jobid: 1
    reason: Set of input files has changed since last execution; Code has changed since last execution; Params have changed since last execution
    wildcards: sample=FINO
    resources: tmpdir=/tmp

[Wed Jan 31 16:47:07 2024]
Finished job 1.
1 of 4 steps (25%) done
Select jobs to execute...
Execute 1 jobs...

[Wed Jan 31 16:47:07 2024]
localrule samtools_index:
    input: /data2/mbaragli/python_app/app_python/work_dir/sorted_reads/FINO_sorted.bam
    output: /data2/mbaragli/python_app/app_python/work_dir/sorted_reads/FINO_sorted.bam.bai
    jobid: 2
    reason: Missing output files: /data2/mbaragli/python_app/app_python/work_dir/sorted_reads/FINO_sorted.bam.bai; Input files updated by another job: /data2/mbaragli/python_app/app_python/work_dir/sorted_reads/FINO_sorted.bam
    wildcards: sample=FINO
    resources: tmpdir=/tmp

[Wed Jan 31 16:47:07 2024]
Error in rule samtools_index:
    jobid: 2
    input: /data2/mbaragli/python_app/app_python/work_dir/sorted_reads/FINO_sorted.bam
    output: /data2/mbaragli/python_app/app_python/work_dir/sorted_reads/FINO_sorted.bam.bai
    shell:
        samtools index  /data2/mbaragli/python_app/app_python/work_dir/sorted_reads/FINO_sorted.bam
        (one of the commands exited with non-zero exit code; note that snakemake uses bash strict mode!)

Shutting down, this might take some time.
Exiting because a job execution failed. Look above for error message
Complete log: .snakemake/log/2024-01-31T164706.983250.snakemake.log
WorkflowError:
At least one job did not complete successfully.
