Building DAG of jobs...
Using shell: /usr/bin/bash
Provided cores: 8
Rules claiming more threads will be scaled down.
Job stats:
job        count
-------  -------
vep_vcf        1
total          1

Select jobs to execute...
Execute 1 jobs...

[Wed May 22 09:11:37 2024]
localrule vep_vcf:
    input: /data2/mbaragli/python_app/app_python/work_dir/testrun_5_HG002/snv/testrun_5_HG002_clair3/merge_output.vcf.gz
    output: /data2/mbaragli/python_app/app_python/work_dir/testrun_vep_clair3/snv/testrun_vep_clair3_vep.vcf
    log: /data2/mbaragli/python_app/app_python/work_dir/testrun_vep_clair3/logs/vep.log
    jobid: 0
    reason: Missing output files: /data2/mbaragli/python_app/app_python/work_dir/testrun_vep_clair3/snv/testrun_vep_clair3_vep.vcf
    wildcards: sample=testrun_vep_clair3
    threads: 8
    resources: tmpdir=/tmp

vep -format vcf -i /data2/mbaragli/python_app/app_python/work_dir/testrun_5_HG002/snv/testrun_5_HG002_clair3/merge_output.vcf.gz -o /data2/mbaragli/python_app/app_python/work_dir/testrun_vep_clair3/snv/testrun_vep_clair3_vep.vcf --vcf --fork 8 --assembly GRCh38 --everything --cache --dir_cache /data2/mbaragli/tools/vep_plugins   --offline --fasta /data2/utility/references/genomics/Homo_sapiens_assembly38.fasta 
Activating conda environment: vep
[Wed May 22 10:43:34 2024]
Finished job 0.
1 of 1 steps (100%) done
Complete log: .snakemake/log/2024-05-22T091137.025686.snakemake.log
