Building DAG of jobs...
Using shell: /usr/bin/bash
Provided cores: 5
Rules claiming more threads will be scaled down.
Job stats:
job                count
---------------  -------
samtoool_sambam        1
total                  1

Select jobs to execute...
Execute 1 jobs...

[Fri Apr 26 15:47:44 2024]
localrule samtoool_sambam:
    input: /data2/mbaragli/python_app/app_python/extra_files/A.sam
    output: /data2/mbaragli/python_app/app_python/work_dir/prv_sambam/mapped_reads/prv_sambam.bam
    jobid: 0
    reason: Missing output files: /data2/mbaragli/python_app/app_python/work_dir/prv_sambam/mapped_reads/prv_sambam.bam
    wildcards: sample=prv_sambam
    threads: 5
    resources: tmpdir=/tmp

samtools view -@ 5  -b /data2/mbaragli/python_app/app_python/extra_files/A.sam > /data2/mbaragli/python_app/app_python/work_dir/prv_sambam/mapped_reads/prv_sambam.bam
[Fri Apr 26 15:47:44 2024]
Error in rule samtoool_sambam:
    jobid: 0
    input: /data2/mbaragli/python_app/app_python/extra_files/A.sam
    output: /data2/mbaragli/python_app/app_python/work_dir/prv_sambam/mapped_reads/prv_sambam.bam
    shell:
        samtools view -@ 5  -b /data2/mbaragli/python_app/app_python/extra_files/A.sam > /data2/mbaragli/python_app/app_python/work_dir/prv_sambam/mapped_reads/prv_sambam.bam
        (one of the commands exited with non-zero exit code; note that snakemake uses bash strict mode!)

Removing output files of failed job samtoool_sambam since they might be corrupted:
/data2/mbaragli/python_app/app_python/work_dir/prv_sambam/mapped_reads/prv_sambam.bam
Exiting because a job execution failed. Look above for error message
Complete log: .snakemake/log/2024-04-26T154744.030256.snakemake.log
WorkflowError:
At least one job did not complete successfully.
