Building DAG of jobs...
Using shell: /usr/bin/bash
Provided cores: 24
Rules claiming more threads will be scaled down.
Job stats:
job                    count
-------------------  -------
snv_clair3                 1
snv_clair3_vep             1
snv_nanocaller             1
snv_nanocaller_vep         1
sv_gasoline_annotsv        1
sv_germ_gasoline           1
total                      6

Select jobs to execute...
Execute 3 jobs...

[Fri May 17 11:35:52 2024]
localrule sv_germ_gasoline:
    input: /data2/mbaragli/python_app/app_python/work_dir/testrun_HG002/sorted_reads/testrun_HG002_sorted.bam, /data2/mbaragli/python_app/app_python/work_dir/testrun_5_HG002, /data2/utility/references/genomics/Homo_sapiens_assembly38.fasta
    output: /data2/mbaragli/python_app/app_python/work_dir/testrun_5_HG002/sv/testrun_5_HG002_gasoline/gasoline_final.vcf
    jobid: 5
    reason: Missing output files: /data2/mbaragli/python_app/app_python/work_dir/testrun_5_HG002/sv/testrun_5_HG002_gasoline/gasoline_final.vcf
    wildcards: sample=testrun_5_HG002
    threads: 8
    resources: tmpdir=/tmp


            cd /data2/abimbocci/GASOLINE_1.1/
            perl GASOLINEParse.pl -B /data2/mbaragli/python_app/app_python/work_dir/testrun_HG002/sorted_reads/testrun_HG002_sorted.bam -L Germ -O /data2/mbaragli/python_app/app_python/work_dir/testrun_5_HG002/sv/testrun_5_HG002_gasoline/germ -R hg38  
            perl GASOLINEGermlineDetector.pl -B /data2/mbaragli/python_app/app_python/work_dir/testrun_HG002/sorted_reads/testrun_HG002_sorted.bam -L Germ -O /data2/mbaragli/python_app/app_python/work_dir/testrun_5_HG002/sv/testrun_5_HG002_gasoline/germ  -NT 8    
            perl GASOLINEGermlineVCFCreate.pl -L Germ -I /data2/mbaragli/python_app/app_python/work_dir/testrun_5_HG002/sv/testrun_5_HG002_gasoline/germ -O /data2/mbaragli/python_app/app_python/work_dir/testrun_5_HG002/sv/testrun_5_HG002_gasoline/gasoline_final.vcf -RA hg38 -FR /data2/utility/references/genomics/Homo_sapiens_assembly38.fasta    
            

[Fri May 17 11:35:53 2024]
localrule snv_nanocaller:
    input: /data2/utility/references/genomics/Homo_sapiens_assembly38.fasta, /data2/mbaragli/python_app/app_python/work_dir/testrun_HG002/sorted_reads/testrun_HG002_sorted.bam, /data2/mbaragli/python_app/app_python/work_dir/testrun_HG002/sorted_reads/testrun_HG002_sorted.bam.bai
    output: /data2/mbaragli/python_app/app_python/work_dir/testrun_5_HG002/snv/testrun_5_HG002_nanocaller
    jobid: 3
    reason: Missing output files: /data2/mbaragli/python_app/app_python/work_dir/testrun_5_HG002/snv/testrun_5_HG002_nanocaller
    wildcards: sample=testrun_5_HG002
    threads: 8
    resources: tmpdir=/tmp

NanoCaller      --cpu 8  --bam /data2/mbaragli/python_app/app_python/work_dir/testrun_HG002/sorted_reads/testrun_HG002_sorted.bam --ref /data2/utility/references/genomics/Homo_sapiens_assembly38.fasta --output /data2/mbaragli/python_app/app_python/work_dir/testrun_5_HG002/snv/testrun_5_HG002_nanocaller
Activating conda environment: nano_clair3

[Fri May 17 11:35:53 2024]
localrule snv_clair3:
    input: /data2/utility/references/genomics/Homo_sapiens_assembly38.fasta, /data2/mbaragli/python_app/app_python/work_dir/testrun_HG002/sorted_reads/testrun_HG002_sorted.bam, /data2/mbaragli/python_app/app_python/work_dir/testrun_HG002/sorted_reads/testrun_HG002_sorted.bam.bai
    output: /data2/mbaragli/python_app/app_python/work_dir/testrun_5_HG002/snv/testrun_5_HG002_clair3
    jobid: 1
    reason: Missing output files: /data2/mbaragli/python_app/app_python/work_dir/testrun_5_HG002/snv/testrun_5_HG002_clair3
    wildcards: sample=testrun_5_HG002
    threads: 8
    resources: tmpdir=/tmp

/data2/mbaragli/tools/Clair3/run_clair3.sh --bam_fn=/data2/mbaragli/python_app/app_python/work_dir/testrun_HG002/sorted_reads/testrun_HG002_sorted.bam --ref_fn=/data2/utility/references/genomics/Homo_sapiens_assembly38.fasta --output=/data2/mbaragli/python_app/app_python/work_dir/testrun_5_HG002/snv/testrun_5_HG002_clair3 --threads=8 --platform=ont --model_path /data2/mbaragli/tools/rerio/clair3_models/r1041_e82_400bps_sup_v430      
Activating conda environment: nano_clair3
[Fri May 17 15:19:43 2024]
Finished job 1.
1 of 6 steps (17%) done
Select jobs to execute...
Execute 1 jobs...

[Fri May 17 15:19:43 2024]
localrule snv_clair3_vep:
    input: /data2/mbaragli/python_app/app_python/work_dir/testrun_5_HG002/snv/testrun_5_HG002_clair3
    output: /data2/mbaragli/python_app/app_python/work_dir/testrun_5_HG002/snv/testrun_5_HG002_clair3_vep.vcf
    jobid: 0
    reason: Missing output files: /data2/mbaragli/python_app/app_python/work_dir/testrun_5_HG002/snv/testrun_5_HG002_clair3_vep.vcf; Input files updated by another job: /data2/mbaragli/python_app/app_python/work_dir/testrun_5_HG002/snv/testrun_5_HG002_clair3
    wildcards: sample=testrun_5_HG002
    threads: 8
    resources: tmpdir=/tmp

vep -format vcf -i /data2/mbaragli/python_app/app_python/work_dir/testrun_5_HG002/snv/testrun_5_HG002_clair3/merge_output.vcf.gz -o /data2/mbaragli/python_app/app_python/work_dir/testrun_5_HG002/snv/testrun_5_HG002_clair3_vep.vcf --vcf --fork 8 --assembly GRCh37       --database --fork 30
Activating conda environment: vep
[Fri May 17 15:56:48 2024]
Finished job 5.
2 of 6 steps (33%) done
Select jobs to execute...
Execute 1 jobs...

[Fri May 17 15:56:48 2024]
localrule sv_gasoline_annotsv:
    input: /data2/mbaragli/python_app/app_python/work_dir/testrun_5_HG002/sv/testrun_5_HG002_gasoline/gasoline_final.vcf
    output: /data2/mbaragli/python_app/app_python/work_dir/testrun_5_HG002/sv/testrun_5_HG002_gasoline_annotsv.tsv
    jobid: 4
    reason: Missing output files: /data2/mbaragli/python_app/app_python/work_dir/testrun_5_HG002/sv/testrun_5_HG002_gasoline_annotsv.tsv; Input files updated by another job: /data2/mbaragli/python_app/app_python/work_dir/testrun_5_HG002/sv/testrun_5_HG002_gasoline/gasoline_final.vcf
    wildcards: sample=testrun_5_HG002
    resources: tmpdir=/tmp

/data2/mbaragli/tools/annotSV/AnnotSV/bin/AnnotSV -genomeBuild GRCh37 -SVinputFile /data2/mbaragli/python_app/app_python/work_dir/testrun_5_HG002/sv/testrun_5_HG002_gasoline/gasoline_final.vcf -outputFile /data2/mbaragli/python_app/app_python/work_dir/testrun_5_HG002/sv/testrun_5_HG002_gasoline_annotsv.tsv      -vcf 1 -svtBEDcol 1
[Fri May 17 15:56:48 2024]
Error in rule sv_gasoline_annotsv:
    jobid: 4
    input: /data2/mbaragli/python_app/app_python/work_dir/testrun_5_HG002/sv/testrun_5_HG002_gasoline/gasoline_final.vcf
    output: /data2/mbaragli/python_app/app_python/work_dir/testrun_5_HG002/sv/testrun_5_HG002_gasoline_annotsv.tsv
    shell:
        /data2/mbaragli/tools/annotSV/AnnotSV/bin/AnnotSV -genomeBuild GRCh37 -SVinputFile /data2/mbaragli/python_app/app_python/work_dir/testrun_5_HG002/sv/testrun_5_HG002_gasoline/gasoline_final.vcf -outputFile /data2/mbaragli/python_app/app_python/work_dir/testrun_5_HG002/sv/testrun_5_HG002_gasoline_annotsv.tsv      -vcf 1 -svtBEDcol 1
        (one of the commands exited with non-zero exit code; note that snakemake uses bash strict mode!)

[Sat May 18 09:25:02 2024]
Finished job 3.
3 of 6 steps (50%) done
Select jobs to execute...
Execute 1 jobs...

[Sat May 18 09:25:02 2024]
localrule snv_nanocaller_vep:
    input: /data2/mbaragli/python_app/app_python/work_dir/testrun_5_HG002/snv/testrun_5_HG002_nanocaller
    output: /data2/mbaragli/python_app/app_python/work_dir/testrun_5_HG002/snv/testrun_5_HG002_nanocaller_vep.vcf
    jobid: 2
    reason: Missing output files: /data2/mbaragli/python_app/app_python/work_dir/testrun_5_HG002/snv/testrun_5_HG002_nanocaller_vep.vcf; Input files updated by another job: /data2/mbaragli/python_app/app_python/work_dir/testrun_5_HG002/snv/testrun_5_HG002_nanocaller
    wildcards: sample=testrun_5_HG002
    threads: 8
    resources: tmpdir=/tmp

vep -format vcf -i /data2/mbaragli/python_app/app_python/work_dir/testrun_5_HG002/snv/testrun_5_HG002_nanocaller/variant_calls.vcf.gz -o /data2/mbaragli/python_app/app_python/work_dir/testrun_5_HG002/snv/testrun_5_HG002_nanocaller_vep.vcf --vcf --fork 8 --assembly GRCh37       --database
Activating conda environment: vep
[Sat May 18 09:25:17 2024]
Error in rule snv_nanocaller_vep:
    jobid: 2
    input: /data2/mbaragli/python_app/app_python/work_dir/testrun_5_HG002/snv/testrun_5_HG002_nanocaller
    output: /data2/mbaragli/python_app/app_python/work_dir/testrun_5_HG002/snv/testrun_5_HG002_nanocaller_vep.vcf
    conda-env: vep
    shell:
        vep -format vcf -i /data2/mbaragli/python_app/app_python/work_dir/testrun_5_HG002/snv/testrun_5_HG002_nanocaller/variant_calls.vcf.gz -o /data2/mbaragli/python_app/app_python/work_dir/testrun_5_HG002/snv/testrun_5_HG002_nanocaller_vep.vcf --vcf --fork 8 --assembly GRCh37       --database
        (one of the commands exited with non-zero exit code; note that snakemake uses bash strict mode!)

[Sat May 18 10:38:38 2024]
Error in rule snv_clair3_vep:
    jobid: 0
    input: /data2/mbaragli/python_app/app_python/work_dir/testrun_5_HG002/snv/testrun_5_HG002_clair3
    output: /data2/mbaragli/python_app/app_python/work_dir/testrun_5_HG002/snv/testrun_5_HG002_clair3_vep.vcf
    conda-env: vep
    shell:
        vep -format vcf -i /data2/mbaragli/python_app/app_python/work_dir/testrun_5_HG002/snv/testrun_5_HG002_clair3/merge_output.vcf.gz -o /data2/mbaragli/python_app/app_python/work_dir/testrun_5_HG002/snv/testrun_5_HG002_clair3_vep.vcf --vcf --fork 8 --assembly GRCh37       --database --fork 30
        (one of the commands exited with non-zero exit code; note that snakemake uses bash strict mode!)

Removing output files of failed job snv_clair3_vep since they might be corrupted:
/data2/mbaragli/python_app/app_python/work_dir/testrun_5_HG002/snv/testrun_5_HG002_clair3_vep.vcf
Exiting because a job execution failed. Look above for error message
Complete log: .snakemake/log/2024-05-17T113552.495410.snakemake.log
WorkflowError:
At least one job did not complete successfully.
