Building DAG of jobs...
Retrieving input from storage.
Using shell: /usr/bin/bash
Provided cores: 1 (use --cores to define parallelism)
Rules claiming more threads will be scaled down.
Conda environments: ignored
Job stats:
job                count
---------------  -------
sv_sniffles_vep        1
total                  1

Select jobs to execute...
Execute 1 jobs...

[Fri Feb  9 15:52:12 2024]
localrule sv_sniffles_vep:
    input: /data2/mbaragli/python_app/app_python/work_dir/CARLONE/sv/CARLONE_sniffles.vcf
    output: /data2/mbaragli/python_app/app_python/work_dir/CARLONE/sv/CARLONE_sniffles_annotsv.vcf.tsv
    jobid: 0
    reason: Missing output files: /data2/mbaragli/python_app/app_python/work_dir/CARLONE/sv/CARLONE_sniffles_annotsv.vcf.tsv
    wildcards: sample=CARLONE
    resources: tmpdir=/tmp

[Fri Feb  9 15:52:15 2024]
Finished job 0.
1 of 1 steps (100%) done
Complete log: .snakemake/log/2024-02-09T155211.486024.snakemake.log
