Building DAG of jobs...
Retrieving input from storage.
Using shell: /usr/bin/bash
Provided cores: 1 (use --cores to define parallelism)
Rules claiming more threads will be scaled down.
Job stats:
job              count
-------------  -------
minimap2             1
samtools_sort        1
total                2

Select jobs to execute...
Execute 1 jobs...

[Thu Feb  1 15:10:05 2024]
localrule minimap2:
    input: /data2/mbaragli/python_app/pipeline_snakemake/data/genome.fa, /data2/mbaragli/python_app/app_python/work_dir/data/samples/C.fastq
    output: /data2/abimbocci/paz_2/mapped_reads/paz_2.bam
    jobid: 1
    reason: Missing output files: /data2/abimbocci/paz_2/mapped_reads/paz_2.bam
    wildcards: sample=paz_2
    resources: tmpdir=/tmp

[Thu Feb  1 15:10:07 2024]
Finished job 1.
1 of 2 steps (50%) done
Select jobs to execute...
Execute 1 jobs...

[Thu Feb  1 15:10:07 2024]
localrule samtools_sort:
    input: /data2/abimbocci/paz_2/mapped_reads/paz_2.bam
    output: /data2/abimbocci/paz_2/sorted_reads/paz_2_sorted.bam
    jobid: 0
    reason: Missing output files: /data2/abimbocci/paz_2/sorted_reads/paz_2_sorted.bam; Input files updated by another job: /data2/abimbocci/paz_2/mapped_reads/paz_2.bam
    wildcards: sample=paz_2
    resources: tmpdir=/tmp

[Thu Feb  1 15:10:07 2024]
Finished job 0.
2 of 2 steps (100%) done
Complete log: .snakemake/log/2024-02-01T151005.172822.snakemake.log
