Building DAG of jobs...
Retrieving input from storage.
Using shell: /usr/bin/bash
Provided cores: 1 (use --cores to define parallelism)
Rules claiming more threads will be scaled down.
Job stats:
job                count
---------------  -------
sv_som_gasoline        1
total                  1

Select jobs to execute...
Execute 1 jobs...

[Thu Feb 29 09:50:44 2024]
localrule sv_som_gasoline:
    input: /data2/mbaragli/Meyer/alignment/Meyer_04072023_opnfast5_merged_sorted.bam, /data2/mbaragli/python_app/app_python/work_dir/fajitas, /data2/utility/references/genomics/hs37d5.decoy.fa, /data2/mbaragli/Meyer/alignment/Meyer_04072023_opnfast5_merged_sorted.bam
    output: /data2/mbaragli/python_app/app_python/work_dir/fajitas/sv/fajitas_gasoline/gasoline_final.vcf
    jobid: 0
    reason: Missing output files: /data2/mbaragli/python_app/app_python/work_dir/fajitas/sv/fajitas_gasoline/gasoline_final.vcf
    wildcards: sample=fajitas
    resources: tmpdir=/tmp


            cd /data2/mbaragli/tools/GASOLINE_1.1/
            perl GASOLINEParse.pl -B /data2/mbaragli/Meyer/alignment/Meyer_04072023_opnfast5_merged_sorted.bam -L Control -O /data2/mbaragli/python_app/app_python/work_dir/fajitas/sv/fajitas_gasoline/control -R hg19 -Q 20 
            perl GASOLINEGermlineDetector.pl -B /data2/mbaragli/Meyer/alignment/Meyer_04072023_opnfast5_merged_sorted.bam -L Control -O /data2/mbaragli/python_app/app_python/work_dir/fajitas/sv/fajitas_gasoline/control -NT 1 -NS 5000 -Q 20 -MS 2 -OT 0.8
            perl GASOLINEGermlineDetector.pl -B /data2/mbaragli/Meyer/alignment/Meyer_04072023_opnfast5_merged_sorted.bam -L Control -O /data2/mbaragli/python_app/app_python/work_dir/fajitas/sv/fajitas_gasoline/control -NT 1 -NS 5000 -Q 20 -MS 2 -OT 0.8
            perl GASOLINEParse.pl -B /data2/mbaragli/Meyer/alignment/Meyer_04072023_opnfast5_merged_sorted.bam -L Test -O /data2/mbaragli/python_app/app_python/work_dir/fajitas/sv/fajitas_gasoline/test -R hg19 -Q 20 
            perl GASOLINESomaticDetector.pl -BT /data2/mbaragli/Meyer/alignment/Meyer_04072023_opnfast5_merged_sorted.bam -BC /data2/mbaragli/Meyer/alignment/Meyer_04072023_opnfast5_merged_sorted.bam -LT Test -LC Control -LS TestControl -OT /data2/mbaragli/python_app/app_python/work_dir/fajitas/sv/fajitas_gasoline/test -OC /data2/mbaragli/python_app/app_python/work_dir/fajitas/sv/fajitas_gasoline/control -OS /data2/mbaragli/python_app/app_python/work_dir/fajitas/sv/fajitas_gasoline/comparison -NT 1 -NS 5000 -Q 20 -MS 2 -OV 0.8ù
            perl GASOLINESomaticDetector.pl -BT /data2/mbaragli/Meyer/alignment/Meyer_04072023_opnfast5_merged_sorted.bam -BC /data2/mbaragli/Meyer/alignment/Meyer_04072023_opnfast5_merged_sorted.bam -LT Test -LC Control -LS TestControl -OT /data2/mbaragli/python_app/app_python/work_dir/fajitas/sv/fajitas_gasoline/test -OC /data2/mbaragli/python_app/app_python/work_dir/fajitas/sv/fajitas_gasoline/control -OS /data2/mbaragli/python_app/app_python/work_dir/fajitas/sv/fajitas_gasoline/comparison -NT 1 -NS 5000 -Q 20 -MS 2 -OV 0.8
            perl GASOLINESomaticVCFCreate.pl -LT Test -LC Control -LS TestControl -IS /data2/mbaragli/python_app/app_python/work_dir/fajitas/sv/fajitas_gasoline/comparison -OS /data2/mbaragli/python_app/app_python/work_dir/fajitas/sv/fajitas_gasoline/gasoline_final.vcf -RA hg19 -FR /data2/utility/references/genomics/hs37d5.decoy.fa -TS 40 -TC 10 -TI 0.8 -TO 0.9 -TR 2 -TP 0.05 -TH 0.001
            
Waiting at most 5 seconds for missing files.
MissingOutputException in rule sv_som_gasoline in file /data2/mbaragli/python_app/app_python/Snakefile, line 295:
Job 0 completed successfully, but some output files are missing. Missing files after 5 seconds. This might be due to filesystem latency. If that is the case, consider to increase the wait time with --latency-wait:
/data2/mbaragli/python_app/app_python/work_dir/fajitas/sv/fajitas_gasoline/gasoline_final.vcf
Shutting down, this might take some time.
Exiting because a job execution failed. Look above for error message
Complete log: .snakemake/log/2024-02-29T095044.027635.snakemake.log
WorkflowError:
At least one job did not complete successfully.
