Building DAG of jobs...
Retrieving input from storage.
Using shell: /usr/bin/bash
Provided cores: 30
Rules claiming more threads will be scaled down.
Job stats:
job        count
-------  -------
vep_vcf        1
total          1

Select jobs to execute...
Execute 1 jobs...

[Fri Feb 23 12:19:22 2024]
localrule vep_vcf:
    input: /data2/mbaragli/python_app/app_python/work_dir/no_del_20022024/snv/no_del_20022024_nanocaller/variant_calls.vcf.gz
    output: /data2/mbaragli/python_app/app_python/work_dir/prov/snv/prov_vep.vcf
    jobid: 0
    reason: Missing output files: /data2/mbaragli/python_app/app_python/work_dir/prov/snv/prov_vep.vcf
    wildcards: sample=prov
    resources: tmpdir=/tmp

Activating conda environment: vep
Terminating processes on user request, this might take some time.
[Fri Feb 23 12:24:44 2024]
Error in rule vep_vcf:
    jobid: 0
    input: /data2/mbaragli/python_app/app_python/work_dir/no_del_20022024/snv/no_del_20022024_nanocaller/variant_calls.vcf.gz
    output: /data2/mbaragli/python_app/app_python/work_dir/prov/snv/prov_vep.vcf
    conda-env: vep
    shell:
        vep -format vcf -i /data2/mbaragli/python_app/app_python/work_dir/no_del_20022024/snv/no_del_20022024_nanocaller/variant_calls.vcf.gz -o /data2/mbaragli/python_app/app_python/work_dir/prov/snv/prov_vep.vcf --vcf --assembly GRCh37 --everything      --database --fork 30
        (one of the commands exited with non-zero exit code; note that snakemake uses bash strict mode!)

Complete log: .snakemake/log/2024-02-23T121922.825351.snakemake.log
WorkflowError:
At least one job did not complete successfully.
