Building DAG of jobs...
Retrieving input from storage.
Using shell: /usr/bin/bash
Provided cores: 1 (use --cores to define parallelism)
Rules claiming more threads will be scaled down.
Job stats:
job               count
--------------  -------
minimap2              1
samtools_index        1
samtools_sort         1
snv_longshot          1
sv_cutesv             1
sv_sniffles           1
sv_svim               1
total                 7

Select jobs to execute...
Execute 1 jobs...

[Thu Feb  1 15:41:38 2024]
localrule minimap2:
    input: /data2/mbaragli/python_app/pipeline_snakemake/data/genome.fa, /data2/mbaragli/python_app/app_python/work_dir/data/samples/B.fastq
    output: /data2/abimbocci/prova_1/mapped_reads/prova_1.bam
    jobid: 2
    reason: Missing output files: /data2/abimbocci/prova_1/mapped_reads/prova_1.bam
    wildcards: sample=prova_1
    resources: tmpdir=/tmp

[Thu Feb  1 15:41:40 2024]
Finished job 2.
1 of 7 steps (14%) done
Select jobs to execute...
Execute 1 jobs...

[Thu Feb  1 15:41:40 2024]
localrule samtools_sort:
    input: /data2/abimbocci/prova_1/mapped_reads/prova_1.bam
    output: /data2/abimbocci/prova_1/sorted_reads/prova_1_sorted.bam
    jobid: 1
    reason: Missing output files: /data2/abimbocci/prova_1/sorted_reads/prova_1_sorted.bam; Input files updated by another job: /data2/abimbocci/prova_1/mapped_reads/prova_1.bam
    wildcards: sample=prova_1
    resources: tmpdir=/tmp

[Thu Feb  1 15:41:40 2024]
Finished job 1.
2 of 7 steps (29%) done
Select jobs to execute...
Execute 1 jobs...

[Thu Feb  1 15:41:40 2024]
localrule samtools_index:
    input: /data2/abimbocci/prova_1/sorted_reads/prova_1_sorted.bam
    output: /data2/abimbocci/prova_1/sorted_reads/prova_1_sorted.bam.bai
    jobid: 3
    reason: Missing output files: /data2/abimbocci/prova_1/sorted_reads/prova_1_sorted.bam.bai; Input files updated by another job: /data2/abimbocci/prova_1/sorted_reads/prova_1_sorted.bam
    wildcards: sample=prova_1
    resources: tmpdir=/tmp

[Thu Feb  1 15:41:40 2024]
Finished job 3.
3 of 7 steps (43%) done
Select jobs to execute...
Execute 1 jobs...

[Thu Feb  1 15:41:40 2024]
localrule sv_sniffles:
    input: /data2/mbaragli/python_app/pipeline_snakemake/data/genome.fa, /data2/abimbocci/prova_1/sorted_reads/prova_1_sorted.bam, /data2/abimbocci/prova_1/sorted_reads/prova_1_sorted.bam.bai
    output: /data2/abimbocci/prova_1/sv/prova_1_sniffles.vcf
    jobid: 0
    reason: Missing output files: /data2/abimbocci/prova_1/sv/prova_1_sniffles.vcf; Input files updated by another job: /data2/abimbocci/prova_1/sorted_reads/prova_1_sorted.bam.bai, /data2/abimbocci/prova_1/sorted_reads/prova_1_sorted.bam
    wildcards: sample=prova_1
    resources: tmpdir=/tmp

Activating conda environment: sniffles2
[Thu Feb  1 15:41:41 2024]
Finished job 0.
4 of 7 steps (57%) done
Select jobs to execute...
Execute 1 jobs...

[Thu Feb  1 15:41:41 2024]
localrule sv_cutesv:
    input: /data2/mbaragli/python_app/pipeline_snakemake/data/genome.fa, /data2/abimbocci/prova_1/sorted_reads/prova_1_sorted.bam, /data2/abimbocci/prova_1/sorted_reads/prova_1_sorted.bam.bai, /data2/abimbocci
    output: /data2/abimbocci/prova_1/sv/prova_1_cutesv.vcf
    jobid: 4
    reason: Missing output files: /data2/abimbocci/prova_1/sv/prova_1_cutesv.vcf; Input files updated by another job: /data2/abimbocci/prova_1/sorted_reads/prova_1_sorted.bam.bai, /data2/abimbocci/prova_1/sorted_reads/prova_1_sorted.bam
    wildcards: sample=prova_1
    resources: tmpdir=/tmp

Activating conda environment: svim_cutesv
[Thu Feb  1 15:41:43 2024]
Finished job 4.
5 of 7 steps (71%) done
Select jobs to execute...
Execute 1 jobs...

[Thu Feb  1 15:41:43 2024]
localrule sv_svim:
    input: /data2/mbaragli/python_app/pipeline_snakemake/data/genome.fa, /data2/abimbocci/prova_1/sorted_reads/prova_1_sorted.bam, /data2/abimbocci/prova_1/sorted_reads/prova_1_sorted.bam.bai
    output: /data2/abimbocci/prova_1/sv/prova_1_svim
    jobid: 5
    reason: Missing output files: /data2/abimbocci/prova_1/sv/prova_1_svim; Input files updated by another job: /data2/abimbocci/prova_1/sorted_reads/prova_1_sorted.bam.bai, /data2/abimbocci/prova_1/sorted_reads/prova_1_sorted.bam
    wildcards: sample=prova_1
    resources: tmpdir=/tmp

Activating conda environment: svim_cutesv
[Thu Feb  1 15:41:52 2024]
Finished job 5.
6 of 7 steps (86%) done
Select jobs to execute...
Execute 1 jobs...

[Thu Feb  1 15:41:52 2024]
localrule snv_longshot:
    input: /data2/mbaragli/python_app/pipeline_snakemake/data/genome.fa, /data2/abimbocci/prova_1/sorted_reads/prova_1_sorted.bam, /data2/abimbocci/prova_1/sorted_reads/prova_1_sorted.bam.bai
    output: /data2/abimbocci/prova_1/snv/prova_1_longshot.vcf
    jobid: 6
    reason: Missing output files: /data2/abimbocci/prova_1/snv/prova_1_longshot.vcf; Input files updated by another job: /data2/abimbocci/prova_1/sorted_reads/prova_1_sorted.bam.bai, /data2/abimbocci/prova_1/sorted_reads/prova_1_sorted.bam
    wildcards: sample=prova_1
    resources: tmpdir=/tmp

Activating conda environment: longshot2
[Thu Feb  1 15:41:53 2024]
Finished job 6.
7 of 7 steps (100%) done
Complete log: .snakemake/log/2024-02-01T154138.415646.snakemake.log
