Building DAG of jobs...
Using shell: /usr/bin/bash
Provided cores: 30
Rules claiming more threads will be scaled down.
Job stats:
job                    count
-------------------  -------
minimap2                   1
samtools_index             1
samtools_sort              1
snv_clair3                 1
snv_clair3_vep             1
sv_sniffles                1
sv_sniffles_annotsv        1
total                      7

Select jobs to execute...
Execute 1 jobs...

[Wed Apr 24 14:52:03 2024]
localrule minimap2:
    input: /data2/utility/references/genomics/hs37d5.decoy.fa, /data2/mbaragli/python_app/app_python/extra_files/HG002_dorado_sup_srt_20x.fastq
    output: /data2/mbaragli/python_app/app_python/work_dir/HG002_dorado_sup_srt_20x/mapped_reads/HG002_dorado_sup_srt_20x.bam
    jobid: 3
    reason: Missing output files: /data2/mbaragli/python_app/app_python/work_dir/HG002_dorado_sup_srt_20x/mapped_reads/HG002_dorado_sup_srt_20x.bam
    wildcards: sample=HG002_dorado_sup_srt_20x
    threads: 30
    resources: tmpdir=/tmp

[Wed Apr 24 19:04:12 2024]
Finished job 3.
1 of 7 steps (14%) done
Select jobs to execute...
Execute 1 jobs...

[Wed Apr 24 19:04:12 2024]
localrule samtools_sort:
    input: /data2/mbaragli/python_app/app_python/work_dir/HG002_dorado_sup_srt_20x/mapped_reads/HG002_dorado_sup_srt_20x.bam
    output: /data2/mbaragli/python_app/app_python/work_dir/HG002_dorado_sup_srt_20x/sorted_reads/HG002_dorado_sup_srt_20x_sorted.bam
    jobid: 2
    reason: Missing output files: /data2/mbaragli/python_app/app_python/work_dir/HG002_dorado_sup_srt_20x/sorted_reads/HG002_dorado_sup_srt_20x_sorted.bam; Input files updated by another job: /data2/mbaragli/python_app/app_python/work_dir/HG002_dorado_sup_srt_20x/mapped_reads/HG002_dorado_sup_srt_20x.bam
    wildcards: sample=HG002_dorado_sup_srt_20x
    threads: 30
    resources: tmpdir=/tmp

samtools sort -@ 30  -O bam /data2/mbaragli/python_app/app_python/work_dir/HG002_dorado_sup_srt_20x/mapped_reads/HG002_dorado_sup_srt_20x.bam > /data2/mbaragli/python_app/app_python/work_dir/HG002_dorado_sup_srt_20x/sorted_reads/HG002_dorado_sup_srt_20x_sorted.bam
[Wed Apr 24 19:31:35 2024]
Finished job 2.
2 of 7 steps (29%) done
Select jobs to execute...
Execute 1 jobs...

[Wed Apr 24 19:31:35 2024]
localrule samtools_index:
    input: /data2/mbaragli/python_app/app_python/work_dir/HG002_dorado_sup_srt_20x/sorted_reads/HG002_dorado_sup_srt_20x_sorted.bam
    output: /data2/mbaragli/python_app/app_python/work_dir/HG002_dorado_sup_srt_20x/sorted_reads/HG002_dorado_sup_srt_20x_sorted.bam.bai
    jobid: 4
    reason: Missing output files: /data2/mbaragli/python_app/app_python/work_dir/HG002_dorado_sup_srt_20x/sorted_reads/HG002_dorado_sup_srt_20x_sorted.bam.bai; Input files updated by another job: /data2/mbaragli/python_app/app_python/work_dir/HG002_dorado_sup_srt_20x/sorted_reads/HG002_dorado_sup_srt_20x_sorted.bam
    wildcards: sample=HG002_dorado_sup_srt_20x
    threads: 30
    resources: tmpdir=/tmp

samtools index -@ 30  /data2/mbaragli/python_app/app_python/work_dir/HG002_dorado_sup_srt_20x/sorted_reads/HG002_dorado_sup_srt_20x_sorted.bam
[Wed Apr 24 19:33:55 2024]
Finished job 4.
3 of 7 steps (43%) done
Select jobs to execute...
Execute 2 jobs...

[Wed Apr 24 19:33:56 2024]
localrule sv_sniffles:
    input: /data2/utility/references/genomics/hs37d5.decoy.fa, /data2/mbaragli/python_app/app_python/work_dir/HG002_dorado_sup_srt_20x/sorted_reads/HG002_dorado_sup_srt_20x_sorted.bam, /data2/mbaragli/python_app/app_python/work_dir/HG002_dorado_sup_srt_20x/sorted_reads/HG002_dorado_sup_srt_20x_sorted.bam.bai
    output: /data2/mbaragli/python_app/app_python/work_dir/HG002_dorado_sup_srt_20x/sv/HG002_dorado_sup_srt_20x_sniffles.vcf
    jobid: 1
    reason: Missing output files: /data2/mbaragli/python_app/app_python/work_dir/HG002_dorado_sup_srt_20x/sv/HG002_dorado_sup_srt_20x_sniffles.vcf; Input files updated by another job: /data2/mbaragli/python_app/app_python/work_dir/HG002_dorado_sup_srt_20x/sorted_reads/HG002_dorado_sup_srt_20x_sorted.bam.bai, /data2/mbaragli/python_app/app_python/work_dir/HG002_dorado_sup_srt_20x/sorted_reads/HG002_dorado_sup_srt_20x_sorted.bam
    wildcards: sample=HG002_dorado_sup_srt_20x
    threads: 15
    resources: tmpdir=/tmp

sniffles       --input /data2/mbaragli/python_app/app_python/work_dir/HG002_dorado_sup_srt_20x/sorted_reads/HG002_dorado_sup_srt_20x_sorted.bam --reference /data2/utility/references/genomics/hs37d5.decoy.fa --vcf /data2/mbaragli/python_app/app_python/work_dir/HG002_dorado_sup_srt_20x/sv/HG002_dorado_sup_srt_20x_sniffles.vcf --threads 15
Activating conda environment: sniffles2

[Wed Apr 24 19:33:56 2024]
localrule snv_clair3:
    input: /data2/utility/references/genomics/hs37d5.decoy.fa, /data2/mbaragli/python_app/app_python/work_dir/HG002_dorado_sup_srt_20x/sorted_reads/HG002_dorado_sup_srt_20x_sorted.bam, /data2/mbaragli/python_app/app_python/work_dir/HG002_dorado_sup_srt_20x/sorted_reads/HG002_dorado_sup_srt_20x_sorted.bam.bai
    output: /data2/mbaragli/python_app/app_python/work_dir/HG002_dorado_sup_srt_20x/snv/HG002_dorado_sup_srt_20x_clair3
    jobid: 6
    reason: Missing output files: /data2/mbaragli/python_app/app_python/work_dir/HG002_dorado_sup_srt_20x/snv/HG002_dorado_sup_srt_20x_clair3; Input files updated by another job: /data2/mbaragli/python_app/app_python/work_dir/HG002_dorado_sup_srt_20x/sorted_reads/HG002_dorado_sup_srt_20x_sorted.bam.bai, /data2/mbaragli/python_app/app_python/work_dir/HG002_dorado_sup_srt_20x/sorted_reads/HG002_dorado_sup_srt_20x_sorted.bam
    wildcards: sample=HG002_dorado_sup_srt_20x
    threads: 15
    resources: tmpdir=/tmp

/data2/mbaragli/tools/Clair3/run_clair3.sh --bam_fn=/data2/mbaragli/python_app/app_python/work_dir/HG002_dorado_sup_srt_20x/sorted_reads/HG002_dorado_sup_srt_20x_sorted.bam --ref_fn=/data2/utility/references/genomics/hs37d5.decoy.fa --output=/data2/mbaragli/python_app/app_python/work_dir/HG002_dorado_sup_srt_20x/snv/HG002_dorado_sup_srt_20x_clair3 --threads=15 --platform=ont --model_path /data2/mbaragli/tools/rerio/clair3_models/r104_e81_hac_g5015      
Activating conda environment: nano_clair3
[Wed Apr 24 19:37:18 2024]
Finished job 1.
4 of 7 steps (57%) done
Select jobs to execute...
Execute 1 jobs...

[Wed Apr 24 19:37:18 2024]
localrule sv_sniffles_annotsv:
    input: /data2/mbaragli/python_app/app_python/work_dir/HG002_dorado_sup_srt_20x/sv/HG002_dorado_sup_srt_20x_sniffles.vcf
    output: /data2/mbaragli/python_app/app_python/work_dir/HG002_dorado_sup_srt_20x/sv/HG002_dorado_sup_srt_20x_sniffles_annotsv.tsv
    jobid: 0
    reason: Missing output files: /data2/mbaragli/python_app/app_python/work_dir/HG002_dorado_sup_srt_20x/sv/HG002_dorado_sup_srt_20x_sniffles_annotsv.tsv; Input files updated by another job: /data2/mbaragli/python_app/app_python/work_dir/HG002_dorado_sup_srt_20x/sv/HG002_dorado_sup_srt_20x_sniffles.vcf
    wildcards: sample=HG002_dorado_sup_srt_20x
    resources: tmpdir=/tmp

/data2/mbaragli/tools/annotSV/AnnotSV/bin/AnnotSV -genomeBuild GRCh37 -SVinputFile /data2/mbaragli/python_app/app_python/work_dir/HG002_dorado_sup_srt_20x/sv/HG002_dorado_sup_srt_20x_sniffles.vcf -outputFile /data2/mbaragli/python_app/app_python/work_dir/HG002_dorado_sup_srt_20x/sv/HG002_dorado_sup_srt_20x_sniffles_annotsv.tsv      -vcf 1 -svtBEDcol 1
[Wed Apr 24 19:40:40 2024]
Finished job 0.
5 of 7 steps (71%) done
[Wed Apr 24 22:46:47 2024]
Finished job 6.
6 of 7 steps (86%) done
Select jobs to execute...
Execute 1 jobs...

[Wed Apr 24 22:46:47 2024]
localrule snv_clair3_vep:
    input: /data2/mbaragli/python_app/app_python/work_dir/HG002_dorado_sup_srt_20x/snv/HG002_dorado_sup_srt_20x_clair3
    output: /data2/mbaragli/python_app/app_python/work_dir/HG002_dorado_sup_srt_20x/snv/HG002_dorado_sup_srt_20x_clair3_vep.vcf
    jobid: 5
    reason: Missing output files: /data2/mbaragli/python_app/app_python/work_dir/HG002_dorado_sup_srt_20x/snv/HG002_dorado_sup_srt_20x_clair3_vep.vcf; Input files updated by another job: /data2/mbaragli/python_app/app_python/work_dir/HG002_dorado_sup_srt_20x/snv/HG002_dorado_sup_srt_20x_clair3
    wildcards: sample=HG002_dorado_sup_srt_20x
    threads: 15
    resources: tmpdir=/tmp

vep -format vcf -i /data2/mbaragli/python_app/app_python/work_dir/HG002_dorado_sup_srt_20x/snv/HG002_dorado_sup_srt_20x_clair3/merge_output.vcf.gz -o /data2/mbaragli/python_app/app_python/work_dir/HG002_dorado_sup_srt_20x/snv/HG002_dorado_sup_srt_20x_clair3_vep.vcf --vcf --fork 15 --assembly GRCh37       --database --fork 30
Activating conda environment: vep
[Thu Apr 25 17:36:10 2024]
Error in rule snv_clair3_vep:
    jobid: 5
    input: /data2/mbaragli/python_app/app_python/work_dir/HG002_dorado_sup_srt_20x/snv/HG002_dorado_sup_srt_20x_clair3
    output: /data2/mbaragli/python_app/app_python/work_dir/HG002_dorado_sup_srt_20x/snv/HG002_dorado_sup_srt_20x_clair3_vep.vcf
    conda-env: vep
    shell:
        vep -format vcf -i /data2/mbaragli/python_app/app_python/work_dir/HG002_dorado_sup_srt_20x/snv/HG002_dorado_sup_srt_20x_clair3/merge_output.vcf.gz -o /data2/mbaragli/python_app/app_python/work_dir/HG002_dorado_sup_srt_20x/snv/HG002_dorado_sup_srt_20x_clair3_vep.vcf --vcf --fork 15 --assembly GRCh37       --database --fork 30
        (one of the commands exited with non-zero exit code; note that snakemake uses bash strict mode!)

Removing output files of failed job snv_clair3_vep since they might be corrupted:
/data2/mbaragli/python_app/app_python/work_dir/HG002_dorado_sup_srt_20x/snv/HG002_dorado_sup_srt_20x_clair3_vep.vcf
Exiting because a job execution failed. Look above for error message
Complete log: .snakemake/log/2024-04-24T145203.564241.snakemake.log
WorkflowError:
At least one job did not complete successfully.
