Building DAG of jobs...
Retrieving input from storage.
Using shell: /usr/bin/bash
Provided cores: 1 (use --cores to define parallelism)
Rules claiming more threads will be scaled down.
Job stats:
job              count
-------------  -------
bwa_map              1
samtools_sort        1
snv_longshot         1
sv_sniffles          1
sv_svim              1
total                5

Select jobs to execute...
Execute 1 jobs...

[Fri Jan 12 14:07:01 2024]
localrule bwa_map:
    input: /data2/mbaragli/python_app/pipeline_snakemake/data/genome.fa, /data2/mbaragli/python_app/app_python/work_dir/data/samples/A.fastq
    output: /data2/mbaragli/python_app/app_python/work_dir/mapped_reads/PIPPO.bam
    jobid: 2
    reason: Missing output files: /data2/mbaragli/python_app/app_python/work_dir/mapped_reads/PIPPO.bam
    wildcards: sample=PIPPO
    resources: tmpdir=/tmp

[Fri Jan 12 14:07:03 2024]
Finished job 2.
1 of 5 steps (20%) done
Select jobs to execute...
Execute 1 jobs...

[Fri Jan 12 14:07:03 2024]
localrule samtools_sort:
    input: /data2/mbaragli/python_app/app_python/work_dir/mapped_reads/PIPPO.bam
    output: /data2/mbaragli/python_app/app_python/work_dir/sorted_reads/A_sorted.bam, /data2/mbaragli/python_app/app_python/work_dir/sorted_reads/A_sorted.bam.bai
    jobid: 1
    reason: Missing output files: /data2/mbaragli/python_app/app_python/work_dir/sorted_reads/A_sorted.bam, /data2/mbaragli/python_app/app_python/work_dir/sorted_reads/A_sorted.bam.bai; Input files updated by another job: /data2/mbaragli/python_app/app_python/work_dir/mapped_reads/PIPPO.bam; Set of input files has changed since last execution
    wildcards: sample=A
    resources: tmpdir=/tmp

[Fri Jan 12 14:07:04 2024]
Finished job 1.
2 of 5 steps (40%) done
Select jobs to execute...
Execute 1 jobs...

[Fri Jan 12 14:07:04 2024]
localrule snv_longshot:
    input: /data2/mbaragli/python_app/pipeline_snakemake/data/genome.fa, /data2/mbaragli/python_app/app_python/work_dir/sorted_reads/A_sorted.bam, /data2/mbaragli/python_app/app_python/work_dir/sorted_reads/A_sorted.bam.bai
    output: /data2/mbaragli/python_app/app_python/work_dir/snv/A_longshot.vcf
    jobid: 0
    reason: Input files updated by another job: /data2/mbaragli/python_app/app_python/work_dir/sorted_reads/A_sorted.bam, /data2/mbaragli/python_app/app_python/work_dir/sorted_reads/A_sorted.bam.bai
    wildcards: sample=A
    resources: tmpdir=/tmp

Activating conda environment: longshot2
[Fri Jan 12 14:07:05 2024]
Finished job 0.
3 of 5 steps (60%) done
Select jobs to execute...
Execute 1 jobs...

[Fri Jan 12 14:07:05 2024]
localrule sv_svim:
    input: /data2/mbaragli/python_app/pipeline_snakemake/data/genome.fa, /data2/mbaragli/python_app/app_python/work_dir/sorted_reads/A_sorted.bam, /data2/mbaragli/python_app/app_python/work_dir/sorted_reads/A_sorted.bam.bai
    output: /data2/mbaragli/python_app/app_python/work_dir/sv/A_svim
    jobid: 4
    reason: Input files updated by another job: /data2/mbaragli/python_app/app_python/work_dir/sorted_reads/A_sorted.bam, /data2/mbaragli/python_app/app_python/work_dir/sorted_reads/A_sorted.bam.bai
    wildcards: sample=A
    resources: tmpdir=/tmp

Activating conda environment: svim_cutesv
[Fri Jan 12 14:07:12 2024]
Finished job 4.
4 of 5 steps (80%) done
Select jobs to execute...
Execute 1 jobs...

[Fri Jan 12 14:07:12 2024]
localrule sv_sniffles:
    input: /data2/mbaragli/python_app/pipeline_snakemake/data/genome.fa, /data2/mbaragli/python_app/app_python/work_dir/sorted_reads/A_sorted.bam, /data2/mbaragli/python_app/app_python/work_dir/sorted_reads/A_sorted.bam.bai
    output: /data2/mbaragli/python_app/app_python/work_dir/sv/A_sniffles.vcf
    jobid: 3
    reason: Input files updated by another job: /data2/mbaragli/python_app/app_python/work_dir/sorted_reads/A_sorted.bam, /data2/mbaragli/python_app/app_python/work_dir/sorted_reads/A_sorted.bam.bai
    wildcards: sample=A
    resources: tmpdir=/tmp

Activating conda environment: sniffles2
[Fri Jan 12 14:07:13 2024]
Finished job 3.
5 of 5 steps (100%) done
Complete log: .snakemake/log/2024-01-12T140701.618901.snakemake.log
