Building DAG of jobs...
Retrieving input from storage.
Using shell: /usr/bin/bash
Provided cores: 1 (use --cores to define parallelism)
Rules claiming more threads will be scaled down.
Job stats:
job               count
--------------  -------
samtools_index        1
snv_longshot          1
sv_sniffles           1
sv_svim               1
total                 4

Select jobs to execute...
Execute 1 jobs...

[Mon Jan 29 17:14:38 2024]
localrule sv_svim:
    input: /data2/mbaragli/python_app/pipeline_snakemake/data/genome.fa, /data2/mbaragli/python_app/app_python/work_dir/sorted_reads/PINOLO_sorted.bam, /data2/mbaragli/python_app/app_python/work_dir/sorted_reads/PINOLO_sorted.bam.bai
    output: /data2/mbaragli/python_app/app_python/work_dir/sv/PINOLO_svim
    jobid: 0
    reason: Missing output files: /data2/mbaragli/python_app/app_python/work_dir/sv/PINOLO_svim
    wildcards: sample=PINOLO
    resources: tmpdir=/tmp

Activating conda environment: svim_cutesv
[Mon Jan 29 17:14:39 2024]
Error in rule sv_svim:
    jobid: 0
    input: /data2/mbaragli/python_app/pipeline_snakemake/data/genome.fa, /data2/mbaragli/python_app/app_python/work_dir/sorted_reads/PINOLO_sorted.bam, /data2/mbaragli/python_app/app_python/work_dir/sorted_reads/PINOLO_sorted.bam.bai
    output: /data2/mbaragli/python_app/app_python/work_dir/sv/PINOLO_svim
    conda-env: svim_cutesv
    shell:
        svim alignment /data2/mbaragli/python_app/app_python/work_dir/sv/PINOLO_svim /data2/mbaragli/python_app/app_python/work_dir/sorted_reads/PINOLO_sorted.bam /data2/mbaragli/python_app/pipeline_snakemake/data/genome.fa --min_mapq 20 --min_sv_size 40 --max_sv_size 100000 --skip_genotyping True --minimum_score 3 --minimum_depth 4  
        (one of the commands exited with non-zero exit code; note that snakemake uses bash strict mode!)

Shutting down, this might take some time.
Exiting because a job execution failed. Look above for error message
Complete log: .snakemake/log/2024-01-29T171438.333792.snakemake.log
WorkflowError:
At least one job did not complete successfully.
