Building DAG of jobs...
Retrieving input from storage.
Using shell: /usr/bin/bash
Provided cores: 1 (use --cores to define parallelism)
Rules claiming more threads will be scaled down.
Job stats:
job                count
---------------  -------
samtools_index         1
samtools_sort          1
sv_svim                1
sv_svim_annotsv        1
total                  4

Select jobs to execute...
Execute 1 jobs...

[Wed Feb 14 11:39:31 2024]
localrule samtools_sort:
    input: /data2/mbaragli/Meyer/alignment/Meyer_04072023_opnfast5_merged.bam
    output: /data2/mbaragli/python_app/app_python/work_dir/vania/sorted_reads/vania_sorted.bam
    jobid: 2
    reason: Missing output files: /data2/mbaragli/python_app/app_python/work_dir/vania/sorted_reads/vania_sorted.bam
    wildcards: sample=vania
    resources: tmpdir=/tmp

[Wed Feb 14 11:39:32 2024]
Finished job 2.
1 of 4 steps (25%) done
Select jobs to execute...
Execute 1 jobs...

[Wed Feb 14 11:39:32 2024]
localrule samtools_index:
    input: /data2/mbaragli/python_app/app_python/work_dir/vania/sorted_reads/vania_sorted.bam
    output: /data2/mbaragli/python_app/app_python/work_dir/vania/sorted_reads/vania_sorted.bam.bai
    jobid: 3
    reason: Missing output files: /data2/mbaragli/python_app/app_python/work_dir/vania/sorted_reads/vania_sorted.bam.bai; Input files updated by another job: /data2/mbaragli/python_app/app_python/work_dir/vania/sorted_reads/vania_sorted.bam
    wildcards: sample=vania
    resources: tmpdir=/tmp

[Wed Feb 14 11:39:32 2024]
Finished job 3.
2 of 4 steps (50%) done
Select jobs to execute...
Execute 1 jobs...

[Wed Feb 14 11:39:32 2024]
localrule sv_svim:
    input: /data2/utility/references/genomics/hs37d5.decoy.fa, /data2/mbaragli/python_app/app_python/work_dir/vania/sorted_reads/vania_sorted.bam, /data2/mbaragli/python_app/app_python/work_dir/vania/sorted_reads/vania_sorted.bam.bai
    output: /data2/mbaragli/python_app/app_python/work_dir/vania/sv/vania_svim
    jobid: 1
    reason: Missing output files: /data2/mbaragli/python_app/app_python/work_dir/vania/sv/vania_svim; Input files updated by another job: /data2/mbaragli/python_app/app_python/work_dir/vania/sorted_reads/vania_sorted.bam, /data2/mbaragli/python_app/app_python/work_dir/vania/sorted_reads/vania_sorted.bam.bai
    wildcards: sample=vania
    resources: tmpdir=/tmp

Activating conda environment: svim_cutesv
[Wed Feb 14 11:39:44 2024]
Finished job 1.
3 of 4 steps (75%) done
Select jobs to execute...
Execute 1 jobs...

[Wed Feb 14 11:39:44 2024]
localrule sv_svim_annotsv:
    input: /data2/mbaragli/python_app/app_python/work_dir/vania/sv/vania_svim
    output: /data2/mbaragli/python_app/app_python/work_dir/vania/sv/vania_svim_annotsv.tsv
    jobid: 0
    reason: Missing output files: /data2/mbaragli/python_app/app_python/work_dir/vania/sv/vania_svim_annotsv.tsv; Input files updated by another job: /data2/mbaragli/python_app/app_python/work_dir/vania/sv/vania_svim
    wildcards: sample=vania
    resources: tmpdir=/tmp

[Wed Feb 14 11:39:50 2024]
Finished job 0.
4 of 4 steps (100%) done
Complete log: .snakemake/log/2024-02-14T113931.767569.snakemake.log
