Building DAG of jobs...
Retrieving input from storage.
Using shell: /usr/bin/bash
Provided cores: 1 (use --cores to define parallelism)
Rules claiming more threads will be scaled down.
Conda environments: ignored
Job stats:
job                count
---------------  -------
sv_svim_annotsv        1
total                  1

Select jobs to execute...
Execute 1 jobs...

[Fri Feb  9 17:23:00 2024]
localrule sv_svim_annotsv:
    input: /data2/mbaragli/python_app/app_python/work_dir/PROVA/sv/PROVA_svim/variants.vcf
    output: /data2/mbaragli/python_app/app_python/work_dir/PROVA/sv/PROVA_svim_annotsv.tsv
    jobid: 0
    reason: Missing output files: /data2/mbaragli/python_app/app_python/work_dir/PROVA/sv/PROVA_svim_annotsv.tsv
    wildcards: sample=PROVA
    resources: tmpdir=/tmp

[Fri Feb  9 17:23:04 2024]
Finished job 0.
1 of 1 steps (100%) done
Complete log: .snakemake/log/2024-02-09T172300.741748.snakemake.log
