Building DAG of jobs...
Retrieving input from storage.
Using shell: /usr/bin/bash
Provided cores: 1 (use --cores to define parallelism)
Rules claiming more threads will be scaled down.
Job stats:
job               count
--------------  -------
minimap2              1
samtools_index        1
samtools_sort         1
snv_longshot          1
sv_cutesv             1
sv_sniffles           1
sv_svim               1
total                 7

Select jobs to execute...
Execute 1 jobs...

[Mon Feb  5 17:14:35 2024]
localrule minimap2:
    input: /data2/mbaragli/python_app/pipeline_snakemake/data/genome.fa, /data2/mbaragli/python_app/app_python/work_dir/data/samples/A.fastq
    output: /data2/mbaragli/python_app/app_python/work_dir/FGUIGYF/mapped_reads/FGUIGYF.bam
    jobid: 2
    reason: Missing output files: /data2/mbaragli/python_app/app_python/work_dir/FGUIGYF/mapped_reads/FGUIGYF.bam
    wildcards: sample=FGUIGYF
    resources: tmpdir=/tmp

[Mon Feb  5 17:14:37 2024]
Finished job 2.
1 of 7 steps (14%) done
Select jobs to execute...
Execute 1 jobs...

[Mon Feb  5 17:14:37 2024]
localrule samtools_sort:
    input: /data2/mbaragli/python_app/app_python/work_dir/FGUIGYF/mapped_reads/FGUIGYF.bam
    output: /data2/mbaragli/python_app/app_python/work_dir/FGUIGYF/sorted_reads/FGUIGYF_sorted.bam
    jobid: 1
    reason: Missing output files: /data2/mbaragli/python_app/app_python/work_dir/FGUIGYF/sorted_reads/FGUIGYF_sorted.bam; Input files updated by another job: /data2/mbaragli/python_app/app_python/work_dir/FGUIGYF/mapped_reads/FGUIGYF.bam
    wildcards: sample=FGUIGYF
    resources: tmpdir=/tmp

[Mon Feb  5 17:14:37 2024]
Finished job 1.
2 of 7 steps (29%) done
Select jobs to execute...
Execute 1 jobs...

[Mon Feb  5 17:14:37 2024]
localrule samtools_index:
    input: /data2/mbaragli/python_app/app_python/work_dir/FGUIGYF/sorted_reads/FGUIGYF_sorted.bam
    output: /data2/mbaragli/python_app/app_python/work_dir/FGUIGYF/sorted_reads/FGUIGYF_sorted.bam.bai
    jobid: 3
    reason: Missing output files: /data2/mbaragli/python_app/app_python/work_dir/FGUIGYF/sorted_reads/FGUIGYF_sorted.bam.bai; Input files updated by another job: /data2/mbaragli/python_app/app_python/work_dir/FGUIGYF/sorted_reads/FGUIGYF_sorted.bam
    wildcards: sample=FGUIGYF
    resources: tmpdir=/tmp

[Mon Feb  5 17:14:37 2024]
Finished job 3.
3 of 7 steps (43%) done
Select jobs to execute...
Execute 1 jobs...

[Mon Feb  5 17:14:37 2024]
localrule sv_cutesv:
    input: /data2/mbaragli/python_app/pipeline_snakemake/data/genome.fa, /data2/mbaragli/python_app/app_python/work_dir/FGUIGYF/sorted_reads/FGUIGYF_sorted.bam, /data2/mbaragli/python_app/app_python/work_dir/FGUIGYF/sorted_reads/FGUIGYF_sorted.bam.bai, /data2/mbaragli/python_app/app_python/work_dir
    output: /data2/mbaragli/python_app/app_python/work_dir/FGUIGYF/sv/FGUIGYF_cutesv.vcf
    jobid: 0
    reason: Missing output files: /data2/mbaragli/python_app/app_python/work_dir/FGUIGYF/sv/FGUIGYF_cutesv.vcf; Input files updated by another job: /data2/mbaragli/python_app/app_python/work_dir/FGUIGYF/sorted_reads/FGUIGYF_sorted.bam.bai, /data2/mbaragli/python_app/app_python/work_dir/FGUIGYF/sorted_reads/FGUIGYF_sorted.bam
    wildcards: sample=FGUIGYF
    resources: tmpdir=/tmp

Activating conda environment: svim_cutesv
[Mon Feb  5 17:14:39 2024]
Finished job 0.
4 of 7 steps (57%) done
Select jobs to execute...
Execute 1 jobs...

[Mon Feb  5 17:14:39 2024]
localrule sv_svim:
    input: /data2/mbaragli/python_app/pipeline_snakemake/data/genome.fa, /data2/mbaragli/python_app/app_python/work_dir/FGUIGYF/sorted_reads/FGUIGYF_sorted.bam, /data2/mbaragli/python_app/app_python/work_dir/FGUIGYF/sorted_reads/FGUIGYF_sorted.bam.bai
    output: /data2/mbaragli/python_app/app_python/work_dir/FGUIGYF/sv/FGUIGYF_svim
    jobid: 4
    reason: Missing output files: /data2/mbaragli/python_app/app_python/work_dir/FGUIGYF/sv/FGUIGYF_svim; Input files updated by another job: /data2/mbaragli/python_app/app_python/work_dir/FGUIGYF/sorted_reads/FGUIGYF_sorted.bam.bai, /data2/mbaragli/python_app/app_python/work_dir/FGUIGYF/sorted_reads/FGUIGYF_sorted.bam
    wildcards: sample=FGUIGYF
    resources: tmpdir=/tmp

Activating conda environment: svim_cutesv
[Mon Feb  5 17:14:52 2024]
Finished job 4.
5 of 7 steps (71%) done
Select jobs to execute...
Execute 1 jobs...

[Mon Feb  5 17:14:52 2024]
localrule snv_longshot:
    input: /data2/mbaragli/python_app/pipeline_snakemake/data/genome.fa, /data2/mbaragli/python_app/app_python/work_dir/FGUIGYF/sorted_reads/FGUIGYF_sorted.bam, /data2/mbaragli/python_app/app_python/work_dir/FGUIGYF/sorted_reads/FGUIGYF_sorted.bam.bai
    output: /data2/mbaragli/python_app/app_python/work_dir/FGUIGYF/snv/FGUIGYF_longshot.vcf
    jobid: 5
    reason: Missing output files: /data2/mbaragli/python_app/app_python/work_dir/FGUIGYF/snv/FGUIGYF_longshot.vcf; Input files updated by another job: /data2/mbaragli/python_app/app_python/work_dir/FGUIGYF/sorted_reads/FGUIGYF_sorted.bam.bai, /data2/mbaragli/python_app/app_python/work_dir/FGUIGYF/sorted_reads/FGUIGYF_sorted.bam
    wildcards: sample=FGUIGYF
    resources: tmpdir=/tmp

Activating conda environment: longshot2
[Mon Feb  5 17:14:53 2024]
Finished job 5.
6 of 7 steps (86%) done
Select jobs to execute...
Execute 1 jobs...

[Mon Feb  5 17:14:53 2024]
localrule sv_sniffles:
    input: /data2/mbaragli/python_app/pipeline_snakemake/data/genome.fa, /data2/mbaragli/python_app/app_python/work_dir/FGUIGYF/sorted_reads/FGUIGYF_sorted.bam, /data2/mbaragli/python_app/app_python/work_dir/FGUIGYF/sorted_reads/FGUIGYF_sorted.bam.bai
    output: /data2/mbaragli/python_app/app_python/work_dir/FGUIGYF/sv/FGUIGYF_sniffles.vcf
    jobid: 6
    reason: Missing output files: /data2/mbaragli/python_app/app_python/work_dir/FGUIGYF/sv/FGUIGYF_sniffles.vcf; Input files updated by another job: /data2/mbaragli/python_app/app_python/work_dir/FGUIGYF/sorted_reads/FGUIGYF_sorted.bam.bai, /data2/mbaragli/python_app/app_python/work_dir/FGUIGYF/sorted_reads/FGUIGYF_sorted.bam
    wildcards: sample=FGUIGYF
    resources: tmpdir=/tmp

Activating conda environment: sniffles2
[Mon Feb  5 17:14:54 2024]
Finished job 6.
7 of 7 steps (100%) done
Complete log: .snakemake/log/2024-02-05T171435.586261.snakemake.log
