Building DAG of jobs...
Using shell: /usr/bin/bash
Provided cores: 1 (use --cores to define parallelism)
Rules claiming more threads will be scaled down.
Job stats:
job         count
--------  -------
minimap2        1
total           1

Select jobs to execute...

[Wed Apr 17 14:47:21 2024]
rule minimap2:
    input: /data2/utility/references/genomics/hs37d5.decoy.fa, /data2/mbaragli/python_app/app_python/work_dir/data/samples/B.fastq
    output: /data2/mbaragli/python_app/app_python/work_dir/pinny/mapped_reads/pinny.bam
    jobid: 0
    reason: Missing output files: /data2/mbaragli/python_app/app_python/work_dir/pinny/mapped_reads/pinny.bam
    wildcards: sample=pinny
    resources: tmpdir=/tmp

Terminating processes on user request, this might take some time.
Cancelling snakemake on user request.
