Building DAG of jobs...
Retrieving input from storage.
Using shell: /usr/bin/bash
Provided cores: 1 (use --cores to define parallelism)
Rules claiming more threads will be scaled down.
Job stats:
job               count
--------------  -------
minimap2              1
samtools_index        1
samtools_sort         1
snv_longshot          1
sv_sniffles           1
total                 5

Select jobs to execute...
Execute 1 jobs...

[Thu Feb  1 11:28:48 2024]
localrule minimap2:
    input: /data2/mbaragli/python_app/pipeline_snakemake/data/genome.fa, /data2/mbaragli/python_app/app_python/work_dir/data/samples/A.fastq
    output: /data2/mbaragli/python_app/app_python/work_dir/STAVOLTAC/mapped_reads/STAVOLTAC.bam
    jobid: 2
    reason: Set of input files has changed since last execution
    wildcards: sample=STAVOLTAC
    resources: tmpdir=/tmp

[Thu Feb  1 11:28:50 2024]
Finished job 2.
1 of 5 steps (20%) done
Select jobs to execute...
Execute 1 jobs...

[Thu Feb  1 11:28:50 2024]
localrule samtools_sort:
    input: /data2/mbaragli/python_app/app_python/work_dir/STAVOLTAC/mapped_reads/STAVOLTAC.bam
    output: /data2/mbaragli/python_app/app_python/work_dir/STAVOLTAC/sorted_reads/STAVOLTAC_sorted.bam
    jobid: 1
    reason: Input files updated by another job: /data2/mbaragli/python_app/app_python/work_dir/STAVOLTAC/mapped_reads/STAVOLTAC.bam
    wildcards: sample=STAVOLTAC
    resources: tmpdir=/tmp

[Thu Feb  1 11:28:50 2024]
Finished job 1.
2 of 5 steps (40%) done
Select jobs to execute...
Execute 1 jobs...

[Thu Feb  1 11:28:50 2024]
localrule samtools_index:
    input: /data2/mbaragli/python_app/app_python/work_dir/STAVOLTAC/sorted_reads/STAVOLTAC_sorted.bam
    output: /data2/mbaragli/python_app/app_python/work_dir/STAVOLTAC/sorted_reads/STAVOLTAC_sorted.bam.bai
    jobid: 3
    reason: Input files updated by another job: /data2/mbaragli/python_app/app_python/work_dir/STAVOLTAC/sorted_reads/STAVOLTAC_sorted.bam
    wildcards: sample=STAVOLTAC
    resources: tmpdir=/tmp

[Thu Feb  1 11:28:50 2024]
Finished job 3.
3 of 5 steps (60%) done
Select jobs to execute...
Execute 1 jobs...

[Thu Feb  1 11:28:50 2024]
localrule sv_sniffles:
    input: /data2/mbaragli/python_app/pipeline_snakemake/data/genome.fa, /data2/mbaragli/python_app/app_python/work_dir/STAVOLTAC/sorted_reads/STAVOLTAC_sorted.bam, /data2/mbaragli/python_app/app_python/work_dir/STAVOLTAC/sorted_reads/STAVOLTAC_sorted.bam.bai
    output: /data2/mbaragli/python_app/app_python/work_dir/STAVOLTAC/sv/STAVOLTAC_sniffles.vcf
    jobid: 0
    reason: Input files updated by another job: /data2/mbaragli/python_app/app_python/work_dir/STAVOLTAC/sorted_reads/STAVOLTAC_sorted.bam.bai, /data2/mbaragli/python_app/app_python/work_dir/STAVOLTAC/sorted_reads/STAVOLTAC_sorted.bam
    wildcards: sample=STAVOLTAC
    resources: tmpdir=/tmp

Activating conda environment: sniffles2
[Thu Feb  1 11:28:51 2024]
Finished job 0.
4 of 5 steps (80%) done
Select jobs to execute...
Execute 1 jobs...

[Thu Feb  1 11:28:51 2024]
localrule snv_longshot:
    input: /data2/mbaragli/python_app/pipeline_snakemake/data/genome.fa, /data2/mbaragli/python_app/app_python/work_dir/STAVOLTAC/sorted_reads/STAVOLTAC_sorted.bam, /data2/mbaragli/python_app/app_python/work_dir/STAVOLTAC/sorted_reads/STAVOLTAC_sorted.bam.bai
    output: /data2/mbaragli/python_app/app_python/work_dir/STAVOLTAC/snv/STAVOLTAC_longshot.vcf
    jobid: 4
    reason: Input files updated by another job: /data2/mbaragli/python_app/app_python/work_dir/STAVOLTAC/sorted_reads/STAVOLTAC_sorted.bam.bai, /data2/mbaragli/python_app/app_python/work_dir/STAVOLTAC/sorted_reads/STAVOLTAC_sorted.bam
    wildcards: sample=STAVOLTAC
    resources: tmpdir=/tmp

Activating conda environment: longshot2
[Thu Feb  1 11:28:52 2024]
Finished job 4.
5 of 5 steps (100%) done
Complete log: .snakemake/log/2024-02-01T112848.465836.snakemake.log
