Building DAG of jobs...
Using shell: /usr/bin/bash
Provided cores: 8
Rules claiming more threads will be scaled down.
Job stats:
job             count
------------  -------
snv_longshot        1
total               1

Select jobs to execute...
Execute 1 jobs...

[Wed May 22 15:47:16 2024]
localrule snv_longshot:
    input: /data2/utility/references/genomics/Homo_sapiens_assembly38.fasta, /data2/mbaragli/python_app/app_python/work_dir/testrun_HG002/sorted_reads/testrun_HG002_sorted.bam, /data2/mbaragli/python_app/app_python/work_dir/testrun_HG002/sorted_reads/testrun_HG002_sorted.bam.bai
    output: /data2/mbaragli/python_app/app_python/work_dir/testrun_longshot/snv/testrun_longshot_longshot.vcf
    log: /data2/mbaragli/python_app/app_python/work_dir/testrun_longshot/logs/longshot.log
    jobid: 0
    reason: Missing output files: /data2/mbaragli/python_app/app_python/work_dir/testrun_longshot/snv/testrun_longshot_longshot.vcf
    wildcards: sample=testrun_longshot
    resources: tmpdir=/tmp

longshot        --bam /data2/mbaragli/python_app/app_python/work_dir/testrun_HG002/sorted_reads/testrun_HG002_sorted.bam --ref /data2/utility/references/genomics/Homo_sapiens_assembly38.fasta --out /data2/mbaragli/python_app/app_python/work_dir/testrun_longshot/snv/testrun_longshot_longshot.vcf
Activating conda environment: longshot2
[Fri May 24 11:19:08 2024]
Finished job 0.
1 of 1 steps (100%) done
Complete log: .snakemake/log/2024-05-22T154715.970282.snakemake.log
