Building DAG of jobs...
Using shell: /usr/bin/bash
Provided cores: 1 (use --cores to define parallelism)
Rules claiming more threads will be scaled down.
Job stats:
job         count
--------  -------
minimap2        1
total           1

Select jobs to execute...
Execute 1 jobs...

[Tue Apr 23 09:38:30 2024]
localrule minimap2:
    input: /data2/utility/references/genomics/hs37d5.decoy.fa, /data2/abimbocci/snakemake_tutorial/data/samples/C.fastq
    output: /data2/mbaragli/python_app/app_python/work_dir/nohuppo/mapped_reads/nohuppo.bam
    jobid: 0
    reason: Missing output files: /data2/mbaragli/python_app/app_python/work_dir/nohuppo/mapped_reads/nohuppo.bam
    wildcards: sample=nohuppo
    resources: tmpdir=/tmp

[Tue Apr 23 09:39:53 2024]
Finished job 0.
1 of 1 steps (100%) done
Complete log: .snakemake/log/2024-04-23T093829.317111.snakemake.log
