Building DAG of jobs...
Retrieving input from storage.
Using shell: /usr/bin/bash
Provided cores: 1 (use --cores to define parallelism)
Rules claiming more threads will be scaled down.
Job stats:
job               count
--------------  -------
minimap2              1
samtools_index        1
samtools_sort         1
snv_longshot          1
sv_sniffles           1
sv_svim               1
total                 6

Select jobs to execute...
Execute 1 jobs...

[Mon Jan 29 17:13:11 2024]
localrule minimap2:
    input: /data2/mbaragli/python_app/pipeline_snakemake/data/genome.fa, /data2/mbaragli/python_app/app_python/work_dir/data/samples/A.fastq
    output: /data2/mbaragli/python_app/app_python/work_dir/mapped_reads/USER.bam
    jobid: 6
    reason: Missing output files: /data2/mbaragli/python_app/app_python/work_dir/mapped_reads/USER.bam
    wildcards: sample=USER
    resources: tmpdir=/tmp

[Mon Jan 29 17:13:12 2024]
Finished job 6.
1 of 6 steps (17%) done
Select jobs to execute...
Execute 1 jobs...

[Mon Jan 29 17:13:12 2024]
localrule samtools_sort:
    input: /data2/mbaragli/python_app/app_python/work_dir/mapped_reads/USER.bam
    output: /data2/mbaragli/python_app/app_python/work_dir/sorted_reads/USER_sorted.bam
    jobid: 5
    reason: Missing output files: /data2/mbaragli/python_app/app_python/work_dir/sorted_reads/USER_sorted.bam; Input files updated by another job: /data2/mbaragli/python_app/app_python/work_dir/mapped_reads/USER.bam
    wildcards: sample=USER
    resources: tmpdir=/tmp

[Mon Jan 29 17:13:13 2024]
Finished job 5.
2 of 6 steps (33%) done
Select jobs to execute...
Execute 1 jobs...

[Mon Jan 29 17:13:13 2024]
localrule sv_sniffles:
    input: /data2/mbaragli/python_app/pipeline_snakemake/data/genome.fa, /data2/mbaragli/python_app/app_python/work_dir/sorted_reads/PINOLO_sorted.bam, /data2/mbaragli/python_app/app_python/work_dir/sorted_reads/PINOLO_sorted.bam.bai
    output: /data2/mbaragli/python_app/app_python/work_dir/sv/PINOLO_sniffles.vcf
    jobid: 8
    reason: Missing output files: /data2/mbaragli/python_app/app_python/work_dir/sv/PINOLO_sniffles.vcf
    wildcards: sample=PINOLO
    resources: tmpdir=/tmp

Activating conda environment: sniffles2
[Mon Jan 29 17:13:13 2024]
Error in rule sv_sniffles:
    jobid: 8
    input: /data2/mbaragli/python_app/pipeline_snakemake/data/genome.fa, /data2/mbaragli/python_app/app_python/work_dir/sorted_reads/PINOLO_sorted.bam, /data2/mbaragli/python_app/app_python/work_dir/sorted_reads/PINOLO_sorted.bam.bai
    output: /data2/mbaragli/python_app/app_python/work_dir/sv/PINOLO_sniffles.vcf
    conda-env: sniffles2
    shell:
        sniffles None --phase True --minsupport auto --minsvlen 35 --mapq 25 --no-qc True  --input /data2/mbaragli/python_app/app_python/work_dir/sorted_reads/PINOLO_sorted.bam --reference /data2/mbaragli/python_app/pipeline_snakemake/data/genome.fa --vcf /data2/mbaragli/python_app/app_python/work_dir/sv/PINOLO_sniffles.vcf
        (one of the commands exited with non-zero exit code; note that snakemake uses bash strict mode!)

Shutting down, this might take some time.
Exiting because a job execution failed. Look above for error message
Complete log: .snakemake/log/2024-01-29T171310.937844.snakemake.log
WorkflowError:
At least one job did not complete successfully.
