Building DAG of jobs...
Retrieving input from storage.
Using shell: /usr/bin/bash
Provided cores: 1 (use --cores to define parallelism)
Rules claiming more threads will be scaled down.
Conda environments: ignored
Job stats:
job                count
---------------  -------
sv_sniffles_vep        1
total                  1

Select jobs to execute...
Execute 1 jobs...

[Fri Feb  9 15:28:17 2024]
localrule sv_sniffles_vep:
    input: /data2/mbaragli/python_app/app_python/work_dir/PIPPO/sv/PIPPO_sniffles.vcf
    output: /data2/mbaragli/python_app/app_python/work_dir/PIPPO/sv/PIPPO_sniffles_annotsv.vcf
    jobid: 0
    reason: Missing output files: /data2/mbaragli/python_app/app_python/work_dir/PIPPO/sv/PIPPO_sniffles_annotsv.vcf
    wildcards: sample=PIPPO
    resources: tmpdir=/tmp

[Fri Feb  9 15:28:17 2024]
Error in rule sv_sniffles_vep:
    jobid: 0
    input: /data2/mbaragli/python_app/app_python/work_dir/PIPPO/sv/PIPPO_sniffles.vcf
    output: /data2/mbaragli/python_app/app_python/work_dir/PIPPO/sv/PIPPO_sniffles_annotsv.vcf
    shell:
        /data2/mbaragli/annotSV/AnnotSV/bin/AnnotSV -genomeBuild GRCh37 -SVinputFile /data2/mbaragli/python_app/app_python/work_dir/PIPPO/sv/PIPPO_sniffles.vcf -outputFile /data2/mbaragli/python_app/app_python/work_dir/PIPPO/sv/PIPPO_sniffles_annotsv.vcf -vcf 1 -svtBEDcol 1
        (one of the commands exited with non-zero exit code; note that snakemake uses bash strict mode!)

Shutting down, this might take some time.
Exiting because a job execution failed. Look above for error message
Complete log: .snakemake/log/2024-02-09T152815.993882.snakemake.log
WorkflowError:
At least one job did not complete successfully.
