Building DAG of jobs...
Retrieving input from storage.
Using shell: /usr/bin/bash
Provided cores: 1 (use --cores to define parallelism)
Rules claiming more threads will be scaled down.
Job stats:
job               count
--------------  -------
samtools_index        1
samtools_sort         1
snv_nanocaller        1
total                 3

Select jobs to execute...
Execute 1 jobs...

[Fri Feb 16 09:25:46 2024]
localrule samtools_sort:
    input: /data2/mbaragli/Meyer/alignment/Meyer_04072023_merged_sorted.bam
    output: /data2/mbaragli/python_app/app_python/work_dir/UGO/sorted_reads/UGO_sorted.bam
    jobid: 1
    reason: Missing output files: /data2/mbaragli/python_app/app_python/work_dir/UGO/sorted_reads/UGO_sorted.bam; Set of input files has changed since last execution
    wildcards: sample=UGO
    resources: tmpdir=/tmp

Terminating processes on user request, this might take some time.
[Fri Feb 16 09:26:17 2024]
Error in rule samtools_sort:
    jobid: 1
    input: /data2/mbaragli/Meyer/alignment/Meyer_04072023_merged_sorted.bam
    output: /data2/mbaragli/python_app/app_python/work_dir/UGO/sorted_reads/UGO_sorted.bam
    shell:
        samtools sort  -O bam /data2/mbaragli/Meyer/alignment/Meyer_04072023_merged_sorted.bam > /data2/mbaragli/python_app/app_python/work_dir/UGO/sorted_reads/UGO_sorted.bam
        (one of the commands exited with non-zero exit code; note that snakemake uses bash strict mode!)

Complete log: .snakemake/log/2024-02-16T092545.204411.snakemake.log
WorkflowError:
At least one job did not complete successfully.
