Building DAG of jobs...
Retrieving input from storage.
Using shell: /usr/bin/bash
Provided cores: 1 (use --cores to define parallelism)
Rules claiming more threads will be scaled down.
Conda environments: ignored
Job stats:
job             count
------------  -------
snv_longshot        1
total               1

Select jobs to execute...
Execute 1 jobs...

[Fri Jan 12 10:56:49 2024]
localrule snv_longshot:
    input: /data2/mbaragli/python_app/pipeline_snakemake/data/genome.fa, /data2/mbaragli/python_app/app_python/work_dir/sorted_reads/A_sorted.bam, /data2/mbaragli/python_app/app_python/work_dir/sorted_reads/A_sorted.bam.bai
    output: /data2/mbaragli/python_app/app_python/work_dir/snv/A_longshot.vcf
    jobid: 0
    reason: Missing output files: /data2/mbaragli/python_app/app_python/work_dir/snv/A_longshot.vcf
    wildcards: sample=A
    resources: tmpdir=/tmp

[Fri Jan 12 10:56:49 2024]
Error in rule snv_longshot:
    jobid: 0
    input: /data2/mbaragli/python_app/pipeline_snakemake/data/genome.fa, /data2/mbaragli/python_app/app_python/work_dir/sorted_reads/A_sorted.bam, /data2/mbaragli/python_app/app_python/work_dir/sorted_reads/A_sorted.bam.bai
    output: /data2/mbaragli/python_app/app_python/work_dir/snv/A_longshot.vcf
    conda-env: longshot2
    shell:
        longshot --bam /data2/mbaragli/python_app/app_python/work_dir/sorted_reads/A_sorted.bam --ref /data2/mbaragli/python_app/pipeline_snakemake/data/genome.fa --out /data2/mbaragli/python_app/app_python/work_dir/snv/A_longshot.vcf
        (one of the commands exited with non-zero exit code; note that snakemake uses bash strict mode!)

Shutting down, this might take some time.
Exiting because a job execution failed. Look above for error message
Complete log: .snakemake/log/2024-01-12T105649.574143.snakemake.log
WorkflowError:
At least one job did not complete successfully.
