Building DAG of jobs...
Using shell: /usr/bin/bash
Provided cores: 1 (use --cores to define parallelism)
Rules claiming more threads will be scaled down.
Job stats:
job               count
--------------  -------
minimap2              1
samtools_index        1
samtools_sort         1
total                 3

Select jobs to execute...
Execute 1 jobs...

[Fri Apr 19 11:43:32 2024]
localrule minimap2:
    input: /data2/utility/references/genomics/hs37d5.decoy.fa, /data2/mbaragli/python_app/app_python/work_dir/data/samples/A.fastq
    output: /data2/mbaragli/python_app/app_python/work_dir/canone/mapped_reads/canone.bam
    jobid: 2
    reason: Missing output files: /data2/mbaragli/python_app/app_python/work_dir/canone/mapped_reads/canone.bam
    wildcards: sample=canone
    resources: tmpdir=/tmp

[Fri Apr 19 11:44:58 2024]
Finished job 2.
1 of 3 steps (33%) done
Select jobs to execute...
Execute 1 jobs...

[Fri Apr 19 11:44:58 2024]
localrule samtools_sort:
    input: /data2/mbaragli/python_app/app_python/work_dir/canone/mapped_reads/canone.bam
    output: /data2/mbaragli/python_app/app_python/work_dir/canone/sorted_reads/canone_sorted.bam
    jobid: 1
    reason: Missing output files: /data2/mbaragli/python_app/app_python/work_dir/canone/sorted_reads/canone_sorted.bam; Input files updated by another job: /data2/mbaragli/python_app/app_python/work_dir/canone/mapped_reads/canone.bam
    wildcards: sample=canone
    resources: tmpdir=/tmp

samtools sort  -O bam /data2/mbaragli/python_app/app_python/work_dir/canone/mapped_reads/canone.bam > /data2/mbaragli/python_app/app_python/work_dir/canone/sorted_reads/canone_sorted.bam
[Fri Apr 19 11:44:58 2024]
Finished job 1.
2 of 3 steps (67%) done
Select jobs to execute...
Execute 1 jobs...

[Fri Apr 19 11:44:58 2024]
localrule samtools_index:
    input: /data2/mbaragli/python_app/app_python/work_dir/canone/sorted_reads/canone_sorted.bam
    output: /data2/mbaragli/python_app/app_python/work_dir/canone/sorted_reads/canone_sorted.bam.bai
    jobid: 0
    reason: Missing output files: /data2/mbaragli/python_app/app_python/work_dir/canone/sorted_reads/canone_sorted.bam.bai; Input files updated by another job: /data2/mbaragli/python_app/app_python/work_dir/canone/sorted_reads/canone_sorted.bam
    wildcards: sample=canone
    resources: tmpdir=/tmp

samtools index  /data2/mbaragli/python_app/app_python/work_dir/canone/sorted_reads/canone_sorted.bam
[Fri Apr 19 11:44:58 2024]
Finished job 0.
3 of 3 steps (100%) done
Complete log: .snakemake/log/2024-04-19T114331.686728.snakemake.log
