Building DAG of jobs...
Using shell: /usr/bin/bash
Provided cores: 1 (use --cores to define parallelism)
Rules claiming more threads will be scaled down.
Job stats:
job               count
--------------  -------
minimap2              1
samtools_index        1
samtools_sort         1
snv_longshot          1
snv_nanocaller        1
sv_sniffles           1
sv_svim               1
total                 7

Select jobs to execute...

[Mon Jan 29 16:57:31 2024]
rule minimap2:
    input: /data2/mbaragli/python_app/pipeline_snakemake/data/genome.fa, /data2/mbaragli/python_app/app_python/work_dir/data/samples/A.fastq
    output: /data2/mbaragli/python_app/app_python/work_dir/mapped_reads/PINOLO.bam
    jobid: 2
    reason: Missing output files: /data2/mbaragli/python_app/app_python/work_dir/mapped_reads/PINOLO.bam
    wildcards: sample=PINOLO
    resources: tmpdir=/tmp

[Mon Jan 29 16:57:33 2024]
Finished job 2.
1 of 7 steps (14%) done
Select jobs to execute...

[Mon Jan 29 16:57:33 2024]
rule samtools_sort:
    input: /data2/mbaragli/python_app/app_python/work_dir/mapped_reads/PINOLO.bam
    output: /data2/mbaragli/python_app/app_python/work_dir/sorted_reads/PINOLO_sorted.bam
    jobid: 1
    reason: Missing output files: /data2/mbaragli/python_app/app_python/work_dir/sorted_reads/PINOLO_sorted.bam; Input files updated by another job: /data2/mbaragli/python_app/app_python/work_dir/mapped_reads/PINOLO.bam
    wildcards: sample=PINOLO
    resources: tmpdir=/tmp

[Mon Jan 29 16:57:33 2024]
Finished job 1.
2 of 7 steps (29%) done
Select jobs to execute...

[Mon Jan 29 16:57:33 2024]
rule samtools_index:
    input: /data2/mbaragli/python_app/app_python/work_dir/sorted_reads/PINOLO_sorted.bam
    output: /data2/mbaragli/python_app/app_python/work_dir/sorted_reads/PINOLO_sorted.bam.bai
    jobid: 3
    reason: Missing output files: /data2/mbaragli/python_app/app_python/work_dir/sorted_reads/PINOLO_sorted.bam.bai; Input files updated by another job: /data2/mbaragli/python_app/app_python/work_dir/sorted_reads/PINOLO_sorted.bam
    wildcards: sample=PINOLO
    resources: tmpdir=/tmp

[Mon Jan 29 16:57:33 2024]
Finished job 3.
3 of 7 steps (43%) done
Select jobs to execute...

[Mon Jan 29 16:57:33 2024]
rule sv_sniffles:
    input: /data2/mbaragli/python_app/pipeline_snakemake/data/genome.fa, /data2/mbaragli/python_app/app_python/work_dir/sorted_reads/PINOLO_sorted.bam, /data2/mbaragli/python_app/app_python/work_dir/sorted_reads/PINOLO_sorted.bam.bai
    output: /data2/mbaragli/python_app/app_python/work_dir/sv/PINOLO_sniffles.vcf
    jobid: 4
    reason: Missing output files: /data2/mbaragli/python_app/app_python/work_dir/sv/PINOLO_sniffles.vcf; Input files updated by another job: /data2/mbaragli/python_app/app_python/work_dir/sorted_reads/PINOLO_sorted.bam.bai, /data2/mbaragli/python_app/app_python/work_dir/sorted_reads/PINOLO_sorted.bam
    wildcards: sample=PINOLO
    resources: tmpdir=/tmp

Activating conda environment: sniffles2
[Mon Jan 29 16:57:33 2024]
Error in rule sv_sniffles:
    jobid: 4
    input: /data2/mbaragli/python_app/pipeline_snakemake/data/genome.fa, /data2/mbaragli/python_app/app_python/work_dir/sorted_reads/PINOLO_sorted.bam, /data2/mbaragli/python_app/app_python/work_dir/sorted_reads/PINOLO_sorted.bam.bai
    output: /data2/mbaragli/python_app/app_python/work_dir/sv/PINOLO_sniffles.vcf
    conda-env: sniffles2
    shell:
        sniffles --non-germline True --phase True --minsupport auto --minsvlen 99 --mapq 99 --no-qc True  --input /data2/mbaragli/python_app/app_python/work_dir/sorted_reads/PINOLO_sorted.bam --reference /data2/mbaragli/python_app/pipeline_snakemake/data/genome.fa --vcf /data2/mbaragli/python_app/app_python/work_dir/sv/PINOLO_sniffles.vcf
        (one of the commands exited with non-zero exit code; note that snakemake uses bash strict mode!)

Shutting down, this might take some time.
Exiting because a job execution failed. Look above for error message
Complete log: .snakemake/log/2024-01-29T165731.181662.snakemake.log
