Building DAG of jobs...
Using shell: /usr/bin/bash
Provided cores: 1 (use --cores to define parallelism)
Rules claiming more threads will be scaled down.
Job stats:
job             count
------------  -------
snv_longshot        1
sv_sniffles         1
sv_svim             1
total               3

Select jobs to execute...

[Mon Jan 29 17:03:25 2024]
rule snv_longshot:
    input: /data2/mbaragli/python_app/pipeline_snakemake/data/genome.fa, /data2/mbaragli/python_app/app_python/work_dir/sorted_reads/PINOLO_sorted.bam, /data2/mbaragli/python_app/app_python/work_dir/sorted_reads/PINOLO_sorted.bam.bai
    output: /data2/mbaragli/python_app/app_python/work_dir/snv/PINOLO_longshot.vcf
    jobid: 4
    reason: Params have changed since last execution
    wildcards: sample=PINOLO
    resources: tmpdir=/tmp

Activating conda environment: longshot2
[Mon Jan 29 17:03:26 2024]
Finished job 4.
1 of 3 steps (33%) done
Select jobs to execute...

[Mon Jan 29 17:03:26 2024]
rule sv_sniffles:
    input: /data2/mbaragli/python_app/pipeline_snakemake/data/genome.fa, /data2/mbaragli/python_app/app_python/work_dir/sorted_reads/PINOLO_sorted.bam, /data2/mbaragli/python_app/app_python/work_dir/sorted_reads/PINOLO_sorted.bam.bai
    output: /data2/mbaragli/python_app/app_python/work_dir/sv/PINOLO_sniffles.vcf
    jobid: 5
    reason: Missing output files: /data2/mbaragli/python_app/app_python/work_dir/sv/PINOLO_sniffles.vcf
    wildcards: sample=PINOLO
    resources: tmpdir=/tmp

Activating conda environment: sniffles2
[Mon Jan 29 17:03:26 2024]
Error in rule sv_sniffles:
    jobid: 5
    input: /data2/mbaragli/python_app/pipeline_snakemake/data/genome.fa, /data2/mbaragli/python_app/app_python/work_dir/sorted_reads/PINOLO_sorted.bam, /data2/mbaragli/python_app/app_python/work_dir/sorted_reads/PINOLO_sorted.bam.bai
    output: /data2/mbaragli/python_app/app_python/work_dir/sv/PINOLO_sniffles.vcf
    conda-env: sniffles2
    shell:
        sniffles --non-germline True --phase True --minsupport auto --minsvlen 35 --mapq 25 --no-qc True  --input /data2/mbaragli/python_app/app_python/work_dir/sorted_reads/PINOLO_sorted.bam --reference /data2/mbaragli/python_app/pipeline_snakemake/data/genome.fa --vcf /data2/mbaragli/python_app/app_python/work_dir/sv/PINOLO_sniffles.vcf
        (one of the commands exited with non-zero exit code; note that snakemake uses bash strict mode!)

Shutting down, this might take some time.
Exiting because a job execution failed. Look above for error message
Complete log: .snakemake/log/2024-01-29T170324.352071.snakemake.log
