Building DAG of jobs...
Using shell: /usr/bin/bash
Provided cores: 1 (use --cores to define parallelism)
Rules claiming more threads will be scaled down.
Job stats:
job                 count
----------------  -------
minimap2                1
samtools_index          1
samtools_sort           1
snv_clair3              1
snv_longshot            1
sv_germ_gasoline        1
sv_svim                 1
total                   7

Select jobs to execute...
Execute 1 jobs...

[Tue Apr 23 14:49:22 2024]
localrule minimap2:
    input: /data2/utility/references/genomics/hs37d5.decoy.fa, /data2/abimbocci/snakemake_tutorial/data/samples/C.fastq
    output: /data2/mbaragli/python_app/app_python/work_dir/nohup_pr2/mapped_reads/nohup_pr2.bam
    jobid: 2
    reason: Missing output files: /data2/mbaragli/python_app/app_python/work_dir/nohup_pr2/mapped_reads/nohup_pr2.bam
    wildcards: sample=nohup_pr2
    resources: tmpdir=/tmp

[Tue Apr 23 14:52:51 2024]
Finished job 2.
1 of 7 steps (14%) done
Select jobs to execute...
Execute 1 jobs...

[Tue Apr 23 14:52:51 2024]
localrule samtools_sort:
    input: /data2/mbaragli/python_app/app_python/work_dir/nohup_pr2/mapped_reads/nohup_pr2.bam
    output: /data2/mbaragli/python_app/app_python/work_dir/nohup_pr2/sorted_reads/nohup_pr2_sorted.bam
    jobid: 1
    reason: Missing output files: /data2/mbaragli/python_app/app_python/work_dir/nohup_pr2/sorted_reads/nohup_pr2_sorted.bam; Input files updated by another job: /data2/mbaragli/python_app/app_python/work_dir/nohup_pr2/mapped_reads/nohup_pr2.bam
    wildcards: sample=nohup_pr2
    resources: tmpdir=/tmp

samtools sort -@ 1  -O bam /data2/mbaragli/python_app/app_python/work_dir/nohup_pr2/mapped_reads/nohup_pr2.bam > /data2/mbaragli/python_app/app_python/work_dir/nohup_pr2/sorted_reads/nohup_pr2_sorted.bam
[Tue Apr 23 14:52:51 2024]
Finished job 1.
2 of 7 steps (29%) done
Select jobs to execute...
Execute 2 jobs...

[Tue Apr 23 14:52:52 2024]
localrule samtools_index:
    input: /data2/mbaragli/python_app/app_python/work_dir/nohup_pr2/sorted_reads/nohup_pr2_sorted.bam
    output: /data2/mbaragli/python_app/app_python/work_dir/nohup_pr2/sorted_reads/nohup_pr2_sorted.bam.bai
    jobid: 3
    reason: Missing output files: /data2/mbaragli/python_app/app_python/work_dir/nohup_pr2/sorted_reads/nohup_pr2_sorted.bam.bai; Input files updated by another job: /data2/mbaragli/python_app/app_python/work_dir/nohup_pr2/sorted_reads/nohup_pr2_sorted.bam
    wildcards: sample=nohup_pr2
    resources: tmpdir=/tmp

samtools index -@ 1  /data2/mbaragli/python_app/app_python/work_dir/nohup_pr2/sorted_reads/nohup_pr2_sorted.bam

[Tue Apr 23 14:52:52 2024]
localrule sv_germ_gasoline:
    input: /data2/mbaragli/python_app/app_python/work_dir/nohup_pr2/sorted_reads/nohup_pr2_sorted.bam, /data2/mbaragli/python_app/app_python/work_dir/nohup_pr2, /data2/utility/references/genomics/hs37d5.decoy.fa
    output: /data2/mbaragli/python_app/app_python/work_dir/nohup_pr2/sv/nohup_pr2_gasoline/gasoline_final.vcf
    jobid: 6
    reason: Missing output files: /data2/mbaragli/python_app/app_python/work_dir/nohup_pr2/sv/nohup_pr2_gasoline/gasoline_final.vcf; Input files updated by another job: /data2/mbaragli/python_app/app_python/work_dir/nohup_pr2/sorted_reads/nohup_pr2_sorted.bam
    wildcards: sample=nohup_pr2
    threads: 0
    resources: tmpdir=/tmp


            cd /data2/abimbocci/GASOLINE_1.1/
            perl GASOLINEParse.pl -B /data2/mbaragli/python_app/app_python/work_dir/nohup_pr2/sorted_reads/nohup_pr2_sorted.bam -L Germ -O /data2/mbaragli/python_app/app_python/work_dir/nohup_pr2/sv/nohup_pr2_gasoline/germ -R hg19  
            perl GASOLINEGermlineDetector.pl -B /data2/mbaragli/python_app/app_python/work_dir/nohup_pr2/sorted_reads/nohup_pr2_sorted.bam -L Germ -O /data2/mbaragli/python_app/app_python/work_dir/nohup_pr2/sv/nohup_pr2_gasoline/germ  -NT 0    
            perl GASOLINEGermlineVCFCreate.pl -L Germ -I /data2/mbaragli/python_app/app_python/work_dir/nohup_pr2/sv/nohup_pr2_gasoline/germ -O /data2/mbaragli/python_app/app_python/work_dir/nohup_pr2/sv/nohup_pr2_gasoline/gasoline_final.vcf -RA hg19 -FR /data2/utility/references/genomics/hs37d5.decoy.fa    
            
[Tue Apr 23 14:52:52 2024]
Finished job 3.
3 of 7 steps (43%) done
Select jobs to execute...
Execute 2 jobs...

[Tue Apr 23 14:52:52 2024]
localrule snv_longshot:
    input: /data2/utility/references/genomics/hs37d5.decoy.fa, /data2/mbaragli/python_app/app_python/work_dir/nohup_pr2/sorted_reads/nohup_pr2_sorted.bam, /data2/mbaragli/python_app/app_python/work_dir/nohup_pr2/sorted_reads/nohup_pr2_sorted.bam.bai
    output: /data2/mbaragli/python_app/app_python/work_dir/nohup_pr2/snv/nohup_pr2_longshot.vcf
    jobid: 4
    reason: Missing output files: /data2/mbaragli/python_app/app_python/work_dir/nohup_pr2/snv/nohup_pr2_longshot.vcf; Input files updated by another job: /data2/mbaragli/python_app/app_python/work_dir/nohup_pr2/sorted_reads/nohup_pr2_sorted.bam.bai, /data2/mbaragli/python_app/app_python/work_dir/nohup_pr2/sorted_reads/nohup_pr2_sorted.bam
    wildcards: sample=nohup_pr2
    resources: tmpdir=/tmp

longshot        --bam /data2/mbaragli/python_app/app_python/work_dir/nohup_pr2/sorted_reads/nohup_pr2_sorted.bam --ref /data2/utility/references/genomics/hs37d5.decoy.fa --out /data2/mbaragli/python_app/app_python/work_dir/nohup_pr2/snv/nohup_pr2_longshot.vcf

Activating conda environment: longshot2
[Tue Apr 23 14:52:52 2024]
localrule snv_clair3:
    input: /data2/utility/references/genomics/hs37d5.decoy.fa, /data2/mbaragli/python_app/app_python/work_dir/nohup_pr2/sorted_reads/nohup_pr2_sorted.bam, /data2/mbaragli/python_app/app_python/work_dir/nohup_pr2/sorted_reads/nohup_pr2_sorted.bam.bai
    output: /data2/mbaragli/python_app/app_python/work_dir/nohup_pr2/snv/nohup_pr2_clair3
    jobid: 0
    reason: Missing output files: /data2/mbaragli/python_app/app_python/work_dir/nohup_pr2/snv/nohup_pr2_clair3; Input files updated by another job: /data2/mbaragli/python_app/app_python/work_dir/nohup_pr2/sorted_reads/nohup_pr2_sorted.bam.bai, /data2/mbaragli/python_app/app_python/work_dir/nohup_pr2/sorted_reads/nohup_pr2_sorted.bam
    wildcards: sample=nohup_pr2
    threads: 0
    resources: tmpdir=/tmp

/data2/mbaragli/tools/Clair3/run_clair3.sh --bam_fn=/data2/mbaragli/python_app/app_python/work_dir/nohup_pr2/sorted_reads/nohup_pr2_sorted.bam --ref_fn=/data2/utility/references/genomics/hs37d5.decoy.fa --output=/data2/mbaragli/python_app/app_python/work_dir/nohup_pr2/snv/nohup_pr2_clair3 --threads=0 --platform=ont --model_path /data2/mbaragli/tools/rerio/clair3_models/r104_e81_hac_g5015      
Activating conda environment: nano_clair3
[Tue Apr 23 14:52:55 2024]
Finished job 0.
4 of 7 steps (57%) done
Select jobs to execute...
Waiting at most 5 seconds for missing files.
MissingOutputException in rule sv_germ_gasoline in file /data2/mbaragli/python_app/app_python/Snakefile, line 439:
Job 6  completed successfully, but some output files are missing. Missing files after 5 seconds. This might be due to filesystem latency. If that is the case, consider to increase the wait time with --latency-wait:
/data2/mbaragli/python_app/app_python/work_dir/nohup_pr2/sv/nohup_pr2_gasoline/gasoline_final.vcf (missing locally, parent dir contents: germ)
[Tue Apr 23 14:53:09 2024]
Finished job 4.
5 of 7 steps (71%) done
Execute 1 jobs...

[Tue Apr 23 14:53:09 2024]
localrule sv_svim:
    input: /data2/utility/references/genomics/hs37d5.decoy.fa, /data2/mbaragli/python_app/app_python/work_dir/nohup_pr2/sorted_reads/nohup_pr2_sorted.bam, /data2/mbaragli/python_app/app_python/work_dir/nohup_pr2/sorted_reads/nohup_pr2_sorted.bam.bai
    output: /data2/mbaragli/python_app/app_python/work_dir/nohup_pr2/sv/nohup_pr2_svim
    jobid: 5
    reason: Missing output files: /data2/mbaragli/python_app/app_python/work_dir/nohup_pr2/sv/nohup_pr2_svim; Input files updated by another job: /data2/mbaragli/python_app/app_python/work_dir/nohup_pr2/sorted_reads/nohup_pr2_sorted.bam.bai, /data2/mbaragli/python_app/app_python/work_dir/nohup_pr2/sorted_reads/nohup_pr2_sorted.bam
    wildcards: sample=nohup_pr2
    resources: tmpdir=/tmp

svim alignment /data2/mbaragli/python_app/app_python/work_dir/nohup_pr2/sv/nohup_pr2_svim /data2/mbaragli/python_app/app_python/work_dir/nohup_pr2/sorted_reads/nohup_pr2_sorted.bam /data2/utility/references/genomics/hs37d5.decoy.fa        
Activating conda environment: svim_cutesv
[Tue Apr 23 14:53:21 2024]
Finished job 5.
6 of 7 steps (86%) done
Exiting because a job execution failed. Look above for error message
Complete log: .snakemake/log/2024-04-23T144922.662120.snakemake.log
WorkflowError:
At least one job did not complete successfully.
