Building DAG of jobs...
Retrieving input from storage.
Using shell: /usr/bin/bash
Provided cores: 1 (use --cores to define parallelism)
Rules claiming more threads will be scaled down.
Job stats:
job               count
--------------  -------
minimap2              1
samtools_index        1
samtools_sort         1
sv_cutesv             1
sv_sniffles           1
total                 5

Select jobs to execute...
Execute 1 jobs...

[Thu Feb  1 14:55:06 2024]
localrule minimap2:
    input: /data2/mbaragli/python_app/pipeline_snakemake/data/genome.fa, /data2/mbaragli/python_app/app_python/work_dir/data/samples/C.fastq
    output: /data2/mbaragli/python_app/app_python/work_dir/AGB/mapped_reads/AGB.bam
    jobid: 2
    reason: Missing output files: /data2/mbaragli/python_app/app_python/work_dir/AGB/mapped_reads/AGB.bam
    wildcards: sample=AGB
    resources: tmpdir=/tmp

[Thu Feb  1 14:55:10 2024]
Finished job 2.
1 of 5 steps (20%) done
Select jobs to execute...
Execute 1 jobs...

[Thu Feb  1 14:55:10 2024]
localrule samtools_sort:
    input: /data2/mbaragli/python_app/app_python/work_dir/AGB/mapped_reads/AGB.bam
    output: /data2/mbaragli/python_app/app_python/work_dir/AGB/sorted_reads/AGB_sorted.bam
    jobid: 1
    reason: Missing output files: /data2/mbaragli/python_app/app_python/work_dir/AGB/sorted_reads/AGB_sorted.bam; Input files updated by another job: /data2/mbaragli/python_app/app_python/work_dir/AGB/mapped_reads/AGB.bam
    wildcards: sample=AGB
    resources: tmpdir=/tmp

[Thu Feb  1 14:55:10 2024]
Finished job 1.
2 of 5 steps (40%) done
Select jobs to execute...
Execute 1 jobs...

[Thu Feb  1 14:55:10 2024]
localrule samtools_index:
    input: /data2/mbaragli/python_app/app_python/work_dir/AGB/sorted_reads/AGB_sorted.bam
    output: /data2/mbaragli/python_app/app_python/work_dir/AGB/sorted_reads/AGB_sorted.bam.bai
    jobid: 3
    reason: Missing output files: /data2/mbaragli/python_app/app_python/work_dir/AGB/sorted_reads/AGB_sorted.bam.bai; Input files updated by another job: /data2/mbaragli/python_app/app_python/work_dir/AGB/sorted_reads/AGB_sorted.bam
    wildcards: sample=AGB
    resources: tmpdir=/tmp

[Thu Feb  1 14:55:10 2024]
Finished job 3.
3 of 5 steps (60%) done
Select jobs to execute...
Execute 1 jobs...

[Thu Feb  1 14:55:10 2024]
localrule sv_sniffles:
    input: /data2/mbaragli/python_app/pipeline_snakemake/data/genome.fa, /data2/mbaragli/python_app/app_python/work_dir/AGB/sorted_reads/AGB_sorted.bam, /data2/mbaragli/python_app/app_python/work_dir/AGB/sorted_reads/AGB_sorted.bam.bai
    output: /data2/mbaragli/python_app/app_python/work_dir/AGB/sv/AGB_sniffles.vcf
    jobid: 0
    reason: Missing output files: /data2/mbaragli/python_app/app_python/work_dir/AGB/sv/AGB_sniffles.vcf; Input files updated by another job: /data2/mbaragli/python_app/app_python/work_dir/AGB/sorted_reads/AGB_sorted.bam.bai, /data2/mbaragli/python_app/app_python/work_dir/AGB/sorted_reads/AGB_sorted.bam
    wildcards: sample=AGB
    resources: tmpdir=/tmp

Activating conda environment: sniffles2
[Thu Feb  1 14:55:13 2024]
Finished job 0.
4 of 5 steps (80%) done
Select jobs to execute...
Execute 1 jobs...

[Thu Feb  1 14:55:13 2024]
localrule sv_cutesv:
    input: /data2/mbaragli/python_app/pipeline_snakemake/data/genome.fa, /data2/mbaragli/python_app/app_python/work_dir/AGB/sorted_reads/AGB_sorted.bam, /data2/mbaragli/python_app/app_python/work_dir/AGB/sorted_reads/AGB_sorted.bam.bai, /data2/mbaragli/python_app/app_python/work_dir
    output: /data2/mbaragli/python_app/app_python/work_dir/AGB/sv/AGB_cutesv.vcf
    jobid: 4
    reason: Missing output files: /data2/mbaragli/python_app/app_python/work_dir/AGB/sv/AGB_cutesv.vcf; Input files updated by another job: /data2/mbaragli/python_app/app_python/work_dir/AGB/sorted_reads/AGB_sorted.bam.bai, /data2/mbaragli/python_app/app_python/work_dir/AGB/sorted_reads/AGB_sorted.bam
    wildcards: sample=AGB
    resources: tmpdir=/tmp

Activating conda environment: svim_cutesv
[Thu Feb  1 14:55:18 2024]
Finished job 4.
5 of 5 steps (100%) done
Complete log: .snakemake/log/2024-02-01T145506.081332.snakemake.log
