Building DAG of jobs...
Using shell: /usr/bin/bash
Provided cores: 1 (use --cores to define parallelism)
Rules claiming more threads will be scaled down.
Job stats:
job                 count
----------------  -------
sv_germ_gasoline        1
total                   1

Select jobs to execute...

[Wed Feb 28 15:11:14 2024]
rule sv_germ_gasoline:
    input: /data2/mbaragli/Meyer/alignment/Meyer_04072023_opnfast5_merged_sorted.bam, /data2/mbaragli/python_app/app_python/work_dir/OK, /data2/utility/references/genomics/hs37d5.decoy.fa
    output: /data2/mbaragli/python_app/app_python/work_dir/OK/sv/OK_gasoline
    jobid: 0
    reason: Params have changed since last execution
    wildcards: sample=OK
    resources: tmpdir=/tmp

[Wed Feb 28 15:11:17 2024]
Finished job 0.
1 of 1 steps (100%) done
Complete log: .snakemake/log/2024-02-28T151114.151499.snakemake.log
