Building DAG of jobs...
Retrieving input from storage.
Using shell: /usr/bin/bash
Provided cores: 1 (use --cores to define parallelism)
Rules claiming more threads will be scaled down.
Job stats:
job               count
--------------  -------
minimap2              1
samtools_index        1
samtools_sort         1
snv_longshot          1
sv_cutesv             1
sv_sniffles           1
total                 6

Select jobs to execute...
Execute 1 jobs...

[Mon Feb  5 15:30:53 2024]
localrule minimap2:
    input: /data2/mbaragli/python_app/pipeline_snakemake/data/genome.fa, /data2/mbaragli/python_app/app_python/work_dir/data/samples/A.fastq
    output: /data2/mbaragli/python_app/app_python/work_dir/CARLONE/mapped_reads/CARLONE.bam
    jobid: 2
    reason: Missing output files: /data2/mbaragli/python_app/app_python/work_dir/CARLONE/mapped_reads/CARLONE.bam
    wildcards: sample=CARLONE
    resources: tmpdir=/tmp

[Mon Feb  5 15:30:55 2024]
Finished job 2.
1 of 6 steps (17%) done
Select jobs to execute...
Execute 1 jobs...

[Mon Feb  5 15:30:55 2024]
localrule samtools_sort:
    input: /data2/mbaragli/python_app/app_python/work_dir/CARLONE/mapped_reads/CARLONE.bam
    output: /data2/mbaragli/python_app/app_python/work_dir/CARLONE/sorted_reads/CARLONE_sorted.bam
    jobid: 1
    reason: Missing output files: /data2/mbaragli/python_app/app_python/work_dir/CARLONE/sorted_reads/CARLONE_sorted.bam; Input files updated by another job: /data2/mbaragli/python_app/app_python/work_dir/CARLONE/mapped_reads/CARLONE.bam
    wildcards: sample=CARLONE
    resources: tmpdir=/tmp

[Mon Feb  5 15:30:56 2024]
Finished job 1.
2 of 6 steps (33%) done
Select jobs to execute...
Execute 1 jobs...

[Mon Feb  5 15:30:56 2024]
localrule samtools_index:
    input: /data2/mbaragli/python_app/app_python/work_dir/CARLONE/sorted_reads/CARLONE_sorted.bam
    output: /data2/mbaragli/python_app/app_python/work_dir/CARLONE/sorted_reads/CARLONE_sorted.bam.bai
    jobid: 3
    reason: Missing output files: /data2/mbaragli/python_app/app_python/work_dir/CARLONE/sorted_reads/CARLONE_sorted.bam.bai; Input files updated by another job: /data2/mbaragli/python_app/app_python/work_dir/CARLONE/sorted_reads/CARLONE_sorted.bam
    wildcards: sample=CARLONE
    resources: tmpdir=/tmp

[Mon Feb  5 15:30:56 2024]
Finished job 3.
3 of 6 steps (50%) done
Select jobs to execute...
Execute 1 jobs...

[Mon Feb  5 15:30:56 2024]
localrule snv_longshot:
    input: /data2/mbaragli/python_app/pipeline_snakemake/data/genome.fa, /data2/mbaragli/python_app/app_python/work_dir/CARLONE/sorted_reads/CARLONE_sorted.bam, /data2/mbaragli/python_app/app_python/work_dir/CARLONE/sorted_reads/CARLONE_sorted.bam.bai
    output: /data2/mbaragli/python_app/app_python/work_dir/CARLONE/snv/CARLONE_longshot.vcf
    jobid: 0
    reason: Missing output files: /data2/mbaragli/python_app/app_python/work_dir/CARLONE/snv/CARLONE_longshot.vcf; Input files updated by another job: /data2/mbaragli/python_app/app_python/work_dir/CARLONE/sorted_reads/CARLONE_sorted.bam.bai, /data2/mbaragli/python_app/app_python/work_dir/CARLONE/sorted_reads/CARLONE_sorted.bam
    wildcards: sample=CARLONE
    resources: tmpdir=/tmp

Activating conda environment: longshot2
[Mon Feb  5 15:30:57 2024]
Finished job 0.
4 of 6 steps (67%) done
Select jobs to execute...
Execute 1 jobs...

[Mon Feb  5 15:30:57 2024]
localrule sv_cutesv:
    input: /data2/mbaragli/python_app/pipeline_snakemake/data/genome.fa, /data2/mbaragli/python_app/app_python/work_dir/CARLONE/sorted_reads/CARLONE_sorted.bam, /data2/mbaragli/python_app/app_python/work_dir/CARLONE/sorted_reads/CARLONE_sorted.bam.bai, /data2/mbaragli/python_app/app_python/work_dir
    output: /data2/mbaragli/python_app/app_python/work_dir/CARLONE/sv/CARLONE_cutesv.vcf
    jobid: 5
    reason: Missing output files: /data2/mbaragli/python_app/app_python/work_dir/CARLONE/sv/CARLONE_cutesv.vcf; Input files updated by another job: /data2/mbaragli/python_app/app_python/work_dir/CARLONE/sorted_reads/CARLONE_sorted.bam.bai, /data2/mbaragli/python_app/app_python/work_dir/CARLONE/sorted_reads/CARLONE_sorted.bam
    wildcards: sample=CARLONE
    resources: tmpdir=/tmp

Activating conda environment: svim_cutesv
[Mon Feb  5 15:31:06 2024]
Finished job 5.
5 of 6 steps (83%) done
Select jobs to execute...
Execute 1 jobs...

[Mon Feb  5 15:31:06 2024]
localrule sv_sniffles:
    input: /data2/mbaragli/python_app/pipeline_snakemake/data/genome.fa, /data2/mbaragli/python_app/app_python/work_dir/CARLONE/sorted_reads/CARLONE_sorted.bam, /data2/mbaragli/python_app/app_python/work_dir/CARLONE/sorted_reads/CARLONE_sorted.bam.bai
    output: /data2/mbaragli/python_app/app_python/work_dir/CARLONE/sv/CARLONE_sniffles.vcf
    jobid: 4
    reason: Missing output files: /data2/mbaragli/python_app/app_python/work_dir/CARLONE/sv/CARLONE_sniffles.vcf; Input files updated by another job: /data2/mbaragli/python_app/app_python/work_dir/CARLONE/sorted_reads/CARLONE_sorted.bam.bai, /data2/mbaragli/python_app/app_python/work_dir/CARLONE/sorted_reads/CARLONE_sorted.bam
    wildcards: sample=CARLONE
    resources: tmpdir=/tmp

Activating conda environment: sniffles2
[Mon Feb  5 15:31:07 2024]
Finished job 4.
6 of 6 steps (100%) done
Complete log: .snakemake/log/2024-02-05T153053.820039.snakemake.log
