Building DAG of jobs...
Retrieving input from storage.
Using shell: /usr/bin/bash
Provided cores: 1 (use --cores to define parallelism)
Rules claiming more threads will be scaled down.
Job stats:
job         count
--------  -------
minimap2        1
total           1

Select jobs to execute...
Execute 1 jobs...

[Thu Feb 29 13:56:14 2024]
localrule minimap2:
    input: /data2/utility/references/genomics/hs37d5.decoy.fa, /data2/mbaragli/python_app/app_python/work_dir/data/samples/A.fastq
    output: /data2/mbaragli/python_app/app_python/work_dir/uioooooo/mapped_reads/uioooooo.bam
    jobid: 0
    reason: Missing output files: /data2/mbaragli/python_app/app_python/work_dir/uioooooo/mapped_reads/uioooooo.bam
    wildcards: sample=uioooooo
    resources: tmpdir=/tmp

[Thu Feb 29 13:57:36 2024]
Finished job 0.
1 of 1 steps (100%) done
Complete log: .snakemake/log/2024-02-29T135614.732437.snakemake.log
