Building DAG of jobs...
Retrieving input from storage.
Using shell: /usr/bin/bash
Provided cores: 1 (use --cores to define parallelism)
Rules claiming more threads will be scaled down.
Job stats:
job               count
--------------  -------
snv_nanocaller        1
total                 1

Select jobs to execute...
Execute 1 jobs...

[Fri Feb 16 09:26:55 2024]
localrule snv_nanocaller:
    input: /data2/utility/references/genomics/hs37d5.decoy.fa, /data2/mbaragli/Meyer/alignment/Meyer_04072023_merged_sorted.bam, /data2/mbaragli/Meyer/alignment/Meyer_04072023_merged_sorted.bam.bai
    output: /data2/mbaragli/python_app/app_python/work_dir/UGO/snv/UGO_nanocaller
    jobid: 0
    reason: Missing output files: /data2/mbaragli/python_app/app_python/work_dir/UGO/snv/UGO_nanocaller
    wildcards: sample=UGO
    resources: tmpdir=/tmp

Activating conda environment: nano_clair3
Terminating processes on user request, this might take some time.
[Fri Feb 16 09:27:08 2024]
Error in rule snv_nanocaller:
    jobid: 0
    input: /data2/utility/references/genomics/hs37d5.decoy.fa, /data2/mbaragli/Meyer/alignment/Meyer_04072023_merged_sorted.bam, /data2/mbaragli/Meyer/alignment/Meyer_04072023_merged_sorted.bam.bai
    output: /data2/mbaragli/python_app/app_python/work_dir/UGO/snv/UGO_nanocaller
    conda-env: nano_clair3
    shell:
        NanoCaller       --bam /data2/mbaragli/Meyer/alignment/Meyer_04072023_merged_sorted.bam --ref /data2/utility/references/genomics/hs37d5.decoy.fa --output /data2/mbaragli/python_app/app_python/work_dir/UGO/snv/UGO_nanocaller
        (one of the commands exited with non-zero exit code; note that snakemake uses bash strict mode!)

Complete log: .snakemake/log/2024-02-16T092654.970516.snakemake.log
WorkflowError:
At least one job did not complete successfully.
