Building DAG of jobs...
Using shell: /usr/bin/bash
Provided cores: 30
Rules claiming more threads will be scaled down.
Job stats:
job               count
--------------  -------
minimap2              1
samtools_index        1
samtools_sort         1
snv_nanocaller        1
sv_cutesv             1
sv_sniffles           1
total                 6

Select jobs to execute...
Execute 1 jobs...

[Tue Apr 23 12:20:47 2024]
localrule minimap2:
    input: /data2/utility/references/genomics/hs37d5.decoy.fa, /data2/abimbocci/snakemake_tutorial/data/samples/A.fastq
    output: /data2/mbaragli/python_app/app_python/work_dir/paral_tryout/mapped_reads/paral_tryout.bam
    jobid: 2
    reason: Missing output files: /data2/mbaragli/python_app/app_python/work_dir/paral_tryout/mapped_reads/paral_tryout.bam
    wildcards: sample=paral_tryout
    threads: 30
    resources: tmpdir=/tmp

[Tue Apr 23 12:22:25 2024]
Finished job 2.
1 of 6 steps (17%) done
Select jobs to execute...
Execute 1 jobs...

[Tue Apr 23 12:22:25 2024]
localrule samtools_sort:
    input: /data2/mbaragli/python_app/app_python/work_dir/paral_tryout/mapped_reads/paral_tryout.bam
    output: /data2/mbaragli/python_app/app_python/work_dir/paral_tryout/sorted_reads/paral_tryout_sorted.bam
    jobid: 1
    reason: Missing output files: /data2/mbaragli/python_app/app_python/work_dir/paral_tryout/sorted_reads/paral_tryout_sorted.bam; Input files updated by another job: /data2/mbaragli/python_app/app_python/work_dir/paral_tryout/mapped_reads/paral_tryout.bam
    wildcards: sample=paral_tryout
    threads: 30
    resources: tmpdir=/tmp

samtools sort -@ 30  -O bam /data2/mbaragli/python_app/app_python/work_dir/paral_tryout/mapped_reads/paral_tryout.bam > /data2/mbaragli/python_app/app_python/work_dir/paral_tryout/sorted_reads/paral_tryout_sorted.bam
[Tue Apr 23 12:22:25 2024]
Finished job 1.
2 of 6 steps (33%) done
Select jobs to execute...
Execute 1 jobs...

[Tue Apr 23 12:22:25 2024]
localrule samtools_index:
    input: /data2/mbaragli/python_app/app_python/work_dir/paral_tryout/sorted_reads/paral_tryout_sorted.bam
    output: /data2/mbaragli/python_app/app_python/work_dir/paral_tryout/sorted_reads/paral_tryout_sorted.bam.bai
    jobid: 3
    reason: Missing output files: /data2/mbaragli/python_app/app_python/work_dir/paral_tryout/sorted_reads/paral_tryout_sorted.bam.bai; Input files updated by another job: /data2/mbaragli/python_app/app_python/work_dir/paral_tryout/sorted_reads/paral_tryout_sorted.bam
    wildcards: sample=paral_tryout
    threads: 30
    resources: tmpdir=/tmp

samtools index -@ 30  /data2/mbaragli/python_app/app_python/work_dir/paral_tryout/sorted_reads/paral_tryout_sorted.bam
[Tue Apr 23 12:22:26 2024]
Finished job 3.
3 of 6 steps (50%) done
Select jobs to execute...
Execute 3 jobs...

[Tue Apr 23 12:22:26 2024]
localrule sv_cutesv:
    input: /data2/utility/references/genomics/hs37d5.decoy.fa, /data2/mbaragli/python_app/app_python/work_dir/paral_tryout/sorted_reads/paral_tryout_sorted.bam, /data2/mbaragli/python_app/app_python/work_dir/paral_tryout/sorted_reads/paral_tryout_sorted.bam.bai, /data2/mbaragli/python_app/app_python/work_dir/paral_tryout
    output: /data2/mbaragli/python_app/app_python/work_dir/paral_tryout/sv/paral_tryout_cutesv.vcf
    jobid: 4
    reason: Missing output files: /data2/mbaragli/python_app/app_python/work_dir/paral_tryout/sv/paral_tryout_cutesv.vcf; Input files updated by another job: /data2/mbaragli/python_app/app_python/work_dir/paral_tryout/sorted_reads/paral_tryout_sorted.bam, /data2/mbaragli/python_app/app_python/work_dir/paral_tryout/sorted_reads/paral_tryout_sorted.bam.bai
    wildcards: sample=paral_tryout
    threads: 10
    resources: tmpdir=/tmp

cuteSV -t 10        /data2/mbaragli/python_app/app_python/work_dir/paral_tryout/sorted_reads/paral_tryout_sorted.bam /data2/utility/references/genomics/hs37d5.decoy.fa /data2/mbaragli/python_app/app_python/work_dir/paral_tryout/sv/paral_tryout_cutesv.vcf /data2/mbaragli/python_app/app_python/work_dir/paral_tryout
Activating conda environment: svim_cutesv

[Tue Apr 23 12:22:26 2024]
localrule sv_sniffles:
    input: /data2/utility/references/genomics/hs37d5.decoy.fa, /data2/mbaragli/python_app/app_python/work_dir/paral_tryout/sorted_reads/paral_tryout_sorted.bam, /data2/mbaragli/python_app/app_python/work_dir/paral_tryout/sorted_reads/paral_tryout_sorted.bam.bai
    output: /data2/mbaragli/python_app/app_python/work_dir/paral_tryout/sv/paral_tryout_sniffles.vcf
    jobid: 0
    reason: Missing output files: /data2/mbaragli/python_app/app_python/work_dir/paral_tryout/sv/paral_tryout_sniffles.vcf; Input files updated by another job: /data2/mbaragli/python_app/app_python/work_dir/paral_tryout/sorted_reads/paral_tryout_sorted.bam, /data2/mbaragli/python_app/app_python/work_dir/paral_tryout/sorted_reads/paral_tryout_sorted.bam.bai
    wildcards: sample=paral_tryout
    threads: 10
    resources: tmpdir=/tmp

sniffles       --input /data2/mbaragli/python_app/app_python/work_dir/paral_tryout/sorted_reads/paral_tryout_sorted.bam --reference /data2/utility/references/genomics/hs37d5.decoy.fa --vcf /data2/mbaragli/python_app/app_python/work_dir/paral_tryout/sv/paral_tryout_sniffles.vcf --threads 10
Activating conda environment: sniffles2

[Tue Apr 23 12:22:26 2024]
localrule snv_nanocaller:
    input: /data2/utility/references/genomics/hs37d5.decoy.fa, /data2/mbaragli/python_app/app_python/work_dir/paral_tryout/sorted_reads/paral_tryout_sorted.bam, /data2/mbaragli/python_app/app_python/work_dir/paral_tryout/sorted_reads/paral_tryout_sorted.bam.bai
    output: /data2/mbaragli/python_app/app_python/work_dir/paral_tryout/snv/paral_tryout_nanocaller
    jobid: 5
    reason: Missing output files: /data2/mbaragli/python_app/app_python/work_dir/paral_tryout/snv/paral_tryout_nanocaller; Input files updated by another job: /data2/mbaragli/python_app/app_python/work_dir/paral_tryout/sorted_reads/paral_tryout_sorted.bam, /data2/mbaragli/python_app/app_python/work_dir/paral_tryout/sorted_reads/paral_tryout_sorted.bam.bai
    wildcards: sample=paral_tryout
    threads: 10
    resources: tmpdir=/tmp

NanoCaller      --cpu 10  --bam /data2/mbaragli/python_app/app_python/work_dir/paral_tryout/sorted_reads/paral_tryout_sorted.bam --ref /data2/utility/references/genomics/hs37d5.decoy.fa --output /data2/mbaragli/python_app/app_python/work_dir/paral_tryout/snv/paral_tryout_nanocaller
Activating conda environment: nano_clair3
[Tue Apr 23 12:22:35 2024]
Finished job 0.
4 of 6 steps (67%) done
[Tue Apr 23 12:41:00 2024]
Error in rule snv_nanocaller:
    jobid: 5
    input: /data2/utility/references/genomics/hs37d5.decoy.fa, /data2/mbaragli/python_app/app_python/work_dir/paral_tryout/sorted_reads/paral_tryout_sorted.bam, /data2/mbaragli/python_app/app_python/work_dir/paral_tryout/sorted_reads/paral_tryout_sorted.bam.bai
    output: /data2/mbaragli/python_app/app_python/work_dir/paral_tryout/snv/paral_tryout_nanocaller
    conda-env: nano_clair3
    shell:
        NanoCaller      --cpu 10  --bam /data2/mbaragli/python_app/app_python/work_dir/paral_tryout/sorted_reads/paral_tryout_sorted.bam --ref /data2/utility/references/genomics/hs37d5.decoy.fa --output /data2/mbaragli/python_app/app_python/work_dir/paral_tryout/snv/paral_tryout_nanocaller
        (one of the commands exited with non-zero exit code; note that snakemake uses bash strict mode!)

Removing output files of failed job snv_nanocaller since they might be corrupted:
/data2/mbaragli/python_app/app_python/work_dir/paral_tryout/snv/paral_tryout_nanocaller
[Tue Apr 23 12:46:04 2024]
Finished job 4.
5 of 6 steps (83%) done
Exiting because a job execution failed. Look above for error message
Complete log: .snakemake/log/2024-04-23T122046.707845.snakemake.log
WorkflowError:
At least one job did not complete successfully.
