Building DAG of jobs...
Using shell: /usr/bin/bash
Provided cores: 8
Rules claiming more threads will be scaled down.
Job stats:
job        count
-------  -------
vep_vcf        1
total          1

Select jobs to execute...
Execute 1 jobs...

[Tue May 21 15:57:11 2024]
localrule vep_vcf:
    input: /data2/mbaragli/python_app/app_python/work_dir/testrun_4_HG002/snv/testrun_4_HG002_longshot.vcf
    output: /data2/mbaragli/python_app/app_python/work_dir/testrun_vep_longshot/snv/testrun_vep_longshot_vep.vcf
    log: /data2/mbaragli/python_app/app_python/work_dir/testrun_vep_longshot/logs/vep.log
    jobid: 0
    reason: Missing output files: /data2/mbaragli/python_app/app_python/work_dir/testrun_vep_longshot/snv/testrun_vep_longshot_vep.vcf
    wildcards: sample=testrun_vep_longshot
    threads: 8
    resources: tmpdir=/tmp

vep -format vcf -i /data2/mbaragli/python_app/app_python/work_dir/testrun_4_HG002/snv/testrun_4_HG002_longshot.vcf -o /data2/mbaragli/python_app/app_python/work_dir/testrun_vep_longshot/snv/testrun_vep_longshot_vep.vcf --vcf --fork 8 --assembly GRCh38 --everything --cache --dir_cache /data2/mbaragli/tools/vep_plugins   --offline --fasta /data2/utility/references/genomics/Homo_sapiens_assembly38.fasta 
Activating conda environment: vep
[Tue May 21 17:15:08 2024]
Finished job 0.
1 of 1 steps (100%) done
Complete log: .snakemake/log/2024-05-21T155711.353668.snakemake.log
