Building DAG of jobs...
Retrieving input from storage.
Using shell: /usr/bin/bash
Provided cores: 1 (use --cores to define parallelism)
Rules claiming more threads will be scaled down.
Job stats:
job                    count
-------------------  -------
snv_clair3                 1
snv_clair3_vep             1
snv_longshot               1
snv_longshot_vep           1
snv_nanocaller             1
snv_nanocaller_vep         1
sv_cutesv                  1
sv_cutesv_annotsv          1
sv_sniffles                1
sv_sniffles_annotsv        1
sv_svim                    1
sv_svim_annotsv            1
total                     12

Select jobs to execute...
Execute 1 jobs...

[Fri Feb 23 10:14:13 2024]
localrule sv_cutesv:
    input: /data2/utility/references/genomics/hs37d5.decoy.fa, /data2/mbaragli/Meyer/alignment/Meyer_04072023_opnfast5_merged_sorted.bam, /data2/mbaragli/Meyer/alignment/Meyer_04072023_opnfast5_merged_sorted.bam.bai, /data2/mbaragli/python_app/app_python/work_dir/no_del_23022024
    output: /data2/mbaragli/python_app/app_python/work_dir/no_del_23022024/sv/no_del_23022024_cutesv.vcf
    jobid: 3
    reason: Missing output files: /data2/mbaragli/python_app/app_python/work_dir/no_del_23022024/sv/no_del_23022024_cutesv.vcf
    wildcards: sample=no_del_23022024
    resources: tmpdir=/tmp

Activating conda environment: svim_cutesv
Terminating processes on user request, this might take some time.
