Building DAG of jobs...
Retrieving input from storage.
Using shell: /usr/bin/bash
Provided cores: 20
Rules claiming more threads will be scaled down.
Job stats:
job               count
--------------  -------
snv_clair3            1
snv_longshot          1
snv_nanocaller        1
sv_cutesv             1
sv_sniffles           1
sv_svim               1
total                 6

Select jobs to execute...
Execute 6 jobs...

[Fri Feb 16 14:12:39 2024]
localrule snv_nanocaller:
    input: /data2/utility/references/genomics/hs37d5.decoy.fa, /data2/mbaragli/Meyer/alignment/Meyer_04072023_opnfast5_merged_sorted.bam, /data2/mbaragli/Meyer/alignment/Meyer_04072023_opnfast5_merged_sorted.bam.bai
    output: /data2/mbaragli/python_app/app_python/work_dir/magi/snv/magi_nanocaller
    jobid: 3
    reason: Missing output files: /data2/mbaragli/python_app/app_python/work_dir/magi/snv/magi_nanocaller
    wildcards: sample=magi
    resources: tmpdir=/tmp

Activating conda environment: nano_clair3

[Fri Feb 16 14:12:40 2024]
localrule sv_sniffles:
    input: /data2/utility/references/genomics/hs37d5.decoy.fa, /data2/mbaragli/Meyer/alignment/Meyer_04072023_opnfast5_merged_sorted.bam, /data2/mbaragli/Meyer/alignment/Meyer_04072023_opnfast5_merged_sorted.bam.bai
    output: /data2/mbaragli/python_app/app_python/work_dir/magi/sv/magi_sniffles.vcf
    jobid: 5
    reason: Missing output files: /data2/mbaragli/python_app/app_python/work_dir/magi/sv/magi_sniffles.vcf
    wildcards: sample=magi
    resources: tmpdir=/tmp

Activating conda environment: sniffles2

[Fri Feb 16 14:12:40 2024]
localrule sv_cutesv:
    input: /data2/utility/references/genomics/hs37d5.decoy.fa, /data2/mbaragli/Meyer/alignment/Meyer_04072023_opnfast5_merged_sorted.bam, /data2/mbaragli/Meyer/alignment/Meyer_04072023_opnfast5_merged_sorted.bam.bai, /data2/mbaragli/python_app/app_python/work_dir/magi
    output: /data2/mbaragli/python_app/app_python/work_dir/magi/sv/magi_cutesv.vcf
    jobid: 1
    reason: Missing output files: /data2/mbaragli/python_app/app_python/work_dir/magi/sv/magi_cutesv.vcf
    wildcards: sample=magi
    resources: tmpdir=/tmp

Activating conda environment: svim_cutesv

[Fri Feb 16 14:12:40 2024]
localrule snv_clair3:
    input: /data2/utility/references/genomics/hs37d5.decoy.fa, /data2/mbaragli/Meyer/alignment/Meyer_04072023_opnfast5_merged_sorted.bam, /data2/mbaragli/Meyer/alignment/Meyer_04072023_opnfast5_merged_sorted.bam.bai
    output: /data2/mbaragli/python_app/app_python/work_dir/magi/snv/magi_clair3
    jobid: 0
    reason: Missing output files: /data2/mbaragli/python_app/app_python/work_dir/magi/snv/magi_clair3
    wildcards: sample=magi
    resources: tmpdir=/tmp

Activating conda environment: nano_clair3

[Fri Feb 16 14:12:40 2024]
localrule snv_longshot:
    input: /data2/utility/references/genomics/hs37d5.decoy.fa, /data2/mbaragli/Meyer/alignment/Meyer_04072023_opnfast5_merged_sorted.bam, /data2/mbaragli/Meyer/alignment/Meyer_04072023_opnfast5_merged_sorted.bam.bai
    output: /data2/mbaragli/python_app/app_python/work_dir/magi/snv/magi_longshot.vcf
    jobid: 4
    reason: Missing output files: /data2/mbaragli/python_app/app_python/work_dir/magi/snv/magi_longshot.vcf
    wildcards: sample=magi
    resources: tmpdir=/tmp

Activating conda environment: longshot2

[Fri Feb 16 14:12:40 2024]
localrule sv_svim:
    input: /data2/utility/references/genomics/hs37d5.decoy.fa, /data2/mbaragli/Meyer/alignment/Meyer_04072023_opnfast5_merged_sorted.bam, /data2/mbaragli/Meyer/alignment/Meyer_04072023_opnfast5_merged_sorted.bam.bai
    output: /data2/mbaragli/python_app/app_python/work_dir/magi/sv/magi_svim
    jobid: 2
    reason: Missing output files: /data2/mbaragli/python_app/app_python/work_dir/magi/sv/magi_svim
    wildcards: sample=magi
    resources: tmpdir=/tmp

Activating conda environment: svim_cutesv
[Fri Feb 16 14:12:52 2024]
Finished job 2.
1 of 6 steps (17%) done
[Fri Feb 16 14:12:59 2024]
Finished job 5.
2 of 6 steps (33%) done
[Fri Feb 16 14:13:33 2024]
Finished job 4.
3 of 6 steps (50%) done
ImproperOutputException in rule snv_clair3 in file /data2/mbaragli/python_app/app_python/Snakefile, line 147:
Outputs of incorrect type (directories when expecting files or vice versa). Output directories must be flagged with directory(). for rule snv_clair3:
    output: /data2/mbaragli/python_app/app_python/work_dir/magi/snv/magi_clair3
    wildcards: sample=magi
    affected files:
        /data2/mbaragli/python_app/app_python/work_dir/magi/snv/magi_clair3
Removing output files of failed job snv_clair3 since they might be corrupted:
/data2/mbaragli/python_app/app_python/work_dir/magi/snv/magi_clair3
Skipped removing non-empty directory /data2/mbaragli/python_app/app_python/work_dir/magi/snv/magi_clair3
[Fri Feb 16 14:46:04 2024]
Finished job 1.
4 of 6 steps (67%) done
Terminating processes on user request, this might take some time.
