Building DAG of jobs...
Retrieving input from storage.
Using shell: /usr/bin/bash
Provided cores: 1 (use --cores to define parallelism)
Rules claiming more threads will be scaled down.
Job stats:
job             count
------------  -------
snv_longshot        1
total               1

Select jobs to execute...
Execute 1 jobs...

[Fri Feb  9 15:32:04 2024]
localrule snv_longshot:
    input: /data2/mbaragli/python_app/pipeline_snakemake/data/genome.fa, /data2/mbaragli/python_app/app_python/work_dir/PIPPO/sorted_reads/PIPPO_sorted.bam, /data2/mbaragli/python_app/app_python/work_dir/PIPPO/sorted_reads/PIPPO_sorted.bam.bai
    output: /data2/mbaragli/python_app/app_python/work_dir/PIPPO/snv/PIPPO_longshot.vcf
    jobid: 0
    reason: Missing output files: /data2/mbaragli/python_app/app_python/work_dir/PIPPO/snv/PIPPO_longshot.vcf
    wildcards: sample=PIPPO
    resources: tmpdir=/tmp

Activating conda environment: longshot2
[Fri Feb  9 15:32:05 2024]
Finished job 0.
1 of 1 steps (100%) done
Complete log: .snakemake/log/2024-02-09T153203.237874.snakemake.log
