Building DAG of jobs...
Using shell: /usr/bin/bash
Provided cores: 50
Rules claiming more threads will be scaled down.
Job stats:
job                    count
-------------------  -------
dorado_alig                1
samtools_index             1
samtools_sort              1
snv_clair3                 1
snv_clair3_vep             1
snv_deepvariant            1
snv_deepvariant_vep        1
snv_longshot               1
snv_longshot_vep           1
snv_nanocaller             1
snv_nanocaller_vep         1
sv_cutesv                  1
sv_cutesv_annotsv          1
sv_gasoline_annotsv        1
sv_germ_gasoline           1
sv_sniffles                1
sv_sniffles_annotsv        1
sv_svim                    1
sv_svim_annotsv            1
total                     19

Select jobs to execute...
Execute 1 jobs...

[Mon May 13 09:58:47 2024]
localrule dorado_alig:
    input: /data2/mbaragli/HG002/nanopore_r10/20230424_1302_3H_PAO89685_2264ba8c/pod5_pass
    output: /data2/mbaragli/python_app/app_python/work_dir/testrun_HG002/mapped_reads/testrun_HG002.bam
    jobid: 3
    reason: Missing output files: /data2/mbaragli/python_app/app_python/work_dir/testrun_HG002/mapped_reads/testrun_HG002.bam
    wildcards: sample=testrun_HG002
    resources: tmpdir=/tmp

/data1/Tools/lib/dorado-0.5.0-linux-x64/bin/dorado basecaller /data2/mbaragli/dorado_models/dna_r10.4.1_e8.2_400bps_sup@v4.2.0 /data2/mbaragli/HG002/nanopore_r10/20230424_1302_3H_PAO89685_2264ba8c/pod5_pass --device cuda:all   --reference /data2/utility/references/genomics/Homo_sapiens_assembly38.fasta > /data2/mbaragli/python_app/app_python/work_dir/testrun_HG002/mapped_reads/testrun_HG002.bam
[Tue May 14 17:52:33 2024]
Finished job 3.
1 of 19 steps (5%) done
Select jobs to execute...
Execute 1 jobs...

[Tue May 14 17:52:33 2024]
localrule samtools_sort:
    input: /data2/mbaragli/python_app/app_python/work_dir/testrun_HG002/mapped_reads/testrun_HG002.bam
    output: /data2/mbaragli/python_app/app_python/work_dir/testrun_HG002/sorted_reads/testrun_HG002_sorted.bam
    jobid: 2
    reason: Missing output files: /data2/mbaragli/python_app/app_python/work_dir/testrun_HG002/sorted_reads/testrun_HG002_sorted.bam; Input files updated by another job: /data2/mbaragli/python_app/app_python/work_dir/testrun_HG002/mapped_reads/testrun_HG002.bam
    wildcards: sample=testrun_HG002
    threads: 50
    resources: tmpdir=/tmp

samtools sort -@ 50  -O bam /data2/mbaragli/python_app/app_python/work_dir/testrun_HG002/mapped_reads/testrun_HG002.bam > /data2/mbaragli/python_app/app_python/work_dir/testrun_HG002/sorted_reads/testrun_HG002_sorted.bam
[Tue May 14 18:16:46 2024]
Finished job 2.
2 of 19 steps (11%) done
Select jobs to execute...
Execute 1 jobs...

[Tue May 14 18:16:46 2024]
localrule samtools_index:
    input: /data2/mbaragli/python_app/app_python/work_dir/testrun_HG002/sorted_reads/testrun_HG002_sorted.bam
    output: /data2/mbaragli/python_app/app_python/work_dir/testrun_HG002/sorted_reads/testrun_HG002_sorted.bam.bai
    jobid: 4
    reason: Missing output files: /data2/mbaragli/python_app/app_python/work_dir/testrun_HG002/sorted_reads/testrun_HG002_sorted.bam.bai; Input files updated by another job: /data2/mbaragli/python_app/app_python/work_dir/testrun_HG002/sorted_reads/testrun_HG002_sorted.bam
    wildcards: sample=testrun_HG002
    threads: 50
    resources: tmpdir=/tmp

samtools index -@ 50  /data2/mbaragli/python_app/app_python/work_dir/testrun_HG002/sorted_reads/testrun_HG002_sorted.bam
[Tue May 14 18:19:07 2024]
Finished job 4.
3 of 19 steps (16%) done
Select jobs to execute...
Execute 8 jobs...

[Tue May 14 18:19:07 2024]
localrule sv_cutesv:
    input: /data2/utility/references/genomics/Homo_sapiens_assembly38.fasta, /data2/mbaragli/python_app/app_python/work_dir/testrun_HG002/sorted_reads/testrun_HG002_sorted.bam, /data2/mbaragli/python_app/app_python/work_dir/testrun_HG002/sorted_reads/testrun_HG002_sorted.bam.bai, /data2/mbaragli/python_app/app_python/work_dir/testrun_HG002
    output: /data2/mbaragli/python_app/app_python/work_dir/testrun_HG002/sv/testrun_HG002_cutesv.vcf
    jobid: 10
    reason: Missing output files: /data2/mbaragli/python_app/app_python/work_dir/testrun_HG002/sv/testrun_HG002_cutesv.vcf; Input files updated by another job: /data2/mbaragli/python_app/app_python/work_dir/testrun_HG002/sorted_reads/testrun_HG002_sorted.bam.bai, /data2/mbaragli/python_app/app_python/work_dir/testrun_HG002/sorted_reads/testrun_HG002_sorted.bam
    wildcards: sample=testrun_HG002
    threads: 8
    resources: tmpdir=/tmp

cuteSV -t 8        /data2/mbaragli/python_app/app_python/work_dir/testrun_HG002/sorted_reads/testrun_HG002_sorted.bam /data2/utility/references/genomics/Homo_sapiens_assembly38.fasta /data2/mbaragli/python_app/app_python/work_dir/testrun_HG002/sv/testrun_HG002_cutesv.vcf /data2/mbaragli/python_app/app_python/work_dir/testrun_HG002
Activating conda environment: svim_cutesv

[Tue May 14 18:19:07 2024]
localrule snv_deepvariant:
    input: /data2/utility/references/genomics/Homo_sapiens_assembly38.fasta, /data2/mbaragli/python_app/app_python/work_dir/testrun_HG002/sorted_reads/testrun_HG002_sorted.bam, /data2/utility/references/genomics
    output: /data2/mbaragli/python_app/app_python/work_dir/testrun_HG002/snv/testrun_HG002_deepvariant
    jobid: 12
    reason: Missing output files: /data2/mbaragli/python_app/app_python/work_dir/testrun_HG002/snv/testrun_HG002_deepvariant; Input files updated by another job: /data2/mbaragli/python_app/app_python/work_dir/testrun_HG002/sorted_reads/testrun_HG002_sorted.bam
    wildcards: sample=testrun_HG002
    threads: 8
    resources: tmpdir=/tmp

RuleException in rule snv_deepvariant in file /data2/mbaragli/python_app/app_python/Snakefile, line 260:
AttributeError: 'InputFiles' object has no attribute 'bam_fold', when formatting the following:

        docker run         -v "{input.bam_fold}":"{params.bam_fold}"         -v "{output}":"{output}"         -v "{input.fa_fold}":"{input.fa_fold}"         kishwars/pepper_deepvariant:r0.8         run_pepper_margin_deepvariant call_variant         -b "{input.bam}"         -f "{input.fa}"         -o "{output}"         -t "{threads}"         {params.par1} {params.par2} {params.par3} {params.par4} {params.par5} {params.par6} {params.par7} {params.par8} {params.par9} {params.par10} {params.adv}         --ont_r10_q20
        
