Building DAG of jobs...
Retrieving input from storage.
Using shell: /usr/bin/bash
Provided cores: 30
Rules claiming more threads will be scaled down.
Job stats:
job               count
--------------  -------
snv_clair3            1
snv_longshot          1
snv_nanocaller        1
sv_cutesv             1
sv_sniffles           1
sv_svim               1
total                 6

Select jobs to execute...
Execute 6 jobs...

[Tue Feb 20 10:15:53 2024]
localrule sv_cutesv:
    input: /data2/utility/references/genomics/hs37d5.decoy.fa, /data2/mbaragli/Meyer/alignment/Meyer_04072023_opnfast5_merged_sorted.bam, /data2/mbaragli/Meyer/alignment/Meyer_04072023_opnfast5_merged_sorted.bam.bai, /data2/mbaragli/python_app/app_python/work_dir/no_del_20022024
    output: /data2/mbaragli/python_app/app_python/work_dir/no_del_20022024/sv/no_del_20022024_cutesv.vcf
    jobid: 5
    reason: Missing output files: /data2/mbaragli/python_app/app_python/work_dir/no_del_20022024/sv/no_del_20022024_cutesv.vcf
    wildcards: sample=no_del_20022024
    resources: tmpdir=/tmp

Activating conda environment: svim_cutesv

[Tue Feb 20 10:15:54 2024]
localrule snv_nanocaller:
    input: /data2/utility/references/genomics/hs37d5.decoy.fa, /data2/mbaragli/Meyer/alignment/Meyer_04072023_opnfast5_merged_sorted.bam, /data2/mbaragli/Meyer/alignment/Meyer_04072023_opnfast5_merged_sorted.bam.bai
    output: /data2/mbaragli/python_app/app_python/work_dir/no_del_20022024/snv/no_del_20022024_nanocaller
    jobid: 1
    reason: Missing output files: /data2/mbaragli/python_app/app_python/work_dir/no_del_20022024/snv/no_del_20022024_nanocaller
    wildcards: sample=no_del_20022024
    resources: tmpdir=/tmp

Activating conda environment: nano_clair3

[Tue Feb 20 10:15:54 2024]
localrule snv_longshot:
    input: /data2/utility/references/genomics/hs37d5.decoy.fa, /data2/mbaragli/Meyer/alignment/Meyer_04072023_opnfast5_merged_sorted.bam, /data2/mbaragli/Meyer/alignment/Meyer_04072023_opnfast5_merged_sorted.bam.bai
    output: /data2/mbaragli/python_app/app_python/work_dir/no_del_20022024/snv/no_del_20022024_longshot.vcf
    jobid: 0
    reason: Missing output files: /data2/mbaragli/python_app/app_python/work_dir/no_del_20022024/snv/no_del_20022024_longshot.vcf
    wildcards: sample=no_del_20022024
    resources: tmpdir=/tmp

Activating conda environment: longshot2

[Tue Feb 20 10:15:54 2024]
localrule sv_sniffles:
    input: /data2/utility/references/genomics/hs37d5.decoy.fa, /data2/mbaragli/Meyer/alignment/Meyer_04072023_opnfast5_merged_sorted.bam, /data2/mbaragli/Meyer/alignment/Meyer_04072023_opnfast5_merged_sorted.bam.bai
    output: /data2/mbaragli/python_app/app_python/work_dir/no_del_20022024/sv/no_del_20022024_sniffles.vcf
    jobid: 4
    reason: Missing output files: /data2/mbaragli/python_app/app_python/work_dir/no_del_20022024/sv/no_del_20022024_sniffles.vcf
    wildcards: sample=no_del_20022024
    resources: tmpdir=/tmp

Activating conda environment: sniffles2

[Tue Feb 20 10:15:54 2024]
localrule sv_svim:
    input: /data2/utility/references/genomics/hs37d5.decoy.fa, /data2/mbaragli/Meyer/alignment/Meyer_04072023_opnfast5_merged_sorted.bam, /data2/mbaragli/Meyer/alignment/Meyer_04072023_opnfast5_merged_sorted.bam.bai
    output: /data2/mbaragli/python_app/app_python/work_dir/no_del_20022024/sv/no_del_20022024_svim
    jobid: 3
    reason: Missing output files: /data2/mbaragli/python_app/app_python/work_dir/no_del_20022024/sv/no_del_20022024_svim
    wildcards: sample=no_del_20022024
    resources: tmpdir=/tmp

Activating conda environment: svim_cutesv

[Tue Feb 20 10:15:54 2024]
localrule snv_clair3:
    input: /data2/utility/references/genomics/hs37d5.decoy.fa, /data2/mbaragli/Meyer/alignment/Meyer_04072023_opnfast5_merged_sorted.bam, /data2/mbaragli/Meyer/alignment/Meyer_04072023_opnfast5_merged_sorted.bam.bai
    output: /data2/mbaragli/python_app/app_python/work_dir/no_del_20022024/snv/no_del_20022024_clair3
    jobid: 2
    reason: Missing output files: /data2/mbaragli/python_app/app_python/work_dir/no_del_20022024/snv/no_del_20022024_clair3
    wildcards: sample=no_del_20022024
    resources: tmpdir=/tmp

Activating conda environment: nano_clair3
[Tue Feb 20 10:16:02 2024]
Finished job 3.
1 of 6 steps (17%) done
[Tue Feb 20 10:16:08 2024]
Finished job 4.
2 of 6 steps (33%) done
[Tue Feb 20 10:16:27 2024]
Finished job 0.
3 of 6 steps (50%) done
[Tue Feb 20 10:32:51 2024]
Finished job 2.
4 of 6 steps (67%) done
[Tue Feb 20 10:36:29 2024]
Finished job 5.
5 of 6 steps (83%) done
[Tue Feb 20 11:53:30 2024]
Finished job 1.
6 of 6 steps (100%) done
Complete log: .snakemake/log/2024-02-20T101553.784086.snakemake.log
